#
# There is insufficient memory for the Java Runtime Environment to continue.
# Native memory allocation (mmap) failed to map 352321536 bytes. Error detail: G1 virtual space
# Possible reasons:
#   The system is out of physical RAM or swap space
#   This process is running with CompressedOops enabled, and the Java Heap may be blocking the growth of the native heap
# Possible solutions:
#   Reduce memory load on the system
#   Increase physical memory or swap space
#   Check if swap backing store is full
#   Decrease Java heap size (-Xmx/-Xms)
#   Decrease number of Java threads
#   Decrease Java thread stack sizes (-Xss)
#   Set larger code cache with -XX:ReservedCodeCacheSize=
#   JVM is running with Unscaled Compressed Oops mode in which the Java heap is
#     placed in the first 4GB address space. The Java Heap base address is the
#     maximum limit for the native heap growth. Please use -XX:HeapBaseMinAddress
#     to set the Java Heap base and to place the Java Heap above 4GB virtual address.
# This output file may be truncated or incomplete.
#
#  Out of Memory Error (os_windows.cpp:3825), pid=22076, tid=4564
#
# JRE version: OpenJDK Runtime Environment (17.0.11) (build 17.0.11+0--11852314)
# Java VM: OpenJDK 64-Bit Server VM (17.0.11+0--11852314, mixed mode, tiered, compressed oops, compressed class ptrs, g1 gc, windows-amd64)
# No core dump will be written. Minidumps are not enabled by default on client versions of Windows
#

---------------  S U M M A R Y ------------

Command Line: --add-opens=java.base/java.util=ALL-UNNAMED --add-opens=java.base/java.lang=ALL-UNNAMED --add-opens=java.base/java.lang.invoke=ALL-UNNAMED --add-opens=java.prefs/java.util.prefs=ALL-UNNAMED --add-exports=jdk.compiler/com.sun.tools.javac.api=ALL-UNNAMED --add-exports=jdk.compiler/com.sun.tools.javac.util=ALL-UNNAMED --add-opens=java.base/java.nio.charset=ALL-UNNAMED --add-opens=java.base/java.net=ALL-UNNAMED --add-opens=java.base/java.util.concurrent.atomic=ALL-UNNAMED -Xmx2048m -Dfile.encoding=UTF-8 -Duser.country=IN -Duser.language=en -Duser.variant -javaagent:C:\Users\Innovaneers Tech\.gradle\wrapper\dists\gradle-8.9-bin\90cnw93cvbtalezasaz0blq0a\gradle-8.9\lib\agents\gradle-instrumentation-agent-8.9.jar org.gradle.launcher.daemon.bootstrap.GradleDaemon 8.9

Host: Intel(R) Core(TM) i5-10400F CPU @ 2.90GHz, 12 cores, 15G,  Windows 10 , 64 bit Build 19041 (10.0.19041.4597)
Time: Wed Jul 24 17:03:16 2024 India Standard Time elapsed time: 5.820874 seconds (0d 0h 0m 5s)

---------------  T H R E A D  ---------------

Current thread (0x00000210f51673f0):  VMThread "VM Thread" [stack: 0x000000cfd0000000,0x000000cfd0100000] [id=4564]

Stack: [0x000000cfd0000000,0x000000cfd0100000]
Native frames: (J=compiled Java code, j=interpreted, Vv=VM code, C=native code)
V  [jvm.dll+0x687bb9]
V  [jvm.dll+0x84142a]
V  [jvm.dll+0x8430ae]
V  [jvm.dll+0x843713]
V  [jvm.dll+0x24a35f]
V  [jvm.dll+0x684989]
V  [jvm.dll+0x67923a]
V  [jvm.dll+0x30af0b]
V  [jvm.dll+0x3123b6]
V  [jvm.dll+0x361dfe]
V  [jvm.dll+0x36202f]
V  [jvm.dll+0x2e0d38]
V  [jvm.dll+0x2df144]
V  [jvm.dll+0x2de74c]
V  [jvm.dll+0x32305b]
V  [jvm.dll+0x847e0b]
V  [jvm.dll+0x848b42]
V  [jvm.dll+0x84905d]
V  [jvm.dll+0x849434]
V  [jvm.dll+0x849500]
V  [jvm.dll+0x7efa4a]
V  [jvm.dll+0x686a35]
C  [ucrtbase.dll+0x21bb2]
C  [KERNEL32.DLL+0x17374]
C  [ntdll.dll+0x4cc91]

VM_Operation (0x000000cfd51fa880): G1CollectForAllocation, mode: safepoint, requested by thread 0x00000210ff7157b0


---------------  P R O C E S S  ---------------

Threads class SMR info:
_java_thread_list=0x00000210ff5e10d0, length=71, elements={
0x00000210daeb1b70, 0x00000210f52f6040, 0x00000210f52f7080, 0x00000210f533c4d0,
0x00000210f533dac0, 0x00000210f533ffb0, 0x00000210f5340490, 0x00000210f5345500,
0x00000210f5348280, 0x00000210f534e860, 0x00000210f53db880, 0x00000210f554ecf0,
0x00000210f56a87e0, 0x00000210f55d6c40, 0x00000210fb1cae50, 0x00000210fa305d70,
0x00000210fafb0560, 0x00000210f5e1a500, 0x00000210fa24d3e0, 0x00000210fa4eda80,
0x00000210fa4ed570, 0x00000210fa4f0300, 0x00000210fa4ef3d0, 0x00000210fa4ef8e0,
0x00000210fa4eeec0, 0x00000210fa4edf90, 0x00000210fa4ee4a0, 0x00000210fa4ee9b0,
0x00000210fa4f0810, 0x00000210fa4efdf0, 0x00000210fa4ed060, 0x00000210fe7226f0,
0x00000210fe722c00, 0x00000210fe723110, 0x00000210fe723620, 0x00000210fe7268c0,
0x00000210fe723b30, 0x00000210fe724040, 0x00000210fe720380, 0x00000210fe724550,
0x00000210fe7212b0, 0x00000210fe7221e0, 0x00000210fe724a60, 0x00000210fe720da0,
0x00000210fe7263b0, 0x00000210fe724f70, 0x00000210fe7217c0, 0x00000210fe725480,
0x00000210fe71f450, 0x00000210fe725990, 0x00000210fe725ea0, 0x00000210fe726dd0,
0x00000210fe71f960, 0x00000210ff712510, 0x00000210ff718540, 0x00000210ff715cc0,
0x00000210ff716bf0, 0x00000210ff713950, 0x00000210ff714880, 0x00000210ff713e60,
0x00000210ff7166e0, 0x00000210ff712f30, 0x00000210ff7152a0, 0x00000210ff718030,
0x00000210ff712a20, 0x00000210ff713440, 0x00000210ff717610, 0x00000210ff714d90,
0x00000210ff7157b0, 0x00000210ff7161d0, 0x00000210ff718a50
}

Java Threads: ( => current thread )
  0x00000210daeb1b70 JavaThread "main" [_thread_blocked, id=21856, stack(0x000000cfcfa00000,0x000000cfcfb00000)]
  0x00000210f52f6040 JavaThread "Reference Handler" daemon [_thread_blocked, id=18300, stack(0x000000cfd0100000,0x000000cfd0200000)]
  0x00000210f52f7080 JavaThread "Finalizer" daemon [_thread_blocked, id=2848, stack(0x000000cfd0200000,0x000000cfd0300000)]
  0x00000210f533c4d0 JavaThread "Signal Dispatcher" daemon [_thread_blocked, id=22456, stack(0x000000cfd0300000,0x000000cfd0400000)]
  0x00000210f533dac0 JavaThread "Attach Listener" daemon [_thread_blocked, id=20952, stack(0x000000cfd0400000,0x000000cfd0500000)]
  0x00000210f533ffb0 JavaThread "Service Thread" daemon [_thread_blocked, id=21908, stack(0x000000cfd0500000,0x000000cfd0600000)]
  0x00000210f5340490 JavaThread "Monitor Deflation Thread" daemon [_thread_blocked, id=15516, stack(0x000000cfd0600000,0x000000cfd0700000)]
  0x00000210f5345500 JavaThread "C2 CompilerThread0" daemon [_thread_in_native, id=8808, stack(0x000000cfd0700000,0x000000cfd0800000)]
  0x00000210f5348280 JavaThread "C1 CompilerThread0" daemon [_thread_blocked, id=21696, stack(0x000000cfd0800000,0x000000cfd0900000)]
  0x00000210f534e860 JavaThread "Sweeper thread" daemon [_thread_blocked, id=22004, stack(0x000000cfd0900000,0x000000cfd0a00000)]
  0x00000210f53db880 JavaThread "Common-Cleaner" daemon [_thread_blocked, id=21520, stack(0x000000cfd0a00000,0x000000cfd0b00000)]
  0x00000210f554ecf0 JavaThread "Notification Thread" daemon [_thread_blocked, id=17388, stack(0x000000cfd0b00000,0x000000cfd0c00000)]
  0x00000210f56a87e0 JavaThread "C2 CompilerThread1" daemon [_thread_in_native, id=1488, stack(0x000000cfd0d00000,0x000000cfd0e00000)]
  0x00000210f55d6c40 JavaThread "C2 CompilerThread2" daemon [_thread_in_native, id=21920, stack(0x000000cfd0e00000,0x000000cfd0f00000)]
  0x00000210fb1cae50 JavaThread "Daemon health stats" [_thread_blocked, id=17760, stack(0x000000cfd1400000,0x000000cfd1500000)]
  0x00000210fa305d70 JavaThread "Incoming local TCP Connector on port 58427" [_thread_in_native, id=22016, stack(0x000000cfd1500000,0x000000cfd1600000)]
  0x00000210fafb0560 JavaThread "Daemon periodic checks" [_thread_blocked, id=13976, stack(0x000000cfd1600000,0x000000cfd1700000)]
  0x00000210f5e1a500 JavaThread "Daemon" [_thread_blocked, id=22032, stack(0x000000cfd1700000,0x000000cfd1800000)]
  0x00000210fa24d3e0 JavaThread "Handler for socket connection from /127.0.0.1:58427 to /127.0.0.1:58428" [_thread_in_native, id=16816, stack(0x000000cfd1800000,0x000000cfd1900000)]
  0x00000210fa4eda80 JavaThread "Cancel handler" [_thread_blocked, id=22048, stack(0x000000cfd1900000,0x000000cfd1a00000)]
  0x00000210fa4ed570 JavaThread "Daemon worker" [_thread_blocked, id=15844, stack(0x000000cfd1a00000,0x000000cfd1b00000)]
  0x00000210fa4f0300 JavaThread "Asynchronous log dispatcher for DefaultDaemonConnection: socket connection from /127.0.0.1:58427 to /127.0.0.1:58428" [_thread_blocked, id=5512, stack(0x000000cfd1b00000,0x000000cfd1c00000)]
  0x00000210fa4ef3d0 JavaThread "Stdin handler" [_thread_blocked, id=4584, stack(0x000000cfd1c00000,0x000000cfd1d00000)]
  0x00000210fa4ef8e0 JavaThread "Daemon client event forwarder" [_thread_blocked, id=21200, stack(0x000000cfd1d00000,0x000000cfd1e00000)]
  0x00000210fa4eeec0 JavaThread "Cache worker for journal cache (C:\Users\Innovaneers Tech\.gradle\caches\journal-1)" [_thread_blocked, id=22468, stack(0x000000cfd2400000,0x000000cfd2500000)]
  0x00000210fa4edf90 JavaThread "File lock request listener" [_thread_in_native, id=22080, stack(0x000000cfd2500000,0x000000cfd2600000)]
  0x00000210fa4ee4a0 JavaThread "Cache worker for file hash cache (C:\Users\Innovaneers Tech\.gradle\caches\8.9\fileHashes)" [_thread_blocked, id=21588, stack(0x000000cfd2600000,0x000000cfd2700000)]
  0x00000210fa4ee9b0 JavaThread "Cache worker for file hash cache (D:\Gallus\.gradle\8.9\fileHashes)" [_thread_blocked, id=17920, stack(0x000000cfd2700000,0x000000cfd2800000)]
  0x00000210fa4f0810 JavaThread "Cache worker for Build Output Cleanup Cache (D:\Gallus\.gradle\buildOutputCleanup)" [_thread_blocked, id=21700, stack(0x000000cfd2800000,0x000000cfd2900000)]
  0x00000210fa4efdf0 JavaThread "File watcher server" daemon [_thread_blocked, id=20644, stack(0x000000cfd2900000,0x000000cfd2a00000)]
  0x00000210fa4ed060 JavaThread "File watcher consumer" daemon [_thread_blocked, id=19064, stack(0x000000cfd2a00000,0x000000cfd2b00000)]
  0x00000210fe7226f0 JavaThread "Cache worker for checksums cache (D:\Gallus\.gradle\8.9\checksums)" [_thread_blocked, id=21572, stack(0x000000cfd2b00000,0x000000cfd2c00000)]
  0x00000210fe722c00 JavaThread "Cache worker for file content cache (C:\Users\Innovaneers Tech\.gradle\caches\8.9\fileContent)" [_thread_blocked, id=20100, stack(0x000000cfd2c00000,0x000000cfd2d00000)]
  0x00000210fe723110 JavaThread "Cache worker for cache directory md-rule (C:\Users\Innovaneers Tech\.gradle\caches\8.9\md-rule)" [_thread_blocked, id=21728, stack(0x000000cfd2d00000,0x000000cfd2e00000)]
  0x00000210fe723620 JavaThread "Cache worker for cache directory md-supplier (C:\Users\Innovaneers Tech\.gradle\caches\8.9\md-supplier)" [_thread_blocked, id=22368, stack(0x000000cfd2f00000,0x000000cfd3000000)]
  0x00000210fe7268c0 JavaThread "jar transforms" [_thread_blocked, id=19444, stack(0x000000cfd3000000,0x000000cfd3100000)]
  0x00000210fe723b30 JavaThread "jar transforms Thread 2" [_thread_blocked, id=3956, stack(0x000000cfd3100000,0x000000cfd3200000)]
  0x00000210fe724040 JavaThread "jar transforms Thread 3" [_thread_blocked, id=20980, stack(0x000000cfd3200000,0x000000cfd3300000)]
  0x00000210fe720380 JavaThread "Unconstrained build operations" [_thread_blocked, id=19092, stack(0x000000cfd3300000,0x000000cfd3400000)]
  0x00000210fe724550 JavaThread "Unconstrained build operations Thread 2" [_thread_blocked, id=3832, stack(0x000000cfd3400000,0x000000cfd3500000)]
  0x00000210fe7212b0 JavaThread "Unconstrained build operations Thread 3" [_thread_blocked, id=17412, stack(0x000000cfd3500000,0x000000cfd3600000)]
  0x00000210fe7221e0 JavaThread "Unconstrained build operations Thread 4" [_thread_blocked, id=21656, stack(0x000000cfd3600000,0x000000cfd3700000)]
  0x00000210fe724a60 JavaThread "Unconstrained build operations Thread 5" [_thread_blocked, id=4100, stack(0x000000cfd3700000,0x000000cfd3800000)]
  0x00000210fe720da0 JavaThread "Unconstrained build operations Thread 6" [_thread_blocked, id=19364, stack(0x000000cfd3800000,0x000000cfd3900000)]
  0x00000210fe7263b0 JavaThread "Unconstrained build operations Thread 7" [_thread_blocked, id=21724, stack(0x000000cfd3900000,0x000000cfd3a00000)]
  0x00000210fe724f70 JavaThread "Unconstrained build operations Thread 8" [_thread_blocked, id=19672, stack(0x000000cfd3a00000,0x000000cfd3b00000)]
  0x00000210fe7217c0 JavaThread "Unconstrained build operations Thread 9" [_thread_blocked, id=22308, stack(0x000000cfd3b00000,0x000000cfd3c00000)]
  0x00000210fe725480 JavaThread "Unconstrained build operations Thread 10" [_thread_blocked, id=15760, stack(0x000000cfd3c00000,0x000000cfd3d00000)]
  0x00000210fe71f450 JavaThread "Unconstrained build operations Thread 11" [_thread_blocked, id=22408, stack(0x000000cfd3d00000,0x000000cfd3e00000)]
  0x00000210fe725990 JavaThread "Unconstrained build operations Thread 12" [_thread_blocked, id=21876, stack(0x000000cfd3e00000,0x000000cfd3f00000)]
  0x00000210fe725ea0 JavaThread "Unconstrained build operations Thread 13" [_thread_blocked, id=15648, stack(0x000000cfd3f00000,0x000000cfd4000000)]
  0x00000210fe726dd0 JavaThread "Unconstrained build operations Thread 14" [_thread_blocked, id=20828, stack(0x000000cfd4000000,0x000000cfd4100000)]
  0x00000210fe71f960 JavaThread "Unconstrained build operations Thread 15" [_thread_blocked, id=8040, stack(0x000000cfd4100000,0x000000cfd4200000)]
  0x00000210ff712510 JavaThread "Unconstrained build operations Thread 16" [_thread_blocked, id=20908, stack(0x000000cfd4200000,0x000000cfd4300000)]
  0x00000210ff718540 JavaThread "Unconstrained build operations Thread 17" [_thread_blocked, id=15964, stack(0x000000cfd4300000,0x000000cfd4400000)]
  0x00000210ff715cc0 JavaThread "Unconstrained build operations Thread 18" [_thread_blocked, id=22208, stack(0x000000cfd4400000,0x000000cfd4500000)]
  0x00000210ff716bf0 JavaThread "Unconstrained build operations Thread 19" [_thread_blocked, id=18792, stack(0x000000cfd4500000,0x000000cfd4600000)]
  0x00000210ff713950 JavaThread "Unconstrained build operations Thread 20" [_thread_blocked, id=6052, stack(0x000000cfd4600000,0x000000cfd4700000)]
  0x00000210ff714880 JavaThread "Unconstrained build operations Thread 21" [_thread_blocked, id=3332, stack(0x000000cfd4700000,0x000000cfd4800000)]
  0x00000210ff713e60 JavaThread "Unconstrained build operations Thread 22" [_thread_blocked, id=11368, stack(0x000000cfd4800000,0x000000cfd4900000)]
  0x00000210ff7166e0 JavaThread "Unconstrained build operations Thread 23" [_thread_blocked, id=9088, stack(0x000000cfd4900000,0x000000cfd4a00000)]
  0x00000210ff712f30 JavaThread "Unconstrained build operations Thread 24" [_thread_blocked, id=12788, stack(0x000000cfd4a00000,0x000000cfd4b00000)]
  0x00000210ff7152a0 JavaThread "Unconstrained build operations Thread 25" [_thread_blocked, id=18600, stack(0x000000cfd4b00000,0x000000cfd4c00000)]
  0x00000210ff718030 JavaThread "Unconstrained build operations Thread 26" [_thread_blocked, id=21836, stack(0x000000cfd4c00000,0x000000cfd4d00000)]
  0x00000210ff712a20 JavaThread "Unconstrained build operations Thread 27" [_thread_blocked, id=21808, stack(0x000000cfd4d00000,0x000000cfd4e00000)]
  0x00000210ff713440 JavaThread "Unconstrained build operations Thread 28" [_thread_blocked, id=21600, stack(0x000000cfd4e00000,0x000000cfd4f00000)]
  0x00000210ff717610 JavaThread "Unconstrained build operations Thread 29" [_thread_blocked, id=7048, stack(0x000000cfd4f00000,0x000000cfd5000000)]
  0x00000210ff714d90 JavaThread "Unconstrained build operations Thread 30" [_thread_blocked, id=21396, stack(0x000000cfd5000000,0x000000cfd5100000)]
  0x00000210ff7157b0 JavaThread "Unconstrained build operations Thread 31" [_thread_blocked, id=21892, stack(0x000000cfd5100000,0x000000cfd5200000)]
  0x00000210ff7161d0 JavaThread "Unconstrained build operations Thread 32" [_thread_blocked, id=19344, stack(0x000000cfd5200000,0x000000cfd5300000)]
  0x00000210ff718a50 JavaThread "Unconstrained build operations Thread 33" [_thread_blocked, id=19812, stack(0x000000cfd5300000,0x000000cfd5400000)]

Other Threads:
=>0x00000210f51673f0 VMThread "VM Thread" [stack: 0x000000cfd0000000,0x000000cfd0100000] [id=4564]
  0x00000210daeb2a40 WatcherThread [stack: 0x000000cfd0c00000,0x000000cfd0d00000] [id=3760]
  0x00000210daf0cd20 GCTaskThread "GC Thread#0" [stack: 0x000000cfcfb00000,0x000000cfcfc00000] [id=16852]
  0x00000210fa377ca0 GCTaskThread "GC Thread#1" [stack: 0x000000cfd0f00000,0x000000cfd1000000] [id=22068]
  0x00000210f5cfee40 GCTaskThread "GC Thread#2" [stack: 0x000000cfd1000000,0x000000cfd1100000] [id=20904]
  0x00000210f5b75000 GCTaskThread "GC Thread#3" [stack: 0x000000cfd1100000,0x000000cfd1200000] [id=18832]
  0x00000210fa15cbc0 GCTaskThread "GC Thread#4" [stack: 0x000000cfd1200000,0x000000cfd1300000] [id=22020]
  0x00000210fa15ce80 GCTaskThread "GC Thread#5" [stack: 0x000000cfd1300000,0x000000cfd1400000] [id=16168]
  0x00000210f5a57250 GCTaskThread "GC Thread#6" [stack: 0x000000cfd1e00000,0x000000cfd1f00000] [id=7192]
  0x00000210fb692ff0 GCTaskThread "GC Thread#7" [stack: 0x000000cfd1f00000,0x000000cfd2000000] [id=3172]
  0x00000210f5e1a9e0 GCTaskThread "GC Thread#8" [stack: 0x000000cfd2000000,0x000000cfd2100000] [id=13820]
  0x00000210fb2e6e40 GCTaskThread "GC Thread#9" [stack: 0x000000cfd2100000,0x000000cfd2200000] [id=16428]
  0x00000210daf1db80 ConcurrentGCThread "G1 Main Marker" [stack: 0x000000cfcfc00000,0x000000cfcfd00000] [id=2112]
  0x00000210daf1f4c0 ConcurrentGCThread "G1 Conc#0" [stack: 0x000000cfcfd00000,0x000000cfcfe00000] [id=17780]
  0x00000210fb2e7100 ConcurrentGCThread "G1 Conc#1" [stack: 0x000000cfd2200000,0x000000cfd2300000] [id=14992]
  0x00000210fb2e6b80 ConcurrentGCThread "G1 Conc#2" [stack: 0x000000cfd2300000,0x000000cfd2400000] [id=7884]
  0x00000210daf6ea60 ConcurrentGCThread "G1 Refine#0" [stack: 0x000000cfcfe00000,0x000000cfcff00000] [id=20500]
  0x00000210fe637990 ConcurrentGCThread "G1 Refine#1" [stack: 0x000000cfd2e00000,0x000000cfd2f00000] [id=14088]
  0x00000210f50161a0 ConcurrentGCThread "G1 Service" [stack: 0x000000cfcff00000,0x000000cfd0000000] [id=14532]

Threads with active compile tasks:
C2 CompilerThread0     5832 7432       4       org.objectweb.asm.ClassReader::readCode (5117 bytes)
C2 CompilerThread1     5832 8500       4       org.objectweb.asm.MethodWriter::putMethodInfo (1274 bytes)
C2 CompilerThread2     5832 8803       4       org.objectweb.asm.ClassReader::readMethod (1070 bytes)

VM state: at safepoint (normal execution)

VM Mutex/Monitor currently owned by a thread:  ([mutex/lock_event])
[0x00000210daead850] Threads_lock - owner thread: 0x00000210f51673f0
[0x00000210daeadf10] Heap_lock - owner thread: 0x00000210ff7157b0

Heap address: 0x0000000080000000, size: 2048 MB, Compressed Oops mode: 32-bit

CDS archive(s) not mapped
Compressed class space mapped at: 0x0000000100000000-0x0000000140000000, reserved size: 1073741824
Narrow klass base: 0x0000000000000000, Narrow klass shift: 3, Narrow klass range: 0x140000000

GC Precious Log:
 CPUs: 12 total, 12 available
 Memory: 16251M
 Large Page Support: Disabled
 NUMA Support: Disabled
 Compressed Oops: Enabled (32-bit)
 Heap Region Size: 1M
 Heap Min Capacity: 8M
 Heap Initial Capacity: 254M
 Heap Max Capacity: 2G
 Pre-touch: Disabled
 Parallel Workers: 10
 Concurrent Workers: 3
 Concurrent Refinement Workers: 10
 Periodic GC: Disabled

Heap:
 garbage-first heap   total 301056K, used 76721K [0x0000000080000000, 0x0000000100000000)
  region size 1024K, 8 young (8192K), 8 survivors (8192K)
 Metaspace       used 62096K, committed 62592K, reserved 1114112K
  class space    used 8492K, committed 8704K, reserved 1048576K

Heap Regions: E=young(eden), S=young(survivor), O=old, HS=humongous(starts), HC=humongous(continues), CS=collection set, F=free, OA=open archive, CA=closed archive, TAMS=top-at-mark-start (previous, next)
|   0|0x0000000080000000, 0x0000000080100000, 0x0000000080100000|100%|HS|  |TAMS 0x0000000080100000, 0x0000000080000000| Complete 
|   1|0x0000000080100000, 0x0000000080200000, 0x0000000080200000|100%|HC|  |TAMS 0x0000000080200000, 0x0000000080100000| Complete 
|   2|0x0000000080200000, 0x0000000080300000, 0x0000000080300000|100%|HC|  |TAMS 0x0000000080300000, 0x0000000080200000| Complete 
|   3|0x0000000080300000, 0x0000000080400000, 0x0000000080400000|100%|HC|  |TAMS 0x0000000080400000, 0x0000000080300000| Complete 
|   4|0x0000000080400000, 0x0000000080500000, 0x0000000080500000|100%| O|  |TAMS 0x0000000080500000, 0x0000000080400000| Untracked 
|   5|0x0000000080500000, 0x0000000080600000, 0x0000000080600000|100%| O|  |TAMS 0x0000000080600000, 0x0000000080500000| Untracked 
|   6|0x0000000080600000, 0x0000000080700000, 0x0000000080700000|100%| O|  |TAMS 0x0000000080700000, 0x0000000080600000| Untracked 
|   7|0x0000000080700000, 0x0000000080800000, 0x0000000080800000|100%| O|  |TAMS 0x0000000080800000, 0x0000000080700000| Untracked 
|   8|0x0000000080800000, 0x0000000080900000, 0x0000000080900000|100%| O|  |TAMS 0x0000000080900000, 0x0000000080800000| Untracked 
|   9|0x0000000080900000, 0x0000000080a00000, 0x0000000080a00000|100%| O|  |TAMS 0x0000000080a00000, 0x0000000080900000| Untracked 
|  10|0x0000000080a00000, 0x0000000080b00000, 0x0000000080b00000|100%|HS|  |TAMS 0x0000000080b00000, 0x0000000080a00000| Complete 
|  11|0x0000000080b00000, 0x0000000080c00000, 0x0000000080c00000|100%| O|  |TAMS 0x0000000080c00000, 0x0000000080b00000| Untracked 
|  12|0x0000000080c00000, 0x0000000080d00000, 0x0000000080d00000|100%|HS|  |TAMS 0x0000000080c00000, 0x0000000080c00000| Complete 
|  13|0x0000000080d00000, 0x0000000080e00000, 0x0000000080e00000|100%| O|  |TAMS 0x0000000080e00000, 0x0000000080d00000| Untracked 
|  14|0x0000000080e00000, 0x0000000080f00000, 0x0000000080f00000|100%| O|  |TAMS 0x0000000080f00000, 0x0000000080e00000| Untracked 
|  15|0x0000000080f00000, 0x0000000081000000, 0x0000000081000000|100%| O|  |TAMS 0x0000000081000000, 0x0000000080f00000| Untracked 
|  16|0x0000000081000000, 0x0000000081100000, 0x0000000081100000|100%| O|  |TAMS 0x0000000081100000, 0x0000000081000000| Untracked 
|  17|0x0000000081100000, 0x0000000081200000, 0x0000000081200000|100%| O|  |TAMS 0x0000000081200000, 0x0000000081100000| Untracked 
|  18|0x0000000081200000, 0x0000000081300000, 0x0000000081300000|100%| O|  |TAMS 0x0000000081300000, 0x0000000081200000| Untracked 
|  19|0x0000000081300000, 0x0000000081400000, 0x0000000081400000|100%| O|  |TAMS 0x0000000081400000, 0x0000000081300000| Untracked 
|  20|0x0000000081400000, 0x0000000081500000, 0x0000000081500000|100%| O|  |TAMS 0x0000000081500000, 0x0000000081400000| Untracked 
|  21|0x0000000081500000, 0x0000000081600000, 0x0000000081600000|100%| O|  |TAMS 0x0000000081600000, 0x0000000081500000| Untracked 
|  22|0x0000000081600000, 0x0000000081700000, 0x0000000081700000|100%| O|  |TAMS 0x0000000081700000, 0x0000000081600000| Untracked 
|  23|0x0000000081700000, 0x0000000081800000, 0x0000000081800000|100%| O|  |TAMS 0x0000000081800000, 0x0000000081700000| Untracked 
|  24|0x0000000081800000, 0x0000000081900000, 0x0000000081900000|100%| O|  |TAMS 0x0000000081900000, 0x0000000081800000| Untracked 
|  25|0x0000000081900000, 0x0000000081a00000, 0x0000000081a00000|100%| O|  |TAMS 0x0000000081a00000, 0x0000000081900000| Untracked 
|  26|0x0000000081a00000, 0x0000000081b00000, 0x0000000081b00000|100%| O|  |TAMS 0x0000000081b00000, 0x0000000081a00000| Untracked 
|  27|0x0000000081b00000, 0x0000000081c00000, 0x0000000081c00000|100%| O|  |TAMS 0x0000000081c00000, 0x0000000081b00000| Untracked 
|  28|0x0000000081c00000, 0x0000000081d00000, 0x0000000081d00000|100%| O|  |TAMS 0x0000000081d00000, 0x0000000081c00000| Untracked 
|  29|0x0000000081d00000, 0x0000000081e00000, 0x0000000081e00000|100%| O|  |TAMS 0x0000000081e00000, 0x0000000081d00000| Untracked 
|  30|0x0000000081e00000, 0x0000000081f00000, 0x0000000081f00000|100%| O|  |TAMS 0x0000000081f00000, 0x0000000081e00000| Untracked 
|  31|0x0000000081f00000, 0x0000000082000000, 0x0000000082000000|100%| O|  |TAMS 0x0000000082000000, 0x0000000081f00000| Untracked 
|  32|0x0000000082000000, 0x0000000082100000, 0x0000000082100000|100%| O|  |TAMS 0x0000000082100000, 0x0000000082000000| Untracked 
|  33|0x0000000082100000, 0x0000000082200000, 0x0000000082200000|100%| O|  |TAMS 0x0000000082200000, 0x0000000082100000| Untracked 
|  34|0x0000000082200000, 0x0000000082300000, 0x0000000082300000|100%| O|  |TAMS 0x0000000082300000, 0x0000000082200000| Untracked 
|  35|0x0000000082300000, 0x0000000082400000, 0x0000000082400000|100%| O|  |TAMS 0x0000000082400000, 0x0000000082300000| Untracked 
|  36|0x0000000082400000, 0x0000000082500000, 0x0000000082500000|100%| O|  |TAMS 0x0000000082500000, 0x0000000082400000| Untracked 
|  37|0x0000000082500000, 0x0000000082600000, 0x0000000082600000|100%| O|  |TAMS 0x0000000082600000, 0x0000000082500000| Untracked 
|  38|0x0000000082600000, 0x0000000082700000, 0x0000000082700000|100%| O|  |TAMS 0x0000000082700000, 0x0000000082600000| Untracked 
|  39|0x0000000082700000, 0x0000000082800000, 0x0000000082800000|100%| O|  |TAMS 0x0000000082800000, 0x0000000082700000| Untracked 
|  40|0x0000000082800000, 0x0000000082900000, 0x0000000082900000|100%| O|  |TAMS 0x0000000082900000, 0x0000000082800000| Untracked 
|  41|0x0000000082900000, 0x0000000082a00000, 0x0000000082a00000|100%| O|  |TAMS 0x0000000082a00000, 0x0000000082900000| Untracked 
|  42|0x0000000082a00000, 0x0000000082b00000, 0x0000000082b00000|100%| O|  |TAMS 0x0000000082b00000, 0x0000000082a00000| Untracked 
|  43|0x0000000082b00000, 0x0000000082c00000, 0x0000000082c00000|100%|HS|  |TAMS 0x0000000082c00000, 0x0000000082b00000| Complete 
|  44|0x0000000082c00000, 0x0000000082d00000, 0x0000000082d00000|100%|HS|  |TAMS 0x0000000082d00000, 0x0000000082c00000| Complete 
|  45|0x0000000082d00000, 0x0000000082e00000, 0x0000000082e00000|100%| O|  |TAMS 0x0000000082e00000, 0x0000000082d00000| Untracked 
|  46|0x0000000082e00000, 0x0000000082f00000, 0x0000000082f00000|100%| O|  |TAMS 0x0000000082f00000, 0x0000000082e00000| Untracked 
|  47|0x0000000082f00000, 0x0000000083000000, 0x0000000083000000|100%| O|  |TAMS 0x0000000083000000, 0x0000000082f00000| Untracked 
|  48|0x0000000083000000, 0x0000000083100000, 0x0000000083100000|100%| O|  |TAMS 0x0000000083100000, 0x0000000083000000| Untracked 
|  49|0x0000000083100000, 0x0000000083200000, 0x0000000083200000|100%| O|  |TAMS 0x0000000083200000, 0x0000000083100000| Untracked 
|  50|0x0000000083200000, 0x0000000083300000, 0x0000000083300000|100%| O|  |TAMS 0x0000000083300000, 0x0000000083200000| Untracked 
|  51|0x0000000083300000, 0x0000000083400000, 0x0000000083400000|100%| O|  |TAMS 0x0000000083400000, 0x0000000083300000| Untracked 
|  52|0x0000000083400000, 0x0000000083500000, 0x0000000083500000|100%| O|  |TAMS 0x0000000083500000, 0x0000000083400000| Untracked 
|  53|0x0000000083500000, 0x0000000083600000, 0x0000000083600000|100%| O|  |TAMS 0x0000000083600000, 0x0000000083500000| Untracked 
|  54|0x0000000083600000, 0x0000000083700000, 0x0000000083700000|100%| O|  |TAMS 0x0000000083700000, 0x0000000083600000| Untracked 
|  55|0x0000000083700000, 0x0000000083800000, 0x0000000083800000|100%| O|  |TAMS 0x0000000083717000, 0x0000000083700000| Untracked 
|  56|0x0000000083800000, 0x0000000083900000, 0x0000000083900000|100%| O|  |TAMS 0x0000000083800000, 0x0000000083800000| Untracked 
|  57|0x0000000083900000, 0x0000000083a00000, 0x0000000083a00000|100%| O|  |TAMS 0x0000000083900000, 0x0000000083900000| Untracked 
|  58|0x0000000083a00000, 0x0000000083b00000, 0x0000000083b00000|100%| O|  |TAMS 0x0000000083a00000, 0x0000000083a00000| Untracked 
|  59|0x0000000083b00000, 0x0000000083c00000, 0x0000000083c00000|100%| O|  |TAMS 0x0000000083b00000, 0x0000000083b00000| Untracked 
|  60|0x0000000083c00000, 0x0000000083c00000, 0x0000000083d00000|  0%| F|  |TAMS 0x0000000083c00000, 0x0000000083c00000| Untracked 
|  61|0x0000000083d00000, 0x0000000083d00000, 0x0000000083e00000|  0%| F|  |TAMS 0x0000000083d00000, 0x0000000083d00000| Untracked 
|  62|0x0000000083e00000, 0x0000000083f00000, 0x0000000083f00000|100%| O|  |TAMS 0x0000000083e00000, 0x0000000083e00000| Untracked 
|  63|0x0000000083f00000, 0x0000000084000000, 0x0000000084000000|100%| O|  |TAMS 0x0000000083f00000, 0x0000000083f00000| Untracked 
|  64|0x0000000084000000, 0x0000000084100000, 0x0000000084100000|100%| O|  |TAMS 0x0000000084000000, 0x0000000084000000| Untracked 
|  65|0x0000000084100000, 0x0000000084200000, 0x0000000084200000|100%| O|  |TAMS 0x0000000084100000, 0x0000000084100000| Untracked 
|  66|0x0000000084200000, 0x0000000084300000, 0x0000000084300000|100%| O|  |TAMS 0x0000000084200000, 0x0000000084200000| Untracked 
|  67|0x0000000084300000, 0x0000000084400000, 0x0000000084400000|100%| O|  |TAMS 0x0000000084300000, 0x0000000084300000| Untracked 
|  68|0x0000000084400000, 0x00000000844ec600, 0x0000000084500000| 92%| O|  |TAMS 0x0000000084400000, 0x0000000084400000| Untracked 
|  69|0x0000000084500000, 0x0000000084500000, 0x0000000084600000|  0%| F|  |TAMS 0x0000000084500000, 0x0000000084500000| Untracked 
|  70|0x0000000084600000, 0x0000000084600000, 0x0000000084700000|  0%| F|  |TAMS 0x0000000084600000, 0x0000000084600000| Untracked 
|  71|0x0000000084700000, 0x0000000084700000, 0x0000000084800000|  0%| F|  |TAMS 0x0000000084700000, 0x0000000084700000| Untracked 
|  72|0x0000000084800000, 0x0000000084800000, 0x0000000084900000|  0%| F|  |TAMS 0x0000000084800000, 0x0000000084800000| Untracked 
|  73|0x0000000084900000, 0x0000000084900000, 0x0000000084a00000|  0%| F|  |TAMS 0x0000000084900000, 0x0000000084900000| Untracked 
|  74|0x0000000084a00000, 0x0000000084a00000, 0x0000000084b00000|  0%| F|  |TAMS 0x0000000084a00000, 0x0000000084a00000| Untracked 
|  75|0x0000000084b00000, 0x0000000084b00000, 0x0000000084c00000|  0%| F|  |TAMS 0x0000000084b00000, 0x0000000084b00000| Untracked 
|  76|0x0000000084c00000, 0x0000000084c00000, 0x0000000084d00000|  0%| F|  |TAMS 0x0000000084c00000, 0x0000000084c00000| Untracked 
|  77|0x0000000084d00000, 0x0000000084d00000, 0x0000000084e00000|  0%| F|  |TAMS 0x0000000084d00000, 0x0000000084d00000| Untracked 
|  78|0x0000000084e00000, 0x0000000084e00000, 0x0000000084f00000|  0%| F|  |TAMS 0x0000000084e00000, 0x0000000084e00000| Untracked 
|  79|0x0000000084f00000, 0x0000000084f00000, 0x0000000085000000|  0%| F|  |TAMS 0x0000000084f00000, 0x0000000084f00000| Untracked 
|  80|0x0000000085000000, 0x0000000085000000, 0x0000000085100000|  0%| F|  |TAMS 0x0000000085000000, 0x0000000085000000| Untracked 
|  81|0x0000000085100000, 0x0000000085100000, 0x0000000085200000|  0%| F|  |TAMS 0x0000000085100000, 0x0000000085100000| Untracked 
|  82|0x0000000085200000, 0x0000000085200000, 0x0000000085300000|  0%| F|  |TAMS 0x0000000085200000, 0x0000000085200000| Untracked 
|  83|0x0000000085300000, 0x0000000085300000, 0x0000000085400000|  0%| F|  |TAMS 0x0000000085300000, 0x0000000085300000| Untracked 
|  84|0x0000000085400000, 0x0000000085400000, 0x0000000085500000|  0%| F|  |TAMS 0x0000000085400000, 0x0000000085400000| Untracked 
|  85|0x0000000085500000, 0x0000000085500000, 0x0000000085600000|  0%| F|  |TAMS 0x0000000085500000, 0x0000000085500000| Untracked 
|  86|0x0000000085600000, 0x0000000085600000, 0x0000000085700000|  0%| F|  |TAMS 0x0000000085600000, 0x0000000085600000| Untracked 
|  87|0x0000000085700000, 0x0000000085700000, 0x0000000085800000|  0%| F|  |TAMS 0x0000000085700000, 0x0000000085700000| Untracked 
|  88|0x0000000085800000, 0x0000000085800000, 0x0000000085900000|  0%| F|  |TAMS 0x0000000085800000, 0x0000000085800000| Untracked 
|  89|0x0000000085900000, 0x0000000085900000, 0x0000000085a00000|  0%| F|  |TAMS 0x0000000085900000, 0x0000000085900000| Untracked 
|  90|0x0000000085a00000, 0x0000000085a00000, 0x0000000085b00000|  0%| F|  |TAMS 0x0000000085a00000, 0x0000000085a00000| Untracked 
|  91|0x0000000085b00000, 0x0000000085b00000, 0x0000000085c00000|  0%| F|  |TAMS 0x0000000085b00000, 0x0000000085b00000| Untracked 
|  92|0x0000000085c00000, 0x0000000085c00000, 0x0000000085d00000|  0%| F|  |TAMS 0x0000000085c00000, 0x0000000085c00000| Untracked 
|  93|0x0000000085d00000, 0x0000000085d00000, 0x0000000085e00000|  0%| F|  |TAMS 0x0000000085d00000, 0x0000000085d00000| Untracked 
|  94|0x0000000085e00000, 0x0000000085e00000, 0x0000000085f00000|  0%| F|  |TAMS 0x0000000085e00000, 0x0000000085e00000| Untracked 
|  95|0x0000000085f00000, 0x0000000085f00000, 0x0000000086000000|  0%| F|  |TAMS 0x0000000085f00000, 0x0000000085f00000| Untracked 
|  96|0x0000000086000000, 0x0000000086000000, 0x0000000086100000|  0%| F|  |TAMS 0x0000000086000000, 0x0000000086000000| Untracked 
|  97|0x0000000086100000, 0x0000000086100000, 0x0000000086200000|  0%| F|  |TAMS 0x0000000086100000, 0x0000000086100000| Untracked 
|  98|0x0000000086200000, 0x0000000086200000, 0x0000000086300000|  0%| F|  |TAMS 0x0000000086200000, 0x0000000086200000| Untracked 
|  99|0x0000000086300000, 0x0000000086300000, 0x0000000086400000|  0%| F|  |TAMS 0x0000000086300000, 0x0000000086300000| Untracked 
| 100|0x0000000086400000, 0x0000000086400000, 0x0000000086500000|  0%| F|  |TAMS 0x0000000086400000, 0x0000000086400000| Untracked 
| 101|0x0000000086500000, 0x0000000086500000, 0x0000000086600000|  0%| F|  |TAMS 0x0000000086500000, 0x0000000086500000| Untracked 
| 102|0x0000000086600000, 0x0000000086600000, 0x0000000086700000|  0%| F|  |TAMS 0x0000000086600000, 0x0000000086600000| Untracked 
| 103|0x0000000086700000, 0x0000000086700000, 0x0000000086800000|  0%| F|  |TAMS 0x0000000086700000, 0x0000000086700000| Untracked 
| 104|0x0000000086800000, 0x0000000086800000, 0x0000000086900000|  0%| F|  |TAMS 0x0000000086800000, 0x0000000086800000| Untracked 
| 105|0x0000000086900000, 0x0000000086900000, 0x0000000086a00000|  0%| F|  |TAMS 0x0000000086900000, 0x0000000086900000| Untracked 
| 106|0x0000000086a00000, 0x0000000086a00000, 0x0000000086b00000|  0%| F|  |TAMS 0x0000000086a00000, 0x0000000086a00000| Untracked 
| 107|0x0000000086b00000, 0x0000000086b00000, 0x0000000086c00000|  0%| F|  |TAMS 0x0000000086b00000, 0x0000000086b00000| Untracked 
| 108|0x0000000086c00000, 0x0000000086c00000, 0x0000000086d00000|  0%| F|  |TAMS 0x0000000086c00000, 0x0000000086c00000| Untracked 
| 109|0x0000000086d00000, 0x0000000086d00000, 0x0000000086e00000|  0%| F|  |TAMS 0x0000000086d00000, 0x0000000086d00000| Untracked 
| 110|0x0000000086e00000, 0x0000000086e00000, 0x0000000086f00000|  0%| F|  |TAMS 0x0000000086e00000, 0x0000000086e00000| Untracked 
| 111|0x0000000086f00000, 0x0000000086f00000, 0x0000000087000000|  0%| F|  |TAMS 0x0000000086f00000, 0x0000000086f00000| Untracked 
| 112|0x0000000087000000, 0x0000000087000000, 0x0000000087100000|  0%| F|  |TAMS 0x0000000087000000, 0x0000000087000000| Untracked 
| 113|0x0000000087100000, 0x0000000087100000, 0x0000000087200000|  0%| F|  |TAMS 0x0000000087100000, 0x0000000087100000| Untracked 
| 114|0x0000000087200000, 0x0000000087200000, 0x0000000087300000|  0%| F|  |TAMS 0x0000000087200000, 0x0000000087200000| Untracked 
| 115|0x0000000087300000, 0x0000000087300000, 0x0000000087400000|  0%| F|  |TAMS 0x0000000087300000, 0x0000000087300000| Untracked 
| 116|0x0000000087400000, 0x0000000087400000, 0x0000000087500000|  0%| F|  |TAMS 0x0000000087400000, 0x0000000087400000| Untracked 
| 117|0x0000000087500000, 0x0000000087500000, 0x0000000087600000|  0%| F|  |TAMS 0x0000000087500000, 0x0000000087500000| Untracked 
| 118|0x0000000087600000, 0x0000000087600000, 0x0000000087700000|  0%| F|  |TAMS 0x0000000087600000, 0x0000000087600000| Untracked 
| 119|0x0000000087700000, 0x0000000087700000, 0x0000000087800000|  0%| F|  |TAMS 0x0000000087700000, 0x0000000087700000| Untracked 
| 120|0x0000000087800000, 0x0000000087800000, 0x0000000087900000|  0%| F|  |TAMS 0x0000000087800000, 0x0000000087800000| Untracked 
| 121|0x0000000087900000, 0x0000000087900000, 0x0000000087a00000|  0%| F|  |TAMS 0x0000000087900000, 0x0000000087900000| Untracked 
| 122|0x0000000087a00000, 0x0000000087a00000, 0x0000000087b00000|  0%| F|  |TAMS 0x0000000087a00000, 0x0000000087a00000| Untracked 
| 123|0x0000000087b00000, 0x0000000087b00000, 0x0000000087c00000|  0%| F|  |TAMS 0x0000000087b00000, 0x0000000087b00000| Untracked 
| 124|0x0000000087c00000, 0x0000000087d00000, 0x0000000087d00000|100%| S|CS|TAMS 0x0000000087c00000, 0x0000000087c00000| Complete 
| 125|0x0000000087d00000, 0x0000000087e00000, 0x0000000087e00000|100%| S|CS|TAMS 0x0000000087d00000, 0x0000000087d00000| Complete 
| 126|0x0000000087e00000, 0x0000000087f00000, 0x0000000087f00000|100%| S|CS|TAMS 0x0000000087e00000, 0x0000000087e00000| Complete 
| 127|0x0000000087f00000, 0x0000000088000000, 0x0000000088000000|100%| S|CS|TAMS 0x0000000087f00000, 0x0000000087f00000| Complete 
| 128|0x0000000088000000, 0x0000000088100000, 0x0000000088100000|100%| S|CS|TAMS 0x0000000088000000, 0x0000000088000000| Complete 
| 129|0x0000000088100000, 0x0000000088200000, 0x0000000088200000|100%| S|CS|TAMS 0x0000000088100000, 0x0000000088100000| Complete 
| 130|0x0000000088200000, 0x0000000088300000, 0x0000000088300000|100%| S|CS|TAMS 0x0000000088200000, 0x0000000088200000| Complete 
| 131|0x0000000088300000, 0x0000000088400000, 0x0000000088400000|100%| S|CS|TAMS 0x0000000088300000, 0x0000000088300000| Complete 
| 132|0x0000000088400000, 0x0000000088400000, 0x0000000088500000|  0%| F|  |TAMS 0x0000000088400000, 0x0000000088400000| Untracked 
| 133|0x0000000088500000, 0x0000000088500000, 0x0000000088600000|  0%| F|  |TAMS 0x0000000088500000, 0x0000000088500000| Untracked 
| 134|0x0000000088600000, 0x0000000088600000, 0x0000000088700000|  0%| F|  |TAMS 0x0000000088600000, 0x0000000088600000| Untracked 
| 135|0x0000000088700000, 0x0000000088700000, 0x0000000088800000|  0%| F|  |TAMS 0x0000000088700000, 0x0000000088700000| Untracked 
| 136|0x0000000088800000, 0x0000000088800000, 0x0000000088900000|  0%| F|  |TAMS 0x0000000088800000, 0x0000000088800000| Untracked 
| 137|0x0000000088900000, 0x0000000088900000, 0x0000000088a00000|  0%| F|  |TAMS 0x0000000088900000, 0x0000000088900000| Untracked 
| 138|0x0000000088a00000, 0x0000000088a00000, 0x0000000088b00000|  0%| F|  |TAMS 0x0000000088a00000, 0x0000000088a00000| Untracked 
| 139|0x0000000088b00000, 0x0000000088b00000, 0x0000000088c00000|  0%| F|  |TAMS 0x0000000088b00000, 0x0000000088b00000| Untracked 
| 140|0x0000000088c00000, 0x0000000088c00000, 0x0000000088d00000|  0%| F|  |TAMS 0x0000000088c00000, 0x0000000088c00000| Untracked 
| 141|0x0000000088d00000, 0x0000000088d00000, 0x0000000088e00000|  0%| F|  |TAMS 0x0000000088d00000, 0x0000000088d00000| Untracked 
| 142|0x0000000088e00000, 0x0000000088e00000, 0x0000000088f00000|  0%| F|  |TAMS 0x0000000088e00000, 0x0000000088e00000| Untracked 
| 143|0x0000000088f00000, 0x0000000088f00000, 0x0000000089000000|  0%| F|  |TAMS 0x0000000088f00000, 0x0000000088f00000| Untracked 
| 144|0x0000000089000000, 0x0000000089000000, 0x0000000089100000|  0%| F|  |TAMS 0x0000000089000000, 0x0000000089000000| Untracked 
| 145|0x0000000089100000, 0x0000000089100000, 0x0000000089200000|  0%| F|  |TAMS 0x0000000089100000, 0x0000000089100000| Untracked 
| 146|0x0000000089200000, 0x0000000089200000, 0x0000000089300000|  0%| F|  |TAMS 0x0000000089200000, 0x0000000089200000| Untracked 
| 147|0x0000000089300000, 0x0000000089300000, 0x0000000089400000|  0%| F|  |TAMS 0x0000000089300000, 0x0000000089300000| Untracked 
| 148|0x0000000089400000, 0x0000000089400000, 0x0000000089500000|  0%| F|  |TAMS 0x0000000089400000, 0x0000000089400000| Untracked 
| 149|0x0000000089500000, 0x0000000089500000, 0x0000000089600000|  0%| F|  |TAMS 0x0000000089500000, 0x0000000089500000| Untracked 
| 150|0x0000000089600000, 0x0000000089600000, 0x0000000089700000|  0%| F|  |TAMS 0x0000000089600000, 0x0000000089600000| Untracked 
| 151|0x0000000089700000, 0x0000000089700000, 0x0000000089800000|  0%| F|  |TAMS 0x0000000089700000, 0x0000000089700000| Untracked 
| 152|0x0000000089800000, 0x0000000089800000, 0x0000000089900000|  0%| F|  |TAMS 0x0000000089800000, 0x0000000089800000| Untracked 
| 153|0x0000000089900000, 0x0000000089900000, 0x0000000089a00000|  0%| F|  |TAMS 0x0000000089900000, 0x0000000089900000| Untracked 
| 154|0x0000000089a00000, 0x0000000089a00000, 0x0000000089b00000|  0%| F|  |TAMS 0x0000000089a00000, 0x0000000089a00000| Untracked 
| 155|0x0000000089b00000, 0x0000000089b00000, 0x0000000089c00000|  0%| F|  |TAMS 0x0000000089b00000, 0x0000000089b00000| Untracked 
| 156|0x0000000089c00000, 0x0000000089c00000, 0x0000000089d00000|  0%| F|  |TAMS 0x0000000089c00000, 0x0000000089c00000| Untracked 
| 157|0x0000000089d00000, 0x0000000089d00000, 0x0000000089e00000|  0%| F|  |TAMS 0x0000000089d00000, 0x0000000089d00000| Untracked 
| 158|0x0000000089e00000, 0x0000000089e00000, 0x0000000089f00000|  0%| F|  |TAMS 0x0000000089e00000, 0x0000000089e00000| Untracked 
| 159|0x0000000089f00000, 0x0000000089f00000, 0x000000008a000000|  0%| F|  |TAMS 0x0000000089f00000, 0x0000000089f00000| Untracked 
| 160|0x000000008a000000, 0x000000008a000000, 0x000000008a100000|  0%| F|  |TAMS 0x000000008a000000, 0x000000008a000000| Untracked 
| 161|0x000000008a100000, 0x000000008a100000, 0x000000008a200000|  0%| F|  |TAMS 0x000000008a100000, 0x000000008a100000| Untracked 
| 162|0x000000008a200000, 0x000000008a200000, 0x000000008a300000|  0%| F|  |TAMS 0x000000008a200000, 0x000000008a200000| Untracked 
| 163|0x000000008a300000, 0x000000008a300000, 0x000000008a400000|  0%| F|  |TAMS 0x000000008a300000, 0x000000008a300000| Untracked 
| 164|0x000000008a400000, 0x000000008a400000, 0x000000008a500000|  0%| F|  |TAMS 0x000000008a400000, 0x000000008a400000| Untracked 
| 165|0x000000008a500000, 0x000000008a500000, 0x000000008a600000|  0%| F|  |TAMS 0x000000008a500000, 0x000000008a500000| Untracked 
| 166|0x000000008a600000, 0x000000008a600000, 0x000000008a700000|  0%| F|  |TAMS 0x000000008a600000, 0x000000008a600000| Untracked 
| 167|0x000000008a700000, 0x000000008a700000, 0x000000008a800000|  0%| F|  |TAMS 0x000000008a700000, 0x000000008a700000| Untracked 
| 168|0x000000008a800000, 0x000000008a800000, 0x000000008a900000|  0%| F|  |TAMS 0x000000008a800000, 0x000000008a800000| Untracked 
| 169|0x000000008a900000, 0x000000008a900000, 0x000000008aa00000|  0%| F|  |TAMS 0x000000008a900000, 0x000000008a900000| Untracked 
| 170|0x000000008aa00000, 0x000000008aa00000, 0x000000008ab00000|  0%| F|  |TAMS 0x000000008aa00000, 0x000000008aa00000| Untracked 
| 171|0x000000008ab00000, 0x000000008ab00000, 0x000000008ac00000|  0%| F|  |TAMS 0x000000008ab00000, 0x000000008ab00000| Untracked 
| 172|0x000000008ac00000, 0x000000008ac00000, 0x000000008ad00000|  0%| F|  |TAMS 0x000000008ac00000, 0x000000008ac00000| Untracked 
| 173|0x000000008ad00000, 0x000000008ad00000, 0x000000008ae00000|  0%| F|  |TAMS 0x000000008ad00000, 0x000000008ad00000| Untracked 
| 174|0x000000008ae00000, 0x000000008ae00000, 0x000000008af00000|  0%| F|  |TAMS 0x000000008ae00000, 0x000000008ae00000| Untracked 
| 175|0x000000008af00000, 0x000000008af00000, 0x000000008b000000|  0%| F|  |TAMS 0x000000008af00000, 0x000000008af00000| Untracked 
| 176|0x000000008b000000, 0x000000008b000000, 0x000000008b100000|  0%| F|  |TAMS 0x000000008b000000, 0x000000008b000000| Untracked 
| 177|0x000000008b100000, 0x000000008b100000, 0x000000008b200000|  0%| F|  |TAMS 0x000000008b100000, 0x000000008b100000| Untracked 
| 178|0x000000008b200000, 0x000000008b200000, 0x000000008b300000|  0%| F|  |TAMS 0x000000008b200000, 0x000000008b200000| Untracked 
| 179|0x000000008b300000, 0x000000008b300000, 0x000000008b400000|  0%| F|  |TAMS 0x000000008b300000, 0x000000008b300000| Untracked 
| 180|0x000000008b400000, 0x000000008b400000, 0x000000008b500000|  0%| F|  |TAMS 0x000000008b400000, 0x000000008b400000| Untracked 
| 181|0x000000008b500000, 0x000000008b500000, 0x000000008b600000|  0%| F|  |TAMS 0x000000008b500000, 0x000000008b500000| Untracked 
| 182|0x000000008b600000, 0x000000008b600000, 0x000000008b700000|  0%| F|  |TAMS 0x000000008b600000, 0x000000008b600000| Untracked 
| 183|0x000000008b700000, 0x000000008b700000, 0x000000008b800000|  0%| F|  |TAMS 0x000000008b700000, 0x000000008b700000| Untracked 
| 184|0x000000008b800000, 0x000000008b800000, 0x000000008b900000|  0%| F|  |TAMS 0x000000008b800000, 0x000000008b800000| Untracked 
| 185|0x000000008b900000, 0x000000008b900000, 0x000000008ba00000|  0%| F|  |TAMS 0x000000008b900000, 0x000000008b900000| Untracked 
| 186|0x000000008ba00000, 0x000000008ba00000, 0x000000008bb00000|  0%| F|  |TAMS 0x000000008ba00000, 0x000000008ba00000| Untracked 
| 187|0x000000008bb00000, 0x000000008bb00000, 0x000000008bc00000|  0%| F|  |TAMS 0x000000008bb00000, 0x000000008bb00000| Untracked 
| 188|0x000000008bc00000, 0x000000008bc00000, 0x000000008bd00000|  0%| F|  |TAMS 0x000000008bc00000, 0x000000008bc00000| Untracked 
| 189|0x000000008bd00000, 0x000000008bd00000, 0x000000008be00000|  0%| F|  |TAMS 0x000000008bd00000, 0x000000008bd00000| Untracked 
| 190|0x000000008be00000, 0x000000008be00000, 0x000000008bf00000|  0%| F|  |TAMS 0x000000008be00000, 0x000000008be00000| Untracked 
| 191|0x000000008bf00000, 0x000000008bf00000, 0x000000008c000000|  0%| F|  |TAMS 0x000000008bf00000, 0x000000008bf00000| Untracked 
| 192|0x000000008c000000, 0x000000008c000000, 0x000000008c100000|  0%| F|  |TAMS 0x000000008c000000, 0x000000008c000000| Untracked 
| 193|0x000000008c100000, 0x000000008c100000, 0x000000008c200000|  0%| F|  |TAMS 0x000000008c100000, 0x000000008c100000| Untracked 
| 194|0x000000008c200000, 0x000000008c200000, 0x000000008c300000|  0%| F|  |TAMS 0x000000008c200000, 0x000000008c200000| Untracked 
| 195|0x000000008c300000, 0x000000008c300000, 0x000000008c400000|  0%| F|  |TAMS 0x000000008c300000, 0x000000008c300000| Untracked 
| 196|0x000000008c400000, 0x000000008c400000, 0x000000008c500000|  0%| F|  |TAMS 0x000000008c400000, 0x000000008c400000| Untracked 
| 197|0x000000008c500000, 0x000000008c500000, 0x000000008c600000|  0%| F|  |TAMS 0x000000008c500000, 0x000000008c500000| Untracked 
| 198|0x000000008c600000, 0x000000008c600000, 0x000000008c700000|  0%| F|  |TAMS 0x000000008c600000, 0x000000008c600000| Untracked 
| 199|0x000000008c700000, 0x000000008c700000, 0x000000008c800000|  0%| F|  |TAMS 0x000000008c700000, 0x000000008c700000| Untracked 
| 200|0x000000008c800000, 0x000000008c800000, 0x000000008c900000|  0%| F|  |TAMS 0x000000008c800000, 0x000000008c800000| Untracked 
| 201|0x000000008c900000, 0x000000008c900000, 0x000000008ca00000|  0%| F|  |TAMS 0x000000008c900000, 0x000000008c900000| Untracked 
| 202|0x000000008ca00000, 0x000000008ca00000, 0x000000008cb00000|  0%| F|  |TAMS 0x000000008ca00000, 0x000000008ca00000| Untracked 
| 203|0x000000008cb00000, 0x000000008cb00000, 0x000000008cc00000|  0%| F|  |TAMS 0x000000008cb00000, 0x000000008cb00000| Untracked 
| 204|0x000000008cc00000, 0x000000008cc00000, 0x000000008cd00000|  0%| F|  |TAMS 0x000000008cc00000, 0x000000008cc00000| Untracked 
| 205|0x000000008cd00000, 0x000000008cd00000, 0x000000008ce00000|  0%| F|  |TAMS 0x000000008cd00000, 0x000000008cd00000| Untracked 
| 206|0x000000008ce00000, 0x000000008ce00000, 0x000000008cf00000|  0%| F|  |TAMS 0x000000008ce00000, 0x000000008ce00000| Untracked 
| 207|0x000000008cf00000, 0x000000008cf00000, 0x000000008d000000|  0%| F|  |TAMS 0x000000008cf00000, 0x000000008cf00000| Untracked 
| 208|0x000000008d000000, 0x000000008d000000, 0x000000008d100000|  0%| F|  |TAMS 0x000000008d000000, 0x000000008d000000| Untracked 
| 209|0x000000008d100000, 0x000000008d100000, 0x000000008d200000|  0%| F|  |TAMS 0x000000008d100000, 0x000000008d100000| Untracked 
| 210|0x000000008d200000, 0x000000008d200000, 0x000000008d300000|  0%| F|  |TAMS 0x000000008d200000, 0x000000008d200000| Untracked 
| 211|0x000000008d300000, 0x000000008d300000, 0x000000008d400000|  0%| F|  |TAMS 0x000000008d300000, 0x000000008d300000| Untracked 
| 212|0x000000008d400000, 0x000000008d400000, 0x000000008d500000|  0%| F|  |TAMS 0x000000008d400000, 0x000000008d400000| Untracked 
| 213|0x000000008d500000, 0x000000008d500000, 0x000000008d600000|  0%| F|  |TAMS 0x000000008d500000, 0x000000008d500000| Untracked 
| 214|0x000000008d600000, 0x000000008d600000, 0x000000008d700000|  0%| F|  |TAMS 0x000000008d600000, 0x000000008d600000| Untracked 
| 215|0x000000008d700000, 0x000000008d700000, 0x000000008d800000|  0%| F|  |TAMS 0x000000008d700000, 0x000000008d700000| Untracked 
| 216|0x000000008d800000, 0x000000008d800000, 0x000000008d900000|  0%| F|  |TAMS 0x000000008d800000, 0x000000008d800000| Untracked 
| 217|0x000000008d900000, 0x000000008d900000, 0x000000008da00000|  0%| F|  |TAMS 0x000000008d900000, 0x000000008d900000| Untracked 
| 218|0x000000008da00000, 0x000000008da00000, 0x000000008db00000|  0%| F|  |TAMS 0x000000008da00000, 0x000000008da00000| Untracked 
| 219|0x000000008db00000, 0x000000008db00000, 0x000000008dc00000|  0%| F|  |TAMS 0x000000008db00000, 0x000000008db00000| Untracked 
| 220|0x000000008dc00000, 0x000000008dc00000, 0x000000008dd00000|  0%| F|  |TAMS 0x000000008dc00000, 0x000000008dc00000| Untracked 
| 221|0x000000008dd00000, 0x000000008dd00000, 0x000000008de00000|  0%| F|  |TAMS 0x000000008dd00000, 0x000000008dd00000| Untracked 
| 222|0x000000008de00000, 0x000000008de00000, 0x000000008df00000|  0%| F|  |TAMS 0x000000008de00000, 0x000000008de00000| Untracked 
| 223|0x000000008df00000, 0x000000008df00000, 0x000000008e000000|  0%| F|  |TAMS 0x000000008df00000, 0x000000008df00000| Untracked 
| 224|0x000000008e000000, 0x000000008e000000, 0x000000008e100000|  0%| F|  |TAMS 0x000000008e000000, 0x000000008e000000| Untracked 
| 225|0x000000008e100000, 0x000000008e100000, 0x000000008e200000|  0%| F|  |TAMS 0x000000008e100000, 0x000000008e100000| Untracked 
| 226|0x000000008e200000, 0x000000008e200000, 0x000000008e300000|  0%| F|  |TAMS 0x000000008e200000, 0x000000008e200000| Untracked 
| 227|0x000000008e300000, 0x000000008e300000, 0x000000008e400000|  0%| F|  |TAMS 0x000000008e300000, 0x000000008e300000| Untracked 
| 228|0x000000008e400000, 0x000000008e400000, 0x000000008e500000|  0%| F|  |TAMS 0x000000008e400000, 0x000000008e400000| Untracked 
| 229|0x000000008e500000, 0x000000008e500000, 0x000000008e600000|  0%| F|  |TAMS 0x000000008e500000, 0x000000008e500000| Untracked 
| 230|0x000000008e600000, 0x000000008e600000, 0x000000008e700000|  0%| F|  |TAMS 0x000000008e600000, 0x000000008e600000| Untracked 
| 231|0x000000008e700000, 0x000000008e700000, 0x000000008e800000|  0%| F|  |TAMS 0x000000008e700000, 0x000000008e700000| Untracked 
| 232|0x000000008e800000, 0x000000008e800000, 0x000000008e900000|  0%| F|  |TAMS 0x000000008e800000, 0x000000008e800000| Untracked 
| 233|0x000000008e900000, 0x000000008e900000, 0x000000008ea00000|  0%| F|  |TAMS 0x000000008e900000, 0x000000008e900000| Untracked 
| 234|0x000000008ea00000, 0x000000008ea00000, 0x000000008eb00000|  0%| F|  |TAMS 0x000000008ea00000, 0x000000008ea00000| Untracked 
| 235|0x000000008eb00000, 0x000000008eb00000, 0x000000008ec00000|  0%| F|  |TAMS 0x000000008eb00000, 0x000000008eb00000| Untracked 
| 236|0x000000008ec00000, 0x000000008ec00000, 0x000000008ed00000|  0%| F|  |TAMS 0x000000008ec00000, 0x000000008ec00000| Untracked 
| 237|0x000000008ed00000, 0x000000008ed00000, 0x000000008ee00000|  0%| F|  |TAMS 0x000000008ed00000, 0x000000008ed00000| Untracked 
| 238|0x000000008ee00000, 0x000000008ee00000, 0x000000008ef00000|  0%| F|  |TAMS 0x000000008ee00000, 0x000000008ee00000| Untracked 
| 239|0x000000008ef00000, 0x000000008ef00000, 0x000000008f000000|  0%| F|  |TAMS 0x000000008ef00000, 0x000000008ef00000| Untracked 
| 240|0x000000008f000000, 0x000000008f000000, 0x000000008f100000|  0%| F|  |TAMS 0x000000008f000000, 0x000000008f000000| Untracked 
| 241|0x000000008f100000, 0x000000008f100000, 0x000000008f200000|  0%| F|  |TAMS 0x000000008f100000, 0x000000008f100000| Untracked 
| 242|0x000000008f200000, 0x000000008f200000, 0x000000008f300000|  0%| F|  |TAMS 0x000000008f200000, 0x000000008f200000| Untracked 
| 243|0x000000008f300000, 0x000000008f300000, 0x000000008f400000|  0%| F|  |TAMS 0x000000008f300000, 0x000000008f300000| Untracked 
| 244|0x000000008f400000, 0x000000008f400000, 0x000000008f500000|  0%| F|  |TAMS 0x000000008f400000, 0x000000008f400000| Untracked 
| 245|0x000000008f500000, 0x000000008f500000, 0x000000008f600000|  0%| F|  |TAMS 0x000000008f500000, 0x000000008f500000| Untracked 
| 246|0x000000008f600000, 0x000000008f600000, 0x000000008f700000|  0%| F|  |TAMS 0x000000008f600000, 0x000000008f600000| Untracked 
| 247|0x000000008f700000, 0x000000008f700000, 0x000000008f800000|  0%| F|  |TAMS 0x000000008f700000, 0x000000008f700000| Untracked 
| 248|0x000000008f800000, 0x000000008f800000, 0x000000008f900000|  0%| F|  |TAMS 0x000000008f800000, 0x000000008f800000| Untracked 
| 249|0x000000008f900000, 0x000000008f900000, 0x000000008fa00000|  0%| F|  |TAMS 0x000000008f900000, 0x000000008f900000| Untracked 
| 250|0x000000008fa00000, 0x000000008fa00000, 0x000000008fb00000|  0%| F|  |TAMS 0x000000008fa00000, 0x000000008fa00000| Untracked 
| 251|0x000000008fb00000, 0x000000008fb00000, 0x000000008fc00000|  0%| F|  |TAMS 0x000000008fb00000, 0x000000008fb00000| Untracked 
| 252|0x000000008fc00000, 0x000000008fc00000, 0x000000008fd00000|  0%| F|  |TAMS 0x000000008fc00000, 0x000000008fc00000| Untracked 
| 253|0x000000008fd00000, 0x000000008fd00000, 0x000000008fe00000|  0%| F|  |TAMS 0x000000008fd00000, 0x000000008fd00000| Untracked 
| 254|0x000000008fe00000, 0x000000008fe00000, 0x000000008ff00000|  0%| F|  |TAMS 0x000000008fe00000, 0x000000008fe00000| Untracked 
| 255|0x000000008ff00000, 0x000000008ff00000, 0x0000000090000000|  0%| F|  |TAMS 0x000000008ff00000, 0x000000008ff00000| Untracked 
| 256|0x0000000090000000, 0x0000000090000000, 0x0000000090100000|  0%| F|  |TAMS 0x0000000090000000, 0x0000000090000000| Untracked 
| 257|0x0000000090100000, 0x0000000090100000, 0x0000000090200000|  0%| F|  |TAMS 0x0000000090100000, 0x0000000090100000| Untracked 
| 258|0x0000000090200000, 0x0000000090200000, 0x0000000090300000|  0%| F|  |TAMS 0x0000000090200000, 0x0000000090200000| Untracked 
| 259|0x0000000090300000, 0x0000000090300000, 0x0000000090400000|  0%| F|  |TAMS 0x0000000090300000, 0x0000000090300000| Untracked 
| 260|0x0000000090400000, 0x0000000090400000, 0x0000000090500000|  0%| F|  |TAMS 0x0000000090400000, 0x0000000090400000| Untracked 
| 261|0x0000000090500000, 0x0000000090500000, 0x0000000090600000|  0%| F|  |TAMS 0x0000000090500000, 0x0000000090500000| Untracked 
| 262|0x0000000090600000, 0x0000000090600000, 0x0000000090700000|  0%| F|  |TAMS 0x0000000090600000, 0x0000000090600000| Untracked 
| 263|0x0000000090700000, 0x0000000090700000, 0x0000000090800000|  0%| F|  |TAMS 0x0000000090700000, 0x0000000090700000| Untracked 
| 264|0x0000000090800000, 0x0000000090800000, 0x0000000090900000|  0%| F|  |TAMS 0x0000000090800000, 0x0000000090800000| Untracked 
| 265|0x0000000090900000, 0x0000000090900000, 0x0000000090a00000|  0%| F|  |TAMS 0x0000000090900000, 0x0000000090900000| Untracked 
| 266|0x0000000090a00000, 0x0000000090a00000, 0x0000000090b00000|  0%| F|  |TAMS 0x0000000090a00000, 0x0000000090a00000| Untracked 
| 267|0x0000000090b00000, 0x0000000090b00000, 0x0000000090c00000|  0%| F|  |TAMS 0x0000000090b00000, 0x0000000090b00000| Untracked 
| 268|0x0000000090c00000, 0x0000000090c00000, 0x0000000090d00000|  0%| F|  |TAMS 0x0000000090c00000, 0x0000000090c00000| Untracked 
| 269|0x0000000090d00000, 0x0000000090d00000, 0x0000000090e00000|  0%| F|  |TAMS 0x0000000090d00000, 0x0000000090d00000| Untracked 
| 270|0x0000000090e00000, 0x0000000090e00000, 0x0000000090f00000|  0%| F|  |TAMS 0x0000000090e00000, 0x0000000090e00000| Untracked 
| 271|0x0000000090f00000, 0x0000000090f00000, 0x0000000091000000|  0%| F|  |TAMS 0x0000000090f00000, 0x0000000090f00000| Untracked 
| 272|0x0000000091000000, 0x0000000091000000, 0x0000000091100000|  0%| F|  |TAMS 0x0000000091000000, 0x0000000091000000| Untracked 
| 273|0x0000000091100000, 0x0000000091100000, 0x0000000091200000|  0%| F|  |TAMS 0x0000000091100000, 0x0000000091100000| Untracked 
| 274|0x0000000091200000, 0x0000000091200000, 0x0000000091300000|  0%| F|  |TAMS 0x0000000091200000, 0x0000000091200000| Untracked 
| 275|0x0000000091300000, 0x0000000091300000, 0x0000000091400000|  0%| F|  |TAMS 0x0000000091300000, 0x0000000091300000| Untracked 
| 276|0x0000000091400000, 0x0000000091400000, 0x0000000091500000|  0%| F|  |TAMS 0x0000000091400000, 0x0000000091400000| Untracked 
| 277|0x0000000091500000, 0x0000000091500000, 0x0000000091600000|  0%| F|  |TAMS 0x0000000091500000, 0x0000000091500000| Untracked 
| 278|0x0000000091600000, 0x0000000091600000, 0x0000000091700000|  0%| F|  |TAMS 0x0000000091600000, 0x0000000091600000| Untracked 
| 279|0x0000000091700000, 0x0000000091700000, 0x0000000091800000|  0%| F|  |TAMS 0x0000000091700000, 0x0000000091700000| Untracked 
| 280|0x0000000091800000, 0x0000000091800000, 0x0000000091900000|  0%| F|  |TAMS 0x0000000091800000, 0x0000000091800000| Untracked 
| 281|0x0000000091900000, 0x0000000091900000, 0x0000000091a00000|  0%| F|  |TAMS 0x0000000091900000, 0x0000000091900000| Untracked 
| 282|0x0000000091a00000, 0x0000000091a00000, 0x0000000091b00000|  0%| F|  |TAMS 0x0000000091a00000, 0x0000000091a00000| Untracked 
| 283|0x0000000091b00000, 0x0000000091b00000, 0x0000000091c00000|  0%| F|  |TAMS 0x0000000091b00000, 0x0000000091b00000| Untracked 
| 284|0x0000000091c00000, 0x0000000091c00000, 0x0000000091d00000|  0%| F|  |TAMS 0x0000000091c00000, 0x0000000091c00000| Untracked 
| 285|0x0000000091d00000, 0x0000000091d00000, 0x0000000091e00000|  0%| F|  |TAMS 0x0000000091d00000, 0x0000000091d00000| Untracked 
| 286|0x0000000091e00000, 0x0000000091e00000, 0x0000000091f00000|  0%| F|  |TAMS 0x0000000091e00000, 0x0000000091e00000| Untracked 
| 287|0x0000000091f00000, 0x0000000091f00000, 0x0000000092000000|  0%| F|  |TAMS 0x0000000091f00000, 0x0000000091f00000| Untracked 
| 288|0x0000000092000000, 0x0000000092000000, 0x0000000092100000|  0%| F|  |TAMS 0x0000000092000000, 0x0000000092000000| Untracked 
| 289|0x0000000092100000, 0x0000000092100000, 0x0000000092200000|  0%| F|  |TAMS 0x0000000092100000, 0x0000000092100000| Untracked 
| 290|0x0000000092200000, 0x0000000092200000, 0x0000000092300000|  0%| F|  |TAMS 0x0000000092200000, 0x0000000092200000| Untracked 
| 291|0x0000000092300000, 0x0000000092300000, 0x0000000092400000|  0%| F|  |TAMS 0x0000000092300000, 0x0000000092300000| Untracked 
| 292|0x0000000092400000, 0x0000000092400000, 0x0000000092500000|  0%| F|  |TAMS 0x0000000092400000, 0x0000000092400000| Untracked 
| 293|0x0000000092500000, 0x0000000092500000, 0x0000000092600000|  0%| F|  |TAMS 0x0000000092500000, 0x0000000092500000| Untracked 

Card table byte_map: [0x00000210edce0000,0x00000210ee0e0000] _byte_map_base: 0x00000210ed8e0000

Marking Bits (Prev, Next): (CMBitMap*) 0x00000210daf0d250, (CMBitMap*) 0x00000210daf0d290
 Prev Bits: [0x00000210ee4e0000, 0x00000210f04e0000)
 Next Bits: [0x00000210f04e0000, 0x00000210f24e0000)

Polling page: 0x00000210da670000

Metaspace:

Usage:
  Non-class:     52.35 MB used.
      Class:      8.29 MB used.
       Both:     60.64 MB used.

Virtual space:
  Non-class space:       64.00 MB reserved,      52.62 MB ( 82%) committed,  1 nodes.
      Class space:        1.00 GB reserved,       8.50 MB ( <1%) committed,  1 nodes.
             Both:        1.06 GB reserved,      61.12 MB (  6%) committed. 

Chunk freelists:
   Non-Class:  10.55 MB
       Class:  7.52 MB
        Both:  18.07 MB

MaxMetaspaceSize: unlimited
CompressedClassSpaceSize: 1.00 GB
Initial GC threshold: 21.00 MB
Current GC threshold: 100.88 MB
CDS: off
MetaspaceReclaimPolicy: balanced
 - commit_granule_bytes: 65536.
 - commit_granule_words: 8192.
 - virtual_space_node_default_size: 8388608.
 - enlarge_chunks_in_place: 1.
 - new_chunks_are_fully_committed: 0.
 - uncommit_free_chunks: 1.
 - use_allocation_guard: 0.
 - handle_deallocations: 1.


Internal statistics:

num_allocs_failed_limit: 25.
num_arena_births: 626.
num_arena_deaths: 22.
num_vsnodes_births: 2.
num_vsnodes_deaths: 0.
num_space_committed: 978.
num_space_uncommitted: 0.
num_chunks_returned_to_freelist: 54.
num_chunks_taken_from_freelist: 2775.
num_chunk_merges: 33.
num_chunk_splits: 1799.
num_chunks_enlarged: 1200.
num_inconsistent_stats: 0.

CodeHeap 'non-profiled nmethods': size=120000Kb used=4095Kb max_used=4095Kb free=115904Kb
 bounds [0x00000210e5e60000, 0x00000210e6260000, 0x00000210ed390000]
CodeHeap 'profiled nmethods': size=120000Kb used=15175Kb max_used=15175Kb free=104824Kb
 bounds [0x00000210de390000, 0x00000210df270000, 0x00000210e58c0000]
CodeHeap 'non-nmethods': size=5760Kb used=2326Kb max_used=2410Kb free=3433Kb
 bounds [0x00000210e58c0000, 0x00000210e5b30000, 0x00000210e5e60000]
 total_blobs=8869 nmethods=8025 adapters=756
 compilation: enabled
              stopped_count=0, restarted_count=0
 full_count=0

Compilation events (20 events):
Event: 5.789 Thread 0x00000210f5348280 8943       2       com.google.common.reflect.TypeResolver::covariantly (15 bytes)
Event: 5.790 Thread 0x00000210f5348280 nmethod 8943 0x00000210df25e190 code [0x00000210df25e360, 0x00000210df25e6d8]
Event: 5.790 Thread 0x00000210f5348280 8945 %     3       org.apache.commons.compress.archivers.zip.StreamCompressor::flushDeflater @ 7 (25 bytes)
Event: 5.790 Thread 0x00000210f5348280 nmethod 8945% 0x00000210df25e890 code [0x00000210df25ea60, 0x00000210df25efa8]
Event: 5.792 Thread 0x00000210f5348280 8946       2       com.google.common.collect.ImmutableListMultimap$Builder::build (8 bytes)
Event: 5.792 Thread 0x00000210f5348280 nmethod 8946 0x00000210df25f210 code [0x00000210df25f3a0, 0x00000210df25f4e8]
Event: 5.795 Thread 0x00000210f5348280 8947       2       org.gradle.api.internal.artifacts.transform.TransformExecutionResult$Builder$ProducedOutputOnlyResult$$Lambda$1120/0x000000010080c4d0::resolveForInputArtifact (9 bytes)
Event: 5.796 Thread 0x00000210f5348280 nmethod 8947 0x00000210df25f590 code [0x00000210df25f720, 0x00000210df25f838]
Event: 5.796 Thread 0x00000210f5348280 8948       2       org.gradle.internal.execution.workspace.impl.CacheBasedImmutableWorkspaceProvider$1::<init> (20 bytes)
Event: 5.796 Thread 0x00000210f5348280 nmethod 8948 0x00000210df25f910 code [0x00000210df25faa0, 0x00000210df25fcb8]
Event: 5.796 Thread 0x00000210f5348280 8949       2       org.gradle.internal.execution.steps.AssignImmutableWorkspaceStep::loadImmutableWorkspaceIfExists (118 bytes)
Event: 5.797 Thread 0x00000210f5348280 nmethod 8949 0x00000210df25fd90 code [0x00000210df260000, 0x00000210df260608]
Event: 5.797 Thread 0x00000210f5348280 8950       2       com.google.common.collect.SingletonImmutableBiMap::createKeySet (8 bytes)
Event: 5.797 Thread 0x00000210f5348280 nmethod 8950 0x00000210df260a90 code [0x00000210df260c40, 0x00000210df260ec8]
Event: 5.798 Thread 0x00000210f5348280 8951       2       com.google.common.reflect.TypeToken::someRawTypeIsSubclassOf (42 bytes)
Event: 5.798 Thread 0x00000210f5348280 nmethod 8951 0x00000210df261010 code [0x00000210df261200, 0x00000210df2614a8]
Event: 5.799 Thread 0x00000210f5348280 8952       2       com.google.common.collect.HashBiMap::<init> (10 bytes)
Event: 5.799 Thread 0x00000210f5348280 nmethod 8952 0x00000210df261610 code [0x00000210df2617a0, 0x00000210df2618c8]
Event: 5.799 Thread 0x00000210f5348280 8953       2       org.gradle.internal.serialize.MapSerializer::<init> (15 bytes)
Event: 5.799 Thread 0x00000210f5348280 nmethod 8953 0x00000210df261990 code [0x00000210df261b20, 0x00000210df261cd8]

GC Heap History (20 events):
Event: 4.524 GC heap after
{Heap after GC invocations=16 (full 0):
 garbage-first heap   total 120832K, used 44489K [0x0000000080000000, 0x0000000100000000)
  region size 1024K, 2 young (2048K), 2 survivors (2048K)
 Metaspace       used 59656K, committed 60160K, reserved 1114112K
  class space    used 8195K, committed 8448K, reserved 1048576K
}
Event: 4.663 GC heap before
{Heap before GC invocations=17 (full 0):
 garbage-first heap   total 120832K, used 95689K [0x0000000080000000, 0x0000000100000000)
  region size 1024K, 51 young (52224K), 2 survivors (2048K)
 Metaspace       used 61124K, committed 61632K, reserved 1114112K
  class space    used 8489K, committed 8704K, reserved 1048576K
}
Event: 4.669 GC heap after
{Heap after GC invocations=18 (full 0):
 garbage-first heap   total 120832K, used 52842K [0x0000000080000000, 0x0000000100000000)
  region size 1024K, 7 young (7168K), 7 survivors (7168K)
 Metaspace       used 61124K, committed 61632K, reserved 1114112K
  class space    used 8489K, committed 8704K, reserved 1048576K
}
Event: 4.724 GC heap before
{Heap before GC invocations=18 (full 0):
 garbage-first heap   total 120832K, used 93802K [0x0000000080000000, 0x0000000100000000)
  region size 1024K, 48 young (49152K), 7 survivors (7168K)
 Metaspace       used 61268K, committed 61824K, reserved 1114112K
  class space    used 8491K, committed 8704K, reserved 1048576K
}
Event: 4.730 GC heap after
{Heap after GC invocations=19 (full 0):
 garbage-first heap   total 120832K, used 56280K [0x0000000080000000, 0x0000000100000000)
  region size 1024K, 4 young (4096K), 4 survivors (4096K)
 Metaspace       used 61268K, committed 61824K, reserved 1114112K
  class space    used 8491K, committed 8704K, reserved 1048576K
}
Event: 4.776 GC heap before
{Heap before GC invocations=19 (full 0):
 garbage-first heap   total 120832K, used 95192K [0x0000000080000000, 0x0000000100000000)
  region size 1024K, 43 young (44032K), 4 survivors (4096K)
 Metaspace       used 61309K, committed 61824K, reserved 1114112K
  class space    used 8491K, committed 8704K, reserved 1048576K
}
Event: 4.780 GC heap after
{Heap after GC invocations=20 (full 0):
 garbage-first heap   total 120832K, used 57620K [0x0000000080000000, 0x0000000100000000)
  region size 1024K, 2 young (2048K), 2 survivors (2048K)
 Metaspace       used 61309K, committed 61824K, reserved 1114112K
  class space    used 8491K, committed 8704K, reserved 1048576K
}
Event: 4.825 GC heap before
{Heap before GC invocations=20 (full 0):
 garbage-first heap   total 120832K, used 95508K [0x0000000080000000, 0x0000000100000000)
  region size 1024K, 40 young (40960K), 2 survivors (2048K)
 Metaspace       used 61389K, committed 61888K, reserved 1114112K
  class space    used 8491K, committed 8704K, reserved 1048576K
}
Event: 4.828 GC heap after
{Heap after GC invocations=21 (full 0):
 garbage-first heap   total 120832K, used 57806K [0x0000000080000000, 0x0000000100000000)
  region size 1024K, 3 young (3072K), 3 survivors (3072K)
 Metaspace       used 61389K, committed 61888K, reserved 1114112K
  class space    used 8491K, committed 8704K, reserved 1048576K
}
Event: 4.912 GC heap before
{Heap before GC invocations=22 (full 0):
 garbage-first heap   total 150528K, used 96718K [0x0000000080000000, 0x0000000100000000)
  region size 1024K, 41 young (41984K), 3 survivors (3072K)
 Metaspace       used 61442K, committed 62016K, reserved 1114112K
  class space    used 8485K, committed 8704K, reserved 1048576K
}
Event: 4.917 GC heap after
{Heap after GC invocations=23 (full 0):
 garbage-first heap   total 150528K, used 60002K [0x0000000080000000, 0x0000000100000000)
  region size 1024K, 5 young (5120K), 5 survivors (5120K)
 Metaspace       used 61442K, committed 62016K, reserved 1114112K
  class space    used 8485K, committed 8704K, reserved 1048576K
}
Event: 4.921 GC heap before
{Heap before GC invocations=23 (full 0):
 garbage-first heap   total 150528K, used 62050K [0x0000000080000000, 0x0000000100000000)
  region size 1024K, 7 young (7168K), 5 survivors (5120K)
 Metaspace       used 61453K, committed 62016K, reserved 1114112K
  class space    used 8485K, committed 8704K, reserved 1048576K
}
Event: 4.926 GC heap after
{Heap after GC invocations=24 (full 0):
 garbage-first heap   total 301056K, used 60538K [0x0000000080000000, 0x0000000100000000)
  region size 1024K, 1 young (1024K), 1 survivors (1024K)
 Metaspace       used 61453K, committed 62016K, reserved 1114112K
  class space    used 8485K, committed 8704K, reserved 1048576K
}
Event: 5.213 GC heap before
{Heap before GC invocations=24 (full 0):
 garbage-first heap   total 301056K, used 239738K [0x0000000080000000, 0x0000000100000000)
  region size 1024K, 176 young (180224K), 1 survivors (1024K)
 Metaspace       used 61772K, committed 62272K, reserved 1114112K
  class space    used 8490K, committed 8704K, reserved 1048576K
}
Event: 5.223 GC heap after
{Heap after GC invocations=25 (full 0):
 garbage-first heap   total 301056K, used 69454K [0x0000000080000000, 0x0000000100000000)
  region size 1024K, 9 young (9216K), 9 survivors (9216K)
 Metaspace       used 61772K, committed 62272K, reserved 1114112K
  class space    used 8490K, committed 8704K, reserved 1048576K
}
Event: 5.433 GC heap before
{Heap before GC invocations=25 (full 0):
 garbage-first heap   total 301056K, used 228174K [0x0000000080000000, 0x0000000100000000)
  region size 1024K, 165 young (168960K), 9 survivors (9216K)
 Metaspace       used 61965K, committed 62464K, reserved 1114112K
  class space    used 8491K, committed 8704K, reserved 1048576K
}
Event: 5.440 GC heap after
{Heap after GC invocations=26 (full 0):
 garbage-first heap   total 301056K, used 70360K [0x0000000080000000, 0x0000000100000000)
  region size 1024K, 10 young (10240K), 10 survivors (10240K)
 Metaspace       used 61965K, committed 62464K, reserved 1114112K
  class space    used 8491K, committed 8704K, reserved 1048576K
}
Event: 5.633 GC heap before
{Heap before GC invocations=26 (full 0):
 garbage-first heap   total 301056K, used 240344K [0x0000000080000000, 0x0000000100000000)
  region size 1024K, 176 young (180224K), 10 survivors (10240K)
 Metaspace       used 62064K, committed 62528K, reserved 1114112K
  class space    used 8492K, committed 8704K, reserved 1048576K
}
Event: 5.642 GC heap after
{Heap after GC invocations=27 (full 0):
 garbage-first heap   total 301056K, used 75898K [0x0000000080000000, 0x0000000100000000)
  region size 1024K, 14 young (14336K), 14 survivors (14336K)
 Metaspace       used 62064K, committed 62528K, reserved 1114112K
  class space    used 8492K, committed 8704K, reserved 1048576K
}
Event: 5.810 GC heap before
{Heap before GC invocations=27 (full 0):
 garbage-first heap   total 301056K, used 241786K [0x0000000080000000, 0x0000000100000000)
  region size 1024K, 176 young (180224K), 14 survivors (14336K)
 Metaspace       used 62096K, committed 62592K, reserved 1114112K
  class space    used 8492K, committed 8704K, reserved 1048576K
}

Dll operation events (3 events):
Event: 0.005 Loaded shared library C:\Program Files\Android\Android Studio2\jbr\bin\java.dll
Event: 0.094 Loaded shared library C:\Program Files\Android\Android Studio2\jbr\bin\zip.dll
Event: 0.406 Loaded shared library C:\Program Files\Android\Android Studio2\jbr\bin\verify.dll

Deoptimization events (20 events):
Event: 5.772 Thread 0x00000210ff7157b0 DEOPT PACKING pc=0x00000210df20d408 sp=0x000000cfd51fad90
Event: 5.772 Thread 0x00000210ff7157b0 DEOPT UNPACKING pc=0x00000210e5917143 sp=0x000000cfd51fa270 mode 0
Event: 5.774 Thread 0x00000210ff712f30 DEOPT PACKING pc=0x00000210df20d408 sp=0x000000cfd4afa7a0
Event: 5.774 Thread 0x00000210ff712f30 DEOPT UNPACKING pc=0x00000210e5917143 sp=0x000000cfd4af9c80 mode 0
Event: 5.779 Thread 0x00000210ff7157b0 DEOPT PACKING pc=0x00000210df20d408 sp=0x000000cfd51fad90
Event: 5.779 Thread 0x00000210ff7157b0 DEOPT UNPACKING pc=0x00000210e5917143 sp=0x000000cfd51fa270 mode 0
Event: 5.784 Thread 0x00000210ff7157b0 DEOPT PACKING pc=0x00000210df20d408 sp=0x000000cfd51fad90
Event: 5.785 Thread 0x00000210ff7157b0 DEOPT UNPACKING pc=0x00000210e5917143 sp=0x000000cfd51fa270 mode 0
Event: 5.790 Thread 0x00000210ff7166e0 DEOPT PACKING pc=0x00000210df02f0e1 sp=0x000000cfd49faaa0
Event: 5.790 Thread 0x00000210ff7166e0 DEOPT UNPACKING pc=0x00000210e5917143 sp=0x000000cfd49f9ee0 mode 0
Event: 5.791 Thread 0x00000210ff7152a0 DEOPT PACKING pc=0x00000210df20d408 sp=0x000000cfd4bfadf0
Event: 5.791 Thread 0x00000210ff7152a0 DEOPT UNPACKING pc=0x00000210e5917143 sp=0x000000cfd4bfa2d0 mode 0
Event: 5.796 Thread 0x00000210ff7157b0 DEOPT PACKING pc=0x00000210df20d408 sp=0x000000cfd51fad90
Event: 5.796 Thread 0x00000210ff7157b0 DEOPT UNPACKING pc=0x00000210e5917143 sp=0x000000cfd51fa270 mode 0
Event: 5.801 Thread 0x00000210ff718a50 DEOPT PACKING pc=0x00000210df20d408 sp=0x000000cfd53faa00
Event: 5.801 Thread 0x00000210ff718a50 DEOPT UNPACKING pc=0x00000210e5917143 sp=0x000000cfd53f9ee0 mode 0
Event: 5.804 Thread 0x00000210ff714d90 DEOPT PACKING pc=0x00000210df20d408 sp=0x000000cfd50faca0
Event: 5.804 Thread 0x00000210ff714d90 DEOPT UNPACKING pc=0x00000210e5917143 sp=0x000000cfd50fa180 mode 0
Event: 5.808 Thread 0x00000210ff7157b0 DEOPT PACKING pc=0x00000210df20d408 sp=0x000000cfd51fad90
Event: 5.808 Thread 0x00000210ff7157b0 DEOPT UNPACKING pc=0x00000210e5917143 sp=0x000000cfd51fa270 mode 0

Classes unloaded (11 events):
Event: 4.874 Thread 0x00000210f51673f0 Unloading class 0x000000010085a400 'java/lang/invoke/LambdaForm$DMH+0x000000010085a400'
Event: 4.874 Thread 0x00000210f51673f0 Unloading class 0x000000010085a000 'java/lang/invoke/LambdaForm$DMH+0x000000010085a000'
Event: 4.874 Thread 0x00000210f51673f0 Unloading class 0x0000000100859c00 'java/lang/invoke/LambdaForm$DMH+0x0000000100859c00'
Event: 4.874 Thread 0x00000210f51673f0 Unloading class 0x0000000100859800 'java/lang/invoke/LambdaForm$DMH+0x0000000100859800'
Event: 4.874 Thread 0x00000210f51673f0 Unloading class 0x0000000100858400 'java/lang/invoke/LambdaForm$DMH+0x0000000100858400'
Event: 4.874 Thread 0x00000210f51673f0 Unloading class 0x0000000100858c00 'java/lang/invoke/LambdaForm$DMH+0x0000000100858c00'
Event: 4.874 Thread 0x00000210f51673f0 Unloading class 0x0000000100858800 'java/lang/invoke/LambdaForm$DMH+0x0000000100858800'
Event: 4.874 Thread 0x00000210f51673f0 Unloading class 0x0000000100859000 'java/lang/invoke/LambdaForm$DMH+0x0000000100859000'
Event: 4.874 Thread 0x00000210f51673f0 Unloading class 0x0000000100859400 'java/lang/invoke/LambdaForm$DMH+0x0000000100859400'
Event: 4.874 Thread 0x00000210f51673f0 Unloading class 0x000000010083c400 'java/lang/invoke/LambdaForm$DMH+0x000000010083c400'
Event: 4.874 Thread 0x00000210f51673f0 Unloading class 0x000000010083c800 'java/lang/invoke/LambdaForm$DMH+0x000000010083c800'

Classes redefined (0 events):
No events

Internal exceptions (20 events):
Event: 5.455 Thread 0x00000210ff718a50 Exception <a 'sun/nio/fs/WindowsException'{0x000000009221db10}> (0x000000009221db10) 
thrown [s\src\hotspot\share\prims\jni.cpp, line 531]
Event: 5.456 Thread 0x00000210fa4ed570 Exception <a 'sun/nio/fs/WindowsException'{0x000000009209e1b0}> (0x000000009209e1b0) 
thrown [s\src\hotspot\share\prims\jni.cpp, line 531]
Event: 5.495 Thread 0x00000210ff7161d0 Exception <a 'sun/nio/fs/WindowsException'{0x000000008fe40060}> (0x000000008fe40060) 
thrown [s\src\hotspot\share\prims\jni.cpp, line 531]
Event: 5.496 Thread 0x00000210ff7152a0 Exception <a 'sun/nio/fs/WindowsException'{0x000000008fbdc530}> (0x000000008fbdc530) 
thrown [s\src\hotspot\share\prims\jni.cpp, line 531]
Event: 5.499 Thread 0x00000210ff713440 Exception <a 'sun/nio/fs/WindowsException'{0x000000008fd8b750}> (0x000000008fd8b750) 
thrown [s\src\hotspot\share\prims\jni.cpp, line 531]
Event: 5.512 Thread 0x00000210ff714d90 Exception <a 'sun/nio/fs/WindowsException'{0x000000008f416660}> (0x000000008f416660) 
thrown [s\src\hotspot\share\prims\jni.cpp, line 531]
Event: 5.515 Thread 0x00000210ff717610 Exception <a 'sun/nio/fs/WindowsException'{0x000000008f099118}> (0x000000008f099118) 
thrown [s\src\hotspot\share\prims\jni.cpp, line 531]
Event: 5.528 Thread 0x00000210ff7157b0 Exception <a 'sun/nio/fs/WindowsException'{0x000000008ea55170}> (0x000000008ea55170) 
thrown [s\src\hotspot\share\prims\jni.cpp, line 531]
Event: 5.543 Thread 0x00000210ff718a50 Exception <a 'sun/nio/fs/WindowsException'{0x000000008e890398}> (0x000000008e890398) 
thrown [s\src\hotspot\share\prims\jni.cpp, line 531]
Event: 5.548 Thread 0x00000210ff7161d0 Exception <a 'sun/nio/fs/WindowsException'{0x000000008e5683f8}> (0x000000008e5683f8) 
thrown [s\src\hotspot\share\prims\jni.cpp, line 531]
Event: 5.575 Thread 0x00000210ff713440 Exception <a 'sun/nio/fs/WindowsException'{0x000000008c5b5528}> (0x000000008c5b5528) 
thrown [s\src\hotspot\share\prims\jni.cpp, line 531]
Event: 5.610 Thread 0x00000210ff7157b0 Exception <a 'sun/nio/fs/WindowsException'{0x0000000089ae1520}> (0x0000000089ae1520) 
thrown [s\src\hotspot\share\prims\jni.cpp, line 531]
Event: 5.610 Thread 0x00000210ff714d90 Exception <a 'sun/nio/fs/WindowsException'{0x00000000899c3ae8}> (0x00000000899c3ae8) 
thrown [s\src\hotspot\share\prims\jni.cpp, line 531]
Event: 5.696 Thread 0x00000210ff7161d0 Exception <a 'sun/nio/fs/WindowsException'{0x000000009253e650}> (0x000000009253e650) 
thrown [s\src\hotspot\share\prims\jni.cpp, line 531]
Event: 5.723 Thread 0x00000210ff713440 Exception <a 'sun/nio/fs/WindowsException'{0x000000008e3eb978}> (0x000000008e3eb978) 
thrown [s\src\hotspot\share\prims\jni.cpp, line 531]
Event: 5.742 Thread 0x00000210ff7157b0 Exception <a 'sun/nio/fs/WindowsException'{0x000000008d0f4550}> (0x000000008d0f4550) 
thrown [s\src\hotspot\share\prims\jni.cpp, line 531]
Event: 5.746 Thread 0x00000210ff714d90 Exception <a 'sun/nio/fs/WindowsException'{0x000000008d24b260}> (0x000000008d24b260) 
thrown [s\src\hotspot\share\prims\jni.cpp, line 531]
Event: 5.785 Thread 0x00000210fa4ed570 Exception <a 'sun/nio/fs/WindowsException'{0x000000008c7e9fc0}> (0x000000008c7e9fc0) 
thrown [s\src\hotspot\share\prims\jni.cpp, line 531]
Event: 5.791 Thread 0x00000210ff718a50 Exception <a 'sun/nio/fs/WindowsException'{0x0000000089edb9e0}> (0x0000000089edb9e0) 
thrown [s\src\hotspot\share\prims\jni.cpp, line 531]
Event: 5.801 Thread 0x00000210ff7161d0 Exception <a 'sun/nio/fs/WindowsException'{0x00000000894b6908}> (0x00000000894b6908) 
thrown [s\src\hotspot\share\prims\jni.cpp, line 531]

VM Operations (20 events):
Event: 4.881 Executing VM operation: G1PauseRemark done
Event: 4.899 Executing VM operation: G1PauseCleanup
Event: 4.900 Executing VM operation: G1PauseCleanup done
Event: 4.912 Executing VM operation: G1CollectForAllocation
Event: 4.920 Executing VM operation: G1CollectForAllocation done
Event: 4.921 Executing VM operation: G1CollectForAllocation
Event: 4.926 Executing VM operation: G1CollectForAllocation done
Event: 5.176 Executing VM operation: ICBufferFull
Event: 5.178 Executing VM operation: ICBufferFull done
Event: 5.212 Executing VM operation: G1CollectForAllocation
Event: 5.223 Executing VM operation: G1CollectForAllocation done
Event: 5.433 Executing VM operation: G1CollectForAllocation
Event: 5.440 Executing VM operation: G1CollectForAllocation done
Event: 5.631 Executing VM operation: G1CollectForAllocation
Event: 5.632 Executing VM operation: G1CollectForAllocation done
Event: 5.633 Executing VM operation: G1CollectForAllocation
Event: 5.642 Executing VM operation: G1CollectForAllocation done
Event: 5.809 Executing VM operation: G1CollectForAllocation
Event: 5.810 Executing VM operation: G1CollectForAllocation done
Event: 5.810 Executing VM operation: G1CollectForAllocation

Events (20 events):
Event: 4.566 loading class java/nio/file/StandardCopyOption done
Event: 4.566 loading class sun/nio/fs/WindowsFileCopy
Event: 4.566 loading class sun/nio/fs/WindowsFileCopy done
Event: 4.585 loading class java/nio/charset/UnsupportedCharsetException
Event: 4.586 loading class java/nio/charset/UnsupportedCharsetException done
Event: 4.586 loading class java/util/Collections$UnmodifiableSortedMap
Event: 4.587 loading class java/util/Collections$UnmodifiableSortedMap done
Event: 4.587 loading class java/util/zip/Deflater
Event: 4.587 loading class java/util/zip/Deflater done
Event: 4.588 loading class java/util/zip/Deflater$DeflaterZStreamRef
Event: 4.588 loading class java/util/zip/Deflater$DeflaterZStreamRef done
Event: 4.594 loading class java/util/zip/ZipInputStream
Event: 4.594 loading class java/util/zip/ZipInputStream done
Event: 4.618 loading class java/nio/StringCharBuffer
Event: 4.618 loading class java/nio/StringCharBuffer done
Event: 4.881 Thread 0x00000210f534e860 flushing nmethod 0x00000210e5fc4010
Event: 4.882 Thread 0x00000210f534e860 flushing nmethod 0x00000210e60aac10
Event: 4.883 Thread 0x00000210f534e860 flushing nmethod 0x00000210de3afa10
Event: 4.883 Thread 0x00000210f534e860 flushing nmethod 0x00000210de3b0b90
Event: 4.891 Thread 0x00000210f534e860 flushing nmethod 0x00000210dea10210


Dynamic libraries:
0x00007ff7617a0000 - 0x00007ff7617aa000 	C:\Program Files\Android\Android Studio2\jbr\bin\java.exe
0x00007ffff0c90000 - 0x00007ffff0e88000 	C:\Windows\SYSTEM32\ntdll.dll
0x00007fffef000000 - 0x00007fffef0c1000 	C:\Windows\System32\KERNEL32.DLL
0x00007fffee910000 - 0x00007fffeec06000 	C:\Windows\System32\KERNELBASE.dll
0x00007fffee460000 - 0x00007fffee560000 	C:\Windows\System32\ucrtbase.dll
0x00007fffeb9d0000 - 0x00007fffeb9eb000 	C:\Program Files\Android\Android Studio2\jbr\bin\VCRUNTIME140.dll
0x00007fff83a90000 - 0x00007fff83aa7000 	C:\Program Files\Android\Android Studio2\jbr\bin\jli.dll
0x00007ffff0660000 - 0x00007ffff07ff000 	C:\Windows\System32\USER32.dll
0x00007fffe3be0000 - 0x00007fffe3e7a000 	C:\Windows\WinSxS\amd64_microsoft.windows.common-controls_6595b64144ccf1df_6.0.19041.4355_none_60b8b9eb71f62e16\COMCTL32.dll
0x00007fffee8e0000 - 0x00007fffee902000 	C:\Windows\System32\win32u.dll
0x00007fffef2b0000 - 0x00007fffef2db000 	C:\Windows\System32\GDI32.dll
0x00007fffeee40000 - 0x00007fffeeede000 	C:\Windows\System32\msvcrt.dll
0x00007fffee340000 - 0x00007fffee457000 	C:\Windows\System32\gdi32full.dll
0x00007fffee650000 - 0x00007fffee6ed000 	C:\Windows\System32\msvcp_win.dll
0x00007ffff0020000 - 0x00007ffff004f000 	C:\Windows\System32\IMM32.DLL
0x00007fffeb690000 - 0x00007fffeb69c000 	C:\Program Files\Android\Android Studio2\jbr\bin\vcruntime140_1.dll
0x00007fffe0520000 - 0x00007fffe05ad000 	C:\Program Files\Android\Android Studio2\jbr\bin\msvcp140.dll
0x00007fff85d00000 - 0x00007fff86983000 	C:\Program Files\Android\Android Studio2\jbr\bin\server\jvm.dll
0x00007fffeecc0000 - 0x00007fffeed70000 	C:\Windows\System32\ADVAPI32.dll
0x00007fffeeee0000 - 0x00007fffeef80000 	C:\Windows\System32\sechost.dll
0x00007ffff04d0000 - 0x00007ffff05f3000 	C:\Windows\System32\RPCRT4.dll
0x00007fffee620000 - 0x00007fffee647000 	C:\Windows\System32\bcrypt.dll
0x00007fffe9880000 - 0x00007fffe9889000 	C:\Windows\SYSTEM32\WSOCK32.dll
0x00007fffedec0000 - 0x00007fffedf0b000 	C:\Windows\SYSTEM32\POWRPROF.dll
0x00007fffeffb0000 - 0x00007ffff001b000 	C:\Windows\System32\WS2_32.dll
0x00007fffdd320000 - 0x00007fffdd347000 	C:\Windows\SYSTEM32\WINMM.dll
0x00007fffe8c30000 - 0x00007fffe8c3a000 	C:\Windows\SYSTEM32\VERSION.dll
0x00007fffedea0000 - 0x00007fffedeb2000 	C:\Windows\SYSTEM32\UMPDC.dll
0x00007fffec1e0000 - 0x00007fffec1f2000 	C:\Windows\SYSTEM32\kernel.appcore.dll
0x00007fffe9870000 - 0x00007fffe987a000 	C:\Program Files\Android\Android Studio2\jbr\bin\jimage.dll
0x00007fffdb710000 - 0x00007fffdb8f4000 	C:\Windows\SYSTEM32\DBGHELP.DLL
0x00007fffcdf10000 - 0x00007fffcdf44000 	C:\Windows\SYSTEM32\dbgcore.DLL
0x00007fffee850000 - 0x00007fffee8d2000 	C:\Windows\System32\bcryptPrimitives.dll
0x00007fff856c0000 - 0x00007fff856ce000 	C:\Program Files\Android\Android Studio2\jbr\bin\instrument.dll
0x00007fff85cd0000 - 0x00007fff85cf5000 	C:\Program Files\Android\Android Studio2\jbr\bin\java.dll
0x00007fffe96a0000 - 0x00007fffe96b8000 	C:\Program Files\Android\Android Studio2\jbr\bin\zip.dll
0x00007fffef840000 - 0x00007fffeffac000 	C:\Windows\System32\SHELL32.dll
0x00007fffec3e0000 - 0x00007fffecb7e000 	C:\Windows\SYSTEM32\windows.storage.dll
0x00007ffff0170000 - 0x00007ffff04c3000 	C:\Windows\System32\combase.dll
0x00007fffedcf0000 - 0x00007fffedd1e000 	C:\Windows\SYSTEM32\Wldp.dll
0x00007fffeed70000 - 0x00007fffeee3d000 	C:\Windows\System32\OLEAUT32.dll
0x00007fffef200000 - 0x00007fffef2ad000 	C:\Windows\System32\SHCORE.dll
0x00007fffef750000 - 0x00007fffef7a5000 	C:\Windows\System32\shlwapi.dll
0x00007fffee270000 - 0x00007fffee294000 	C:\Windows\SYSTEM32\profapi.dll
0x00007fff85cb0000 - 0x00007fff85cc9000 	C:\Program Files\Android\Android Studio2\jbr\bin\net.dll
0x00007fffe8960000 - 0x00007fffe8a6a000 	C:\Windows\SYSTEM32\WINHTTP.dll
0x00007fffed9f0000 - 0x00007fffeda5a000 	C:\Windows\system32\mswsock.dll
0x00007fff85c90000 - 0x00007fff85ca6000 	C:\Program Files\Android\Android Studio2\jbr\bin\nio.dll
0x00007fff856d0000 - 0x00007fff856e0000 	C:\Program Files\Android\Android Studio2\jbr\bin\verify.dll
0x00007fffdeb60000 - 0x00007fffdeb87000 	C:\Users\Innovaneers Tech\.gradle\native\c067742578af261105cb4f569cf0c3c89f3d7b1fecec35dd04571415982c5e48\windows-amd64\native-platform.dll
0x00007fffb5a50000 - 0x00007fffb5b94000 	C:\Users\Innovaneers Tech\.gradle\native\100fb08df4bc3b14c8652ba06237920a3bd2aa13389f12d3474272988ae205f9\windows-amd64\native-platform-file-events.dll
0x00007fff84310000 - 0x00007fff84319000 	C:\Program Files\Android\Android Studio2\jbr\bin\management.dll
0x00007fff84020000 - 0x00007fff8402b000 	C:\Program Files\Android\Android Studio2\jbr\bin\management_ext.dll
0x00007fffeefe0000 - 0x00007fffeefe8000 	C:\Windows\System32\PSAPI.DLL
0x00007fffedc50000 - 0x00007fffedc68000 	C:\Windows\SYSTEM32\CRYPTSP.dll
0x00007fffed310000 - 0x00007fffed344000 	C:\Windows\system32\rsaenh.dll
0x00007fffee1e0000 - 0x00007fffee20e000 	C:\Windows\SYSTEM32\USERENV.dll
0x00007fffedc40000 - 0x00007fffedc4c000 	C:\Windows\SYSTEM32\CRYPTBASE.dll
0x00007fffed6d0000 - 0x00007fffed70b000 	C:\Windows\SYSTEM32\IPHLPAPI.DLL
0x00007fffeeff0000 - 0x00007fffeeff8000 	C:\Windows\System32\NSI.dll
0x00007fffe8cc0000 - 0x00007fffe8cd7000 	C:\Windows\SYSTEM32\dhcpcsvc6.DLL
0x00007fffe8ee0000 - 0x00007fffe8efd000 	C:\Windows\SYSTEM32\dhcpcsvc.DLL
0x00007fffed710000 - 0x00007fffed7da000 	C:\Windows\SYSTEM32\DNSAPI.dll
0x00007fff84370000 - 0x00007fff84379000 	C:\Program Files\Android\Android Studio2\jbr\bin\extnet.dll
0x00007fffc0030000 - 0x00007fffc0037000 	C:\Windows\system32\wshunix.dll

dbghelp: loaded successfully - version: 4.0.5 - missing functions: none
symbol engine: initialized successfully - sym options: 0x614 - pdb path: .;C:\Program Files\Android\Android Studio2\jbr\bin;C:\Windows\SYSTEM32;C:\Windows\WinSxS\amd64_microsoft.windows.common-controls_6595b64144ccf1df_6.0.19041.4355_none_60b8b9eb71f62e16;C:\Program Files\Android\Android Studio2\jbr\bin\server;C:\Users\Innovaneers Tech\.gradle\native\c067742578af261105cb4f569cf0c3c89f3d7b1fecec35dd04571415982c5e48\windows-amd64;C:\Users\Innovaneers Tech\.gradle\native\100fb08df4bc3b14c8652ba06237920a3bd2aa13389f12d3474272988ae205f9\windows-amd64

VM Arguments:
jvm_args: --add-opens=java.base/java.util=ALL-UNNAMED --add-opens=java.base/java.lang=ALL-UNNAMED --add-opens=java.base/java.lang.invoke=ALL-UNNAMED --add-opens=java.prefs/java.util.prefs=ALL-UNNAMED --add-exports=jdk.compiler/com.sun.tools.javac.api=ALL-UNNAMED --add-exports=jdk.compiler/com.sun.tools.javac.util=ALL-UNNAMED --add-opens=java.base/java.nio.charset=ALL-UNNAMED --add-opens=java.base/java.net=ALL-UNNAMED --add-opens=java.base/java.util.concurrent.atomic=ALL-UNNAMED -Xmx2048m -Dfile.encoding=UTF-8 -Duser.country=IN -Duser.language=en -Duser.variant -javaagent:C:\Users\Innovaneers Tech\.gradle\wrapper\dists\gradle-8.9-bin\90cnw93cvbtalezasaz0blq0a\gradle-8.9\lib\agents\gradle-instrumentation-agent-8.9.jar 
java_command: org.gradle.launcher.daemon.bootstrap.GradleDaemon 8.9
java_class_path (initial): C:\Users\Innovaneers Tech\.gradle\wrapper\dists\gradle-8.9-bin\90cnw93cvbtalezasaz0blq0a\gradle-8.9\lib\gradle-daemon-main-8.9.jar
Launcher Type: SUN_STANDARD

[Global flags]
     intx CICompilerCount                          = 4                                         {product} {ergonomic}
     uint ConcGCThreads                            = 3                                         {product} {ergonomic}
     uint G1ConcRefinementThreads                  = 10                                        {product} {ergonomic}
   size_t G1HeapRegionSize                         = 1048576                                   {product} {ergonomic}
    uintx GCDrainStackTargetSize                   = 64                                        {product} {ergonomic}
   size_t InitialHeapSize                          = 266338304                                 {product} {ergonomic}
   size_t MarkStackSize                            = 4194304                                   {product} {ergonomic}
   size_t MaxHeapSize                              = 2147483648                                {product} {command line}
   size_t MaxNewSize                               = 1287651328                                {product} {ergonomic}
   size_t MinHeapDeltaBytes                        = 1048576                                   {product} {ergonomic}
   size_t MinHeapSize                              = 8388608                                   {product} {ergonomic}
    uintx NonNMethodCodeHeapSize                   = 5839372                                {pd product} {ergonomic}
    uintx NonProfiledCodeHeapSize                  = 122909434                              {pd product} {ergonomic}
    uintx ProfiledCodeHeapSize                     = 122909434                              {pd product} {ergonomic}
    uintx ReservedCodeCacheSize                    = 251658240                              {pd product} {ergonomic}
     bool SegmentedCodeCache                       = true                                      {product} {ergonomic}
   size_t SoftMaxHeapSize                          = 2147483648                             {manageable} {ergonomic}
     bool UseCompressedClassPointers               = true                           {product lp64_product} {ergonomic}
     bool UseCompressedOops                        = true                           {product lp64_product} {ergonomic}
     bool UseG1GC                                  = true                                      {product} {ergonomic}
     bool UseLargePagesIndividualAllocation        = false                                  {pd product} {ergonomic}

Logging:
Log output configuration:
 #0: stdout all=warning uptime,level,tags
 #1: stderr all=off uptime,level,tags

Environment Variables:
PATH=C:\Program Files\Common Files\Oracle\Java\javapath;C:\Program Files (x86)\Common Files\Intel\Shared Libraries\redist\intel64\compiler;C:\Windows\system32;C:\Windows;C:\Windows\System32\Wbem;C:\Windows\System32\WindowsPowerShell\v1.0\;C:\Windows\System32\OpenSSH\;C:\Program Files\Microsoft SQL Server\150\Tools\Binn\;C:\Program Files (x86)\NVIDIA Corporation\PhysX\Common;C:\Program Files\NVIDIA Corporation\NVIDIA NvDLISR;C:\Program Files\Microsoft SQL Server\130\Tools\Binn\;C:\Program Files\Microsoft SQL Server\Client SDK\ODBC\170\Tools\Binn\;C:\Program Files\dotnet\;C:\Program Files\nodejs\;C:\Users\Innovaneers Tech\AppData\Local\Microsoft\WindowsApps;C:\Users\Innovaneers Tech\AppData\Roaming\npm
USERNAME=Innovaneers Tech
OS=Windows_NT
PROCESSOR_IDENTIFIER=Intel64 Family 6 Model 165 Stepping 3, GenuineIntel
TMP=C:\Users\INNOVA~1\AppData\Local\Temp
TEMP=C:\Users\INNOVA~1\AppData\Local\Temp



Periodic native trim disabled

JNI global refs:
JNI global refs: 29, weak refs: 71

JNI global refs memory usage: 843, weak refs: 1473

Process memory usage:
Resident Set Size: 535600K (3% of 16641784K total physical memory with 648548K free physical memory)

OOME stack traces (most recent first):
Classloader memory used:
Loader org.gradle.internal.classloader.VisitableURLClassLoader                         : 3989K
Loader bootstrap                                                                       : 2499K
Loader org.gradle.initialization.MixInLegacyTypesClassLoader                           : 1139K
Loader jdk.internal.loader.ClassLoaders$PlatformClassLoader                            : 66949B
Loader jdk.internal.loader.ClassLoaders$AppClassLoader                                 : 28700B
Loader jdk.internal.reflect.DelegatingClassLoader                                      : 22526B
Loader org.gradle.groovy.scripts.internal.DefaultScriptCompilationHandler$ScriptClassLoader: 9469B
Loader org.gradle.internal.classloader.VisitableURLClassLoader                         : 8065B
Loader org.codehaus.groovy.runtime.callsite.CallSiteClassLoader                        : 1164B

Classes loaded by more than one classloader:
Class org.gradle.internal.installation.GradleInstallation                             : loaded 2 times (x 73B)
Class org.gradle.internal.classpath.ClassPath                                         : loaded 2 times (x 68B)
Class org.gradle.api.internal.classpath.DefaultModuleRegistry                         : loaded 2 times (x 81B)
Class org.gradle.api.Action                                                           : loaded 2 times (x 68B)
Class org.gradle.api.internal.DefaultClassPathProvider                                : loaded 2 times (x 74B)
Class org.gradle.internal.installation.GradleInstallation$1                           : loaded 2 times (x 73B)
Class org.gradle.internal.classloader.FilteringClassLoader                            : loaded 2 times (x 103B)
Class org.gradle.internal.classpath.DefaultClassPath$ImmutableUniqueList$Builder      : loaded 2 times (x 73B)
Class org.gradle.internal.classloader.ClassLoaderVisitor                              : loaded 2 times (x 74B)
Class org.gradle.internal.service.DefaultServiceLocator                               : loaded 2 times (x 81B)
Class org.gradle.internal.service.UnknownServiceException                             : loaded 2 times (x 81B)
Class org.gradle.internal.classloader.DefaultClassLoaderFactory                       : loaded 2 times (x 80B)
Class org.gradle.internal.classloader.VisitableURLClassLoader$Spec                    : loaded 2 times (x 72B)
Class org.gradle.api.GradleException                                                  : loaded 2 times (x 80B)
Class org.gradle.api.internal.classpath.ModuleRegistry                                : loaded 2 times (x 68B)
Class org.gradle.api.internal.ClassPathProvider                                       : loaded 2 times (x 68B)
Class org.gradle.internal.classloader.ClasspathUtil$1                                 : loaded 2 times (x 74B)
Class org.gradle.internal.classloader.ClassLoaderFactory                              : loaded 2 times (x 68B)
Class org.gradle.api.internal.classpath.ManifestUtil                                  : loaded 2 times (x 69B)
Class org.gradle.api.specs.Spec                                                       : loaded 2 times (x 68B)
Class org.gradle.internal.IoActions                                                   : loaded 2 times (x 69B)
Class org.gradle.api.internal.classpath.EffectiveClassPath                            : loaded 2 times (x 88B)
Class org.gradle.internal.installation.CurrentGradleInstallation                      : loaded 2 times (x 71B)
Class org.gradle.internal.agents.InstrumentingClassLoader                             : loaded 2 times (x 68B)
Class org.gradle.internal.installation.CurrentGradleInstallationLocator               : loaded 2 times (x 69B)
Class org.gradle.api.internal.classpath.Module                                        : loaded 2 times (x 68B)
Class org.gradle.internal.service.CachingServiceLocator                               : loaded 2 times (x 80B)
Class org.gradle.internal.classpath.DefaultClassPath                                  : loaded 2 times (x 88B)
Class org.gradle.internal.classloader.SystemClassLoaderSpec                           : loaded 2 times (x 69B)
Class org.gradle.api.UncheckedIOException                                             : loaded 2 times (x 80B)
Class org.gradle.internal.classloader.ClasspathUtil                                   : loaded 2 times (x 69B)
Class org.gradle.api.internal.DefaultClassPathRegistry                                : loaded 2 times (x 74B)
Class org.gradle.api.internal.classpath.DefaultModuleRegistry$DefaultModule           : loaded 2 times (x 84B)
Class settings_ehi40igcbexa77pd7hgckc8yl                                              : loaded 2 times (x 177B)
Class org.gradle.api.internal.classpath.UnknownModuleException                        : loaded 2 times (x 80B)
Class org.gradle.internal.service.ServiceLookupException                              : loaded 2 times (x 80B)
Class [Lorg.gradle.api.internal.ClassPathProvider;                                    : loaded 2 times (x 67B)
Class org.gradle.util.internal.GUtil                                                  : loaded 2 times (x 69B)
Class org.gradle.internal.classloader.ClassLoaderSpec                                 : loaded 2 times (x 69B)
Class org.gradle.internal.classloader.VisitableURLClassLoader                         : loaded 2 times (x 115B)
Class settings_ehi40igcbexa77pd7hgckc8yl$_run_closure1                                : loaded 2 times (x 137B)
Class org.gradle.internal.Cast                                                        : loaded 2 times (x 69B)
Class org.gradle.api.internal.ClassPathRegistry                                       : loaded 2 times (x 68B)
Class settings_ehi40igcbexa77pd7hgckc8yl$_run_closure1$_closure2                      : loaded 2 times (x 137B)
Class org.gradle.internal.classloader.VisitableURLClassLoader$InstrumentingVisitableURLClassLoader: loaded 2 times (x 121B)
Class org.gradle.internal.classloader.ClassLoaderHierarchy                            : loaded 2 times (x 68B)
Class org.gradle.internal.InternalTransformer                                         : loaded 2 times (x 68B)
Class org.gradle.internal.service.ServiceLocator                                      : loaded 2 times (x 68B)
Class org.gradle.internal.classpath.DefaultClassPath$ImmutableUniqueList              : loaded 2 times (x 159B)
Class org.gradle.internal.classpath.TransformedClassPath                              : loaded 2 times (x 94B)


---------------  S Y S T E M  ---------------

OS:
 Windows 10 , 64 bit Build 19041 (10.0.19041.4597)
OS uptime: 0 days 6:38 hours

CPU: total 12 (initial active 12) (6 cores per cpu, 2 threads per core) family 6 model 165 stepping 3 microcode 0xea, cx8, cmov, fxsr, ht, mmx, 3dnowpref, sse, sse2, sse3, ssse3, sse4.1, sse4.2, popcnt, lzcnt, tsc, tscinvbit, avx, avx2, aes, erms, clmul, bmi1, bmi2, adx, fma, vzeroupper, clflush, clflushopt
Processor Information for all 12 processors :
  Max Mhz: 2904, Current Mhz: 2904, Mhz Limit: 2904

Memory: 4k page, system-wide physical 16251M (640M free)
TotalPageFile size 23251M (AvailPageFile size 20M)
current process WorkingSet (physical memory assigned to process): 521M, peak: 525M
current process commit charge ("private bytes"): 567M, peak: 907M

vm_info: OpenJDK 64-Bit Server VM (17.0.11+0--11852314) for windows-amd64 JRE (17.0.11+0--11852314), built on May 16 2024 21:29:20 by "androidbuild" with MS VC++ 16.10 / 16.11 (VS2019)

END.
