#
# There is insufficient memory for the Java Runtime Environment to continue.
# Native memory allocation (mmap) failed to map 103809024 bytes. Error detail: G1 virtual space
# Possible reasons:
#   The system is out of physical RAM or swap space
#   This process is running with CompressedOops enabled, and the Java Heap may be blocking the growth of the native heap
# Possible solutions:
#   Reduce memory load on the system
#   Increase physical memory or swap space
#   Check if swap backing store is full
#   Decrease Java heap size (-Xmx/-Xms)
#   Decrease number of Java threads
#   Decrease Java thread stack sizes (-Xss)
#   Set larger code cache with -XX:ReservedCodeCacheSize=
#   JVM is running with Unscaled Compressed Oops mode in which the Java heap is
#     placed in the first 4GB address space. The Java Heap base address is the
#     maximum limit for the native heap growth. Please use -XX:HeapBaseMinAddress
#     to set the Java Heap base and to place the Java Heap above 4GB virtual address.
# This output file may be truncated or incomplete.
#
#  Out of Memory Error (os_windows.cpp:3825), pid=14484, tid=9668
#
# JRE version: OpenJDK Runtime Environment (17.0.11) (build 17.0.11+0--11852314)
# Java VM: OpenJDK 64-Bit Server VM (17.0.11+0--11852314, mixed mode, tiered, compressed oops, compressed class ptrs, g1 gc, windows-amd64)
# No core dump will be written. Minidumps are not enabled by default on client versions of Windows
#

---------------  S U M M A R Y ------------

Command Line: --add-opens=java.base/java.util=ALL-UNNAMED --add-opens=java.base/java.lang=ALL-UNNAMED --add-opens=java.base/java.lang.invoke=ALL-UNNAMED --add-opens=java.prefs/java.util.prefs=ALL-UNNAMED --add-exports=jdk.compiler/com.sun.tools.javac.api=ALL-UNNAMED --add-exports=jdk.compiler/com.sun.tools.javac.util=ALL-UNNAMED --add-opens=java.base/java.nio.charset=ALL-UNNAMED --add-opens=java.base/java.net=ALL-UNNAMED --add-opens=java.base/java.util.concurrent.atomic=ALL-UNNAMED -Xmx2048m -Dfile.encoding=UTF-8 -Duser.country=IN -Duser.language=en -Duser.variant -javaagent:C:\Users\Innovaneers Tech\.gradle\wrapper\dists\gradle-8.9-bin\90cnw93cvbtalezasaz0blq0a\gradle-8.9\lib\agents\gradle-instrumentation-agent-8.9.jar org.gradle.launcher.daemon.bootstrap.GradleDaemon 8.9

Host: Intel(R) Core(TM) i5-10400F CPU @ 2.90GHz, 12 cores, 15G,  Windows 10 , 64 bit Build 19041 (10.0.19041.4597)
Time: Wed Jul 24 17:03:03 2024 India Standard Time elapsed time: 7.043017 seconds (0d 0h 0m 7s)

---------------  T H R E A D  ---------------

Current thread (0x0000023fff2116c0):  VMThread "VM Thread" [stack: 0x0000004af7b00000,0x0000004af7c00000] [id=9668]

Stack: [0x0000004af7b00000,0x0000004af7c00000]
Native frames: (J=compiled Java code, j=interpreted, Vv=VM code, C=native code)
V  [jvm.dll+0x687bb9]
V  [jvm.dll+0x84142a]
V  [jvm.dll+0x8430ae]
V  [jvm.dll+0x843713]
V  [jvm.dll+0x24a35f]
V  [jvm.dll+0x684989]
V  [jvm.dll+0x67923a]
V  [jvm.dll+0x30af0b]
V  [jvm.dll+0x3123b6]
V  [jvm.dll+0x361dfe]
V  [jvm.dll+0x36202f]
V  [jvm.dll+0x2e0d38]
V  [jvm.dll+0x2df144]
V  [jvm.dll+0x2de74c]
V  [jvm.dll+0x32305b]
V  [jvm.dll+0x847e0b]
V  [jvm.dll+0x848b42]
V  [jvm.dll+0x84905d]
V  [jvm.dll+0x849434]
V  [jvm.dll+0x849500]
V  [jvm.dll+0x7efa4a]
V  [jvm.dll+0x686a35]
C  [ucrtbase.dll+0x21bb2]
C  [KERNEL32.DLL+0x17374]
C  [ntdll.dll+0x4cc91]

VM_Operation (0x0000004afc9fab80): G1CollectForAllocation, mode: safepoint, requested by thread 0x0000023f8f4cc850


---------------  P R O C E S S  ---------------

Threads class SMR info:
_java_thread_list=0x0000023f8d38cd10, length=71, elements={
0x0000023fe8e22530, 0x0000023fff213e50, 0x0000023fff214be0, 0x0000023fff237780,
0x0000023fff23b170, 0x0000023fff23ba40, 0x0000023fff23c310, 0x0000023fff23cfc0,
0x0000023fff23df90, 0x0000023fff277010, 0x0000023fff401f90, 0x0000023fff5143e0,
0x0000023fff4e9b20, 0x0000023fff762970, 0x0000023f8b371590, 0x0000023f8b3f32f0,
0x0000023f8a1a74b0, 0x0000023f8b2e37d0, 0x0000023f8b086e50, 0x0000023f8b123b90,
0x0000023f8b1240a0, 0x0000023f8b123680, 0x0000023f8b124fd0, 0x0000023f8b1245b0,
0x0000023f8b122750, 0x0000023f8b121d30, 0x0000023f8b122240, 0x0000023f8a1a3910,
0x0000023f8a1a29e0, 0x0000023f8a1a1fc0, 0x0000023f8a1a24d0, 0x0000023f8a1a0160,
0x0000023f8a1a1ab0, 0x0000023f8a1a2ef0, 0x0000023f8a1a0670, 0x0000023f8ce52fc0,
0x0000023f8ce50740, 0x0000023f8ce4d4a0, 0x0000023f8ce4e3d0, 0x0000023f8ce4e8e0,
0x0000023f8ce50c50, 0x0000023f8ce4d9b0, 0x0000023f8ce525a0, 0x0000023f8ce4edf0,
0x0000023f8ce51670, 0x0000023f8ce4c060, 0x0000023f8ce4dec0, 0x0000023f8ce52ab0,
0x0000023f8ce50230, 0x0000023f8ce539e0, 0x0000023f8ce4f300, 0x0000023f8ce534d0,
0x0000023f8ce51160, 0x0000023f8ce4c570, 0x0000023f8dd03290, 0x0000023f8dd02360,
0x0000023f8dd050f0, 0x0000023f8dd041c0, 0x0000023f8dd037a0, 0x0000023f8dd05600,
0x0000023f8f4ccd60, 0x0000023f8f4cd780, 0x0000023f8f4ce1a0, 0x0000023f8f4cd270,
0x0000023f8f4cdc90, 0x0000023f8f4cc850, 0x0000023f8d50ae60, 0x0000023f8d50b880,
0x0000023f8d50a950, 0x0000023f8d50dbf0, 0x0000023f8d50bd90
}

Java Threads: ( => current thread )
  0x0000023fe8e22530 JavaThread "main" [_thread_blocked, id=3792, stack(0x0000004af7500000,0x0000004af7600000)]
  0x0000023fff213e50 JavaThread "Reference Handler" daemon [_thread_blocked, id=18700, stack(0x0000004af7c00000,0x0000004af7d00000)]
  0x0000023fff214be0 JavaThread "Finalizer" daemon [_thread_blocked, id=21980, stack(0x0000004af7d00000,0x0000004af7e00000)]
  0x0000023fff237780 JavaThread "Signal Dispatcher" daemon [_thread_blocked, id=21468, stack(0x0000004af7e00000,0x0000004af7f00000)]
  0x0000023fff23b170 JavaThread "Attach Listener" daemon [_thread_blocked, id=19524, stack(0x0000004af7f00000,0x0000004af8000000)]
  0x0000023fff23ba40 JavaThread "Service Thread" daemon [_thread_blocked, id=19252, stack(0x0000004af8000000,0x0000004af8100000)]
  0x0000023fff23c310 JavaThread "Monitor Deflation Thread" daemon [_thread_blocked, id=18940, stack(0x0000004af8100000,0x0000004af8200000)]
  0x0000023fff23cfc0 JavaThread "C2 CompilerThread0" daemon [_thread_blocked, id=22000, stack(0x0000004af8200000,0x0000004af8300000)]
  0x0000023fff23df90 JavaThread "C1 CompilerThread0" daemon [_thread_blocked, id=20716, stack(0x0000004af8300000,0x0000004af8400000)]
  0x0000023fff277010 JavaThread "Sweeper thread" daemon [_thread_blocked, id=14540, stack(0x0000004af8400000,0x0000004af8500000)]
  0x0000023fff401f90 JavaThread "Common-Cleaner" daemon [_thread_blocked, id=22172, stack(0x0000004af8500000,0x0000004af8600000)]
  0x0000023fff5143e0 JavaThread "Notification Thread" daemon [_thread_blocked, id=16960, stack(0x0000004af8600000,0x0000004af8700000)]
  0x0000023fff4e9b20 JavaThread "C2 CompilerThread1" daemon [_thread_blocked, id=1608, stack(0x0000004af8800000,0x0000004af8900000)]
  0x0000023fff762970 JavaThread "C2 CompilerThread2" daemon [_thread_blocked, id=14872, stack(0x0000004af8900000,0x0000004af8a00000)]
  0x0000023f8b371590 JavaThread "Daemon health stats" [_thread_blocked, id=16628, stack(0x0000004af8f00000,0x0000004af9000000)]
  0x0000023f8b3f32f0 JavaThread "Incoming local TCP Connector on port 58421" [_thread_in_native, id=15872, stack(0x0000004af9000000,0x0000004af9100000)]
  0x0000023f8a1a74b0 JavaThread "Daemon periodic checks" [_thread_blocked, id=22196, stack(0x0000004af9100000,0x0000004af9200000)]
  0x0000023f8b2e37d0 JavaThread "Daemon" [_thread_blocked, id=16396, stack(0x0000004af9200000,0x0000004af9300000)]
  0x0000023f8b086e50 JavaThread "Handler for socket connection from /127.0.0.1:58421 to /127.0.0.1:58422" [_thread_in_native, id=1508, stack(0x0000004af9300000,0x0000004af9400000)]
  0x0000023f8b123b90 JavaThread "Cancel handler" [_thread_blocked, id=18252, stack(0x0000004af9400000,0x0000004af9500000)]
  0x0000023f8b1240a0 JavaThread "Daemon worker" [_thread_blocked, id=13896, stack(0x0000004af9500000,0x0000004af9600000)]
  0x0000023f8b123680 JavaThread "Asynchronous log dispatcher for DefaultDaemonConnection: socket connection from /127.0.0.1:58421 to /127.0.0.1:58422" [_thread_blocked, id=18364, stack(0x0000004af9600000,0x0000004af9700000)]
  0x0000023f8b124fd0 JavaThread "Stdin handler" [_thread_blocked, id=22108, stack(0x0000004af9700000,0x0000004af9800000)]
  0x0000023f8b1245b0 JavaThread "Daemon client event forwarder" [_thread_blocked, id=22060, stack(0x0000004af9800000,0x0000004af9900000)]
  0x0000023f8b122750 JavaThread "Cache worker for journal cache (C:\Users\Innovaneers Tech\.gradle\caches\journal-1)" [_thread_blocked, id=18424, stack(0x0000004af9f00000,0x0000004afa000000)]
  0x0000023f8b121d30 JavaThread "File lock request listener" [_thread_in_native, id=12628, stack(0x0000004afa000000,0x0000004afa100000)]
  0x0000023f8b122240 JavaThread "Cache worker for file hash cache (C:\Users\Innovaneers Tech\.gradle\caches\8.9\fileHashes)" [_thread_blocked, id=6176, stack(0x0000004afa100000,0x0000004afa200000)]
  0x0000023f8a1a3910 JavaThread "Cache worker for file hash cache (D:\Gallus\.gradle\8.9\fileHashes)" [_thread_blocked, id=20596, stack(0x0000004afa200000,0x0000004afa300000)]
  0x0000023f8a1a29e0 JavaThread "Cache worker for Build Output Cleanup Cache (D:\Gallus\.gradle\buildOutputCleanup)" [_thread_blocked, id=14492, stack(0x0000004afa300000,0x0000004afa400000)]
  0x0000023f8a1a1fc0 JavaThread "File watcher server" daemon [_thread_blocked, id=19116, stack(0x0000004afa400000,0x0000004afa500000)]
  0x0000023f8a1a24d0 JavaThread "File watcher consumer" daemon [_thread_blocked, id=21668, stack(0x0000004afa500000,0x0000004afa600000)]
  0x0000023f8a1a0160 JavaThread "Cache worker for checksums cache (D:\Gallus\.gradle\8.9\checksums)" [_thread_blocked, id=22388, stack(0x0000004afa600000,0x0000004afa700000)]
  0x0000023f8a1a1ab0 JavaThread "Cache worker for file content cache (C:\Users\Innovaneers Tech\.gradle\caches\8.9\fileContent)" [_thread_blocked, id=6684, stack(0x0000004afa700000,0x0000004afa800000)]
  0x0000023f8a1a2ef0 JavaThread "Cache worker for cache directory md-rule (C:\Users\Innovaneers Tech\.gradle\caches\8.9\md-rule)" [_thread_blocked, id=13752, stack(0x0000004afa800000,0x0000004afa900000)]
  0x0000023f8a1a0670 JavaThread "Cache worker for cache directory md-supplier (C:\Users\Innovaneers Tech\.gradle\caches\8.9\md-supplier)" [_thread_blocked, id=1632, stack(0x0000004afaa00000,0x0000004afab00000)]
  0x0000023f8ce52fc0 JavaThread "jar transforms" [_thread_blocked, id=14456, stack(0x0000004afab00000,0x0000004afac00000)]
  0x0000023f8ce50740 JavaThread "jar transforms Thread 2" [_thread_blocked, id=852, stack(0x0000004afac00000,0x0000004afad00000)]
  0x0000023f8ce4d4a0 JavaThread "jar transforms Thread 3" [_thread_blocked, id=12556, stack(0x0000004afad00000,0x0000004afae00000)]
  0x0000023f8ce4e3d0 JavaThread "Unconstrained build operations" [_thread_blocked, id=22328, stack(0x0000004afae00000,0x0000004afaf00000)]
  0x0000023f8ce4e8e0 JavaThread "Unconstrained build operations Thread 2" [_thread_blocked, id=20164, stack(0x0000004afaf00000,0x0000004afb000000)]
  0x0000023f8ce50c50 JavaThread "Unconstrained build operations Thread 3" [_thread_blocked, id=3364, stack(0x0000004afb000000,0x0000004afb100000)]
  0x0000023f8ce4d9b0 JavaThread "Unconstrained build operations Thread 4" [_thread_blocked, id=22100, stack(0x0000004afb100000,0x0000004afb200000)]
  0x0000023f8ce525a0 JavaThread "Unconstrained build operations Thread 5" [_thread_blocked, id=22248, stack(0x0000004afb200000,0x0000004afb300000)]
  0x0000023f8ce4edf0 JavaThread "Unconstrained build operations Thread 6" [_thread_blocked, id=14364, stack(0x0000004afb300000,0x0000004afb400000)]
  0x0000023f8ce51670 JavaThread "Unconstrained build operations Thread 7" [_thread_blocked, id=9136, stack(0x0000004afb400000,0x0000004afb500000)]
  0x0000023f8ce4c060 JavaThread "Unconstrained build operations Thread 8" [_thread_blocked, id=22244, stack(0x0000004afb500000,0x0000004afb600000)]
  0x0000023f8ce4dec0 JavaThread "Unconstrained build operations Thread 9" [_thread_blocked, id=21784, stack(0x0000004afb600000,0x0000004afb700000)]
  0x0000023f8ce52ab0 JavaThread "Unconstrained build operations Thread 10" [_thread_blocked, id=22516, stack(0x0000004afb700000,0x0000004afb800000)]
  0x0000023f8ce50230 JavaThread "Unconstrained build operations Thread 11" [_thread_blocked, id=15848, stack(0x0000004afb800000,0x0000004afb900000)]
  0x0000023f8ce539e0 JavaThread "Unconstrained build operations Thread 12" [_thread_blocked, id=22396, stack(0x0000004afb900000,0x0000004afba00000)]
  0x0000023f8ce4f300 JavaThread "Unconstrained build operations Thread 13" [_thread_blocked, id=14632, stack(0x0000004afba00000,0x0000004afbb00000)]
  0x0000023f8ce534d0 JavaThread "Unconstrained build operations Thread 14" [_thread_blocked, id=22452, stack(0x0000004afbb00000,0x0000004afbc00000)]
  0x0000023f8ce51160 JavaThread "Unconstrained build operations Thread 15" [_thread_blocked, id=21736, stack(0x0000004afbc00000,0x0000004afbd00000)]
  0x0000023f8ce4c570 JavaThread "Unconstrained build operations Thread 16" [_thread_blocked, id=7552, stack(0x0000004afbd00000,0x0000004afbe00000)]
  0x0000023f8dd03290 JavaThread "Unconstrained build operations Thread 17" [_thread_blocked, id=22336, stack(0x0000004afbe00000,0x0000004afbf00000)]
  0x0000023f8dd02360 JavaThread "Unconstrained build operations Thread 18" [_thread_blocked, id=8804, stack(0x0000004afbf00000,0x0000004afc000000)]
  0x0000023f8dd050f0 JavaThread "Unconstrained build operations Thread 19" [_thread_blocked, id=20920, stack(0x0000004afc000000,0x0000004afc100000)]
  0x0000023f8dd041c0 JavaThread "Unconstrained build operations Thread 20" [_thread_blocked, id=13416, stack(0x0000004afc100000,0x0000004afc200000)]
  0x0000023f8dd037a0 JavaThread "Unconstrained build operations Thread 21" [_thread_blocked, id=17208, stack(0x0000004afc200000,0x0000004afc300000)]
  0x0000023f8dd05600 JavaThread "Unconstrained build operations Thread 22" [_thread_blocked, id=16128, stack(0x0000004afc300000,0x0000004afc400000)]
  0x0000023f8f4ccd60 JavaThread "Unconstrained build operations Thread 23" [_thread_blocked, id=20448, stack(0x0000004afc400000,0x0000004afc500000)]
  0x0000023f8f4cd780 JavaThread "Unconstrained build operations Thread 24" [_thread_blocked, id=21776, stack(0x0000004afc500000,0x0000004afc600000)]
  0x0000023f8f4ce1a0 JavaThread "Unconstrained build operations Thread 25" [_thread_blocked, id=2544, stack(0x0000004afc600000,0x0000004afc700000)]
  0x0000023f8f4cd270 JavaThread "Unconstrained build operations Thread 26" [_thread_blocked, id=22160, stack(0x0000004afc700000,0x0000004afc800000)]
  0x0000023f8f4cdc90 JavaThread "Unconstrained build operations Thread 27" [_thread_blocked, id=14004, stack(0x0000004afc800000,0x0000004afc900000)]
  0x0000023f8f4cc850 JavaThread "Unconstrained build operations Thread 28" [_thread_blocked, id=22464, stack(0x0000004afc900000,0x0000004afca00000)]
  0x0000023f8d50ae60 JavaThread "Unconstrained build operations Thread 29" [_thread_blocked, id=22432, stack(0x0000004afca00000,0x0000004afcb00000)]
  0x0000023f8d50b880 JavaThread "Unconstrained build operations Thread 30" [_thread_blocked, id=22276, stack(0x0000004afcb00000,0x0000004afcc00000)]
  0x0000023f8d50a950 JavaThread "Unconstrained build operations Thread 31" [_thread_blocked, id=16092, stack(0x0000004afcc00000,0x0000004afcd00000)]
  0x0000023f8d50dbf0 JavaThread "Unconstrained build operations Thread 32" [_thread_blocked, id=16204, stack(0x0000004afcd00000,0x0000004afce00000)]
  0x0000023f8d50bd90 JavaThread "Unconstrained build operations Thread 33" [_thread_blocked, id=16256, stack(0x0000004afce00000,0x0000004afcf00000)]

Other Threads:
=>0x0000023fff2116c0 VMThread "VM Thread" [stack: 0x0000004af7b00000,0x0000004af7c00000] [id=9668]
  0x0000023fff4be460 WatcherThread [stack: 0x0000004af8700000,0x0000004af8800000] [id=15476]
  0x0000023fe8e7e610 GCTaskThread "GC Thread#0" [stack: 0x0000004af7600000,0x0000004af7700000] [id=21896]
  0x0000023f8a16fc20 GCTaskThread "GC Thread#1" [stack: 0x0000004af8a00000,0x0000004af8b00000] [id=17784]
  0x0000023fffd81d80 GCTaskThread "GC Thread#2" [stack: 0x0000004af8b00000,0x0000004af8c00000] [id=5940]
  0x0000023fffd82040 GCTaskThread "GC Thread#3" [stack: 0x0000004af8c00000,0x0000004af8d00000] [id=19216]
  0x0000023fffadd2a0 GCTaskThread "GC Thread#4" [stack: 0x0000004af8d00000,0x0000004af8e00000] [id=20524]
  0x0000023fffadd560 GCTaskThread "GC Thread#5" [stack: 0x0000004af8e00000,0x0000004af8f00000] [id=15860]
  0x0000023f8b4d7ca0 GCTaskThread "GC Thread#6" [stack: 0x0000004af9900000,0x0000004af9a00000] [id=21664]
  0x0000023f8b5c21a0 GCTaskThread "GC Thread#7" [stack: 0x0000004af9a00000,0x0000004af9b00000] [id=16188]
  0x0000023f8a0adfb0 GCTaskThread "GC Thread#8" [stack: 0x0000004af9b00000,0x0000004af9c00000] [id=20028]
  0x0000023f8b54f340 GCTaskThread "GC Thread#9" [stack: 0x0000004af9c00000,0x0000004af9d00000] [id=16184]
  0x0000023fe8e8f470 ConcurrentGCThread "G1 Main Marker" [stack: 0x0000004af7700000,0x0000004af7800000] [id=18152]
  0x0000023fe8e8fda0 ConcurrentGCThread "G1 Conc#0" [stack: 0x0000004af7800000,0x0000004af7900000] [id=14360]
  0x0000023f8b54f080 ConcurrentGCThread "G1 Conc#1" [stack: 0x0000004af9d00000,0x0000004af9e00000] [id=21508]
  0x0000023f8b550940 ConcurrentGCThread "G1 Conc#2" [stack: 0x0000004af9e00000,0x0000004af9f00000] [id=11016]
  0x0000023fe8edd280 ConcurrentGCThread "G1 Refine#0" [stack: 0x0000004af7900000,0x0000004af7a00000] [id=20244]
  0x0000023f8ba10110 ConcurrentGCThread "G1 Refine#1" [stack: 0x0000004afa900000,0x0000004afaa00000] [id=6964]
  0x0000023fe8eddbc0 ConcurrentGCThread "G1 Service" [stack: 0x0000004af7a00000,0x0000004af7b00000] [id=22216]

Threads with active compile tasks:
C2 CompilerThread0     7053 10542       4       org.objectweb.asm.ClassReader::readUtf (161 bytes)
C1 CompilerThread0     7053 10538       2       org.objectweb.asm.AnnotationWriter::<init> (60 bytes)
C2 CompilerThread1     7053 10367       4       org.gradle.internal.serialize.AbstractCollectionSerializer::write (10 bytes)
C2 CompilerThread2     7053 10557       4       java.lang.StringUTF16::compress (50 bytes)

VM state: at safepoint (normal execution)

VM Mutex/Monitor currently owned by a thread:  ([mutex/lock_event])
[0x0000023fe8e1d5b0] Threads_lock - owner thread: 0x0000023fff2116c0
[0x0000023fe8e1e9f0] Heap_lock - owner thread: 0x0000023f8f4cc850

Heap address: 0x0000000080000000, size: 2048 MB, Compressed Oops mode: 32-bit

CDS archive(s) not mapped
Compressed class space mapped at: 0x0000000100000000-0x0000000140000000, reserved size: 1073741824
Narrow klass base: 0x0000000000000000, Narrow klass shift: 3, Narrow klass range: 0x140000000

GC Precious Log:
 CPUs: 12 total, 12 available
 Memory: 16251M
 Large Page Support: Disabled
 NUMA Support: Disabled
 Compressed Oops: Enabled (32-bit)
 Heap Region Size: 1M
 Heap Min Capacity: 8M
 Heap Initial Capacity: 254M
 Heap Max Capacity: 2G
 Pre-touch: Disabled
 Parallel Workers: 10
 Concurrent Workers: 3
 Concurrent Refinement Workers: 10
 Periodic GC: Disabled

Heap:
 garbage-first heap   total 260096K, used 91434K [0x0000000080000000, 0x0000000100000000)
  region size 1024K, 14 young (14336K), 14 survivors (14336K)
 Metaspace       used 75420K, committed 76032K, reserved 1179648K
  class space    used 10094K, committed 10368K, reserved 1048576K

Heap Regions: E=young(eden), S=young(survivor), O=old, HS=humongous(starts), HC=humongous(continues), CS=collection set, F=free, OA=open archive, CA=closed archive, TAMS=top-at-mark-start (previous, next)
|   0|0x0000000080000000, 0x0000000080100000, 0x0000000080100000|100%|HS|  |TAMS 0x0000000080100000, 0x0000000080000000| Complete 
|   1|0x0000000080100000, 0x0000000080200000, 0x0000000080200000|100%|HC|  |TAMS 0x0000000080200000, 0x0000000080100000| Complete 
|   2|0x0000000080200000, 0x0000000080300000, 0x0000000080300000|100%|HC|  |TAMS 0x0000000080300000, 0x0000000080200000| Complete 
|   3|0x0000000080300000, 0x0000000080400000, 0x0000000080400000|100%|HC|  |TAMS 0x0000000080400000, 0x0000000080300000| Complete 
|   4|0x0000000080400000, 0x0000000080500000, 0x0000000080500000|100%| O|  |TAMS 0x0000000080500000, 0x0000000080400000| Untracked 
|   5|0x0000000080500000, 0x0000000080600000, 0x0000000080600000|100%| O|  |TAMS 0x0000000080600000, 0x0000000080500000| Untracked 
|   6|0x0000000080600000, 0x0000000080700000, 0x0000000080700000|100%| O|  |TAMS 0x0000000080700000, 0x0000000080600000| Untracked 
|   7|0x0000000080700000, 0x0000000080800000, 0x0000000080800000|100%| O|  |TAMS 0x0000000080800000, 0x0000000080700000| Untracked 
|   8|0x0000000080800000, 0x0000000080900000, 0x0000000080900000|100%| O|  |TAMS 0x0000000080900000, 0x0000000080800000| Untracked 
|   9|0x0000000080900000, 0x0000000080a00000, 0x0000000080a00000|100%| O|  |TAMS 0x0000000080a00000, 0x0000000080900000| Untracked 
|  10|0x0000000080a00000, 0x0000000080b00000, 0x0000000080b00000|100%|HS|  |TAMS 0x0000000080b00000, 0x0000000080a00000| Complete 
|  11|0x0000000080b00000, 0x0000000080c00000, 0x0000000080c00000|100%| O|  |TAMS 0x0000000080c00000, 0x0000000080b00000| Untracked 
|  12|0x0000000080c00000, 0x0000000080c0e000, 0x0000000080d00000|  5%| O|  |TAMS 0x0000000080c0e000, 0x0000000080c00000| Untracked 
|  13|0x0000000080d00000, 0x0000000080e00000, 0x0000000080e00000|100%| O|  |TAMS 0x0000000080e00000, 0x0000000080d00000| Untracked 
|  14|0x0000000080e00000, 0x0000000080f00000, 0x0000000080f00000|100%| O|  |TAMS 0x0000000080f00000, 0x0000000080e00000| Untracked 
|  15|0x0000000080f00000, 0x0000000081000000, 0x0000000081000000|100%| O|  |TAMS 0x0000000081000000, 0x0000000080f00000| Untracked 
|  16|0x0000000081000000, 0x0000000081100000, 0x0000000081100000|100%| O|  |TAMS 0x0000000081100000, 0x0000000081000000| Untracked 
|  17|0x0000000081100000, 0x0000000081200000, 0x0000000081200000|100%| O|  |TAMS 0x0000000081200000, 0x0000000081100000| Untracked 
|  18|0x0000000081200000, 0x0000000081300000, 0x0000000081300000|100%| O|  |TAMS 0x0000000081300000, 0x0000000081200000| Untracked 
|  19|0x0000000081300000, 0x0000000081400000, 0x0000000081400000|100%| O|  |TAMS 0x0000000081400000, 0x0000000081300000| Untracked 
|  20|0x0000000081400000, 0x0000000081500000, 0x0000000081500000|100%| O|  |TAMS 0x0000000081500000, 0x0000000081400000| Untracked 
|  21|0x0000000081500000, 0x0000000081600000, 0x0000000081600000|100%| O|  |TAMS 0x0000000081600000, 0x0000000081500000| Untracked 
|  22|0x0000000081600000, 0x0000000081700000, 0x0000000081700000|100%| O|  |TAMS 0x0000000081700000, 0x0000000081600000| Untracked 
|  23|0x0000000081700000, 0x0000000081800000, 0x0000000081800000|100%| O|  |TAMS 0x0000000081800000, 0x0000000081700000| Untracked 
|  24|0x0000000081800000, 0x0000000081900000, 0x0000000081900000|100%| O|  |TAMS 0x0000000081900000, 0x0000000081800000| Untracked 
|  25|0x0000000081900000, 0x0000000081a00000, 0x0000000081a00000|100%| O|  |TAMS 0x0000000081a00000, 0x0000000081900000| Untracked 
|  26|0x0000000081a00000, 0x0000000081b00000, 0x0000000081b00000|100%| O|  |TAMS 0x0000000081b00000, 0x0000000081a00000| Untracked 
|  27|0x0000000081b00000, 0x0000000081c00000, 0x0000000081c00000|100%| O|  |TAMS 0x0000000081c00000, 0x0000000081b00000| Untracked 
|  28|0x0000000081c00000, 0x0000000081d00000, 0x0000000081d00000|100%| O|  |TAMS 0x0000000081d00000, 0x0000000081c00000| Untracked 
|  29|0x0000000081d00000, 0x0000000081e00000, 0x0000000081e00000|100%| O|  |TAMS 0x0000000081e00000, 0x0000000081d00000| Untracked 
|  30|0x0000000081e00000, 0x0000000081f00000, 0x0000000081f00000|100%| O|  |TAMS 0x0000000081f00000, 0x0000000081e00000| Untracked 
|  31|0x0000000081f00000, 0x0000000082000000, 0x0000000082000000|100%| O|  |TAMS 0x0000000082000000, 0x0000000081f00000| Untracked 
|  32|0x0000000082000000, 0x0000000082100000, 0x0000000082100000|100%| O|  |TAMS 0x0000000082100000, 0x0000000082000000| Untracked 
|  33|0x0000000082100000, 0x0000000082200000, 0x0000000082200000|100%| O|  |TAMS 0x0000000082200000, 0x0000000082100000| Untracked 
|  34|0x0000000082200000, 0x0000000082300000, 0x0000000082300000|100%| O|  |TAMS 0x00000000822b3c00, 0x0000000082200000| Untracked 
|  35|0x0000000082300000, 0x0000000082400000, 0x0000000082400000|100%| O|  |TAMS 0x0000000082400000, 0x0000000082300000| Untracked 
|  36|0x0000000082400000, 0x0000000082500000, 0x0000000082500000|100%| O|  |TAMS 0x0000000082500000, 0x0000000082400000| Untracked 
|  37|0x0000000082500000, 0x0000000082600000, 0x0000000082600000|100%| O|  |TAMS 0x0000000082600000, 0x0000000082500000| Untracked 
|  38|0x0000000082600000, 0x0000000082700000, 0x0000000082700000|100%| O|  |TAMS 0x0000000082700000, 0x0000000082600000| Untracked 
|  39|0x0000000082700000, 0x0000000082800000, 0x0000000082800000|100%| O|  |TAMS 0x0000000082700000, 0x0000000082700000| Untracked 
|  40|0x0000000082800000, 0x0000000082900000, 0x0000000082900000|100%| O|  |TAMS 0x0000000082800000, 0x0000000082800000| Untracked 
|  41|0x0000000082900000, 0x0000000082a00000, 0x0000000082a00000|100%| O|  |TAMS 0x0000000082900000, 0x0000000082900000| Untracked 
|  42|0x0000000082a00000, 0x0000000082b00000, 0x0000000082b00000|100%| O|  |TAMS 0x0000000082a00000, 0x0000000082a00000| Untracked 
|  43|0x0000000082b00000, 0x0000000082c00000, 0x0000000082c00000|100%| O|  |TAMS 0x0000000082b00000, 0x0000000082b00000| Untracked 
|  44|0x0000000082c00000, 0x0000000082d00000, 0x0000000082d00000|100%| O|  |TAMS 0x0000000082c00000, 0x0000000082c00000| Untracked 
|  45|0x0000000082d00000, 0x0000000082e00000, 0x0000000082e00000|100%| O|  |TAMS 0x0000000082d00000, 0x0000000082d00000| Untracked 
|  46|0x0000000082e00000, 0x0000000082f00000, 0x0000000082f00000|100%| O|  |TAMS 0x0000000082e00000, 0x0000000082e00000| Untracked 
|  47|0x0000000082f00000, 0x0000000083000000, 0x0000000083000000|100%| O|  |TAMS 0x0000000082f00000, 0x0000000082f00000| Untracked 
|  48|0x0000000083000000, 0x0000000083100000, 0x0000000083100000|100%| O|  |TAMS 0x0000000083000000, 0x0000000083000000| Untracked 
|  49|0x0000000083100000, 0x0000000083200000, 0x0000000083200000|100%| O|  |TAMS 0x0000000083100000, 0x0000000083100000| Untracked 
|  50|0x0000000083200000, 0x0000000083300000, 0x0000000083300000|100%| O|  |TAMS 0x0000000083200000, 0x0000000083200000| Untracked 
|  51|0x0000000083300000, 0x0000000083400000, 0x0000000083400000|100%| O|  |TAMS 0x0000000083300000, 0x0000000083300000| Untracked 
|  52|0x0000000083400000, 0x0000000083500000, 0x0000000083500000|100%| O|  |TAMS 0x0000000083400000, 0x0000000083400000| Untracked 
|  53|0x0000000083500000, 0x0000000083600000, 0x0000000083600000|100%| O|  |TAMS 0x0000000083500000, 0x0000000083500000| Untracked 
|  54|0x0000000083600000, 0x0000000083700000, 0x0000000083700000|100%| O|  |TAMS 0x0000000083600000, 0x0000000083600000| Untracked 
|  55|0x0000000083700000, 0x0000000083800000, 0x0000000083800000|100%| O|  |TAMS 0x0000000083700000, 0x0000000083700000| Untracked 
|  56|0x0000000083800000, 0x0000000083900000, 0x0000000083900000|100%| O|  |TAMS 0x0000000083800000, 0x0000000083800000| Untracked 
|  57|0x0000000083900000, 0x0000000083a00000, 0x0000000083a00000|100%| O|  |TAMS 0x0000000083900000, 0x0000000083900000| Untracked 
|  58|0x0000000083a00000, 0x0000000083b00000, 0x0000000083b00000|100%| O|  |TAMS 0x0000000083a00000, 0x0000000083a00000| Untracked 
|  59|0x0000000083b00000, 0x0000000083c00000, 0x0000000083c00000|100%| O|  |TAMS 0x0000000083b00000, 0x0000000083b00000| Untracked 
|  60|0x0000000083c00000, 0x0000000083d00000, 0x0000000083d00000|100%| O|  |TAMS 0x0000000083c00000, 0x0000000083c00000| Untracked 
|  61|0x0000000083d00000, 0x0000000083e00000, 0x0000000083e00000|100%|HS|  |TAMS 0x0000000083d00000, 0x0000000083d00000| Complete 
|  62|0x0000000083e00000, 0x0000000083f00000, 0x0000000083f00000|100%| O|  |TAMS 0x0000000083e00000, 0x0000000083e00000| Untracked 
|  63|0x0000000083f00000, 0x0000000084000000, 0x0000000084000000|100%| O|  |TAMS 0x0000000083f00000, 0x0000000083f00000| Untracked 
|  64|0x0000000084000000, 0x0000000084100000, 0x0000000084100000|100%| O|  |TAMS 0x0000000084000000, 0x0000000084000000| Untracked 
|  65|0x0000000084100000, 0x0000000084200000, 0x0000000084200000|100%| O|  |TAMS 0x0000000084100000, 0x0000000084100000| Untracked 
|  66|0x0000000084200000, 0x0000000084300000, 0x0000000084300000|100%| O|  |TAMS 0x0000000084200000, 0x0000000084200000| Untracked 
|  67|0x0000000084300000, 0x0000000084400000, 0x0000000084400000|100%| O|  |TAMS 0x0000000084300000, 0x0000000084300000| Untracked 
|  68|0x0000000084400000, 0x0000000084500000, 0x0000000084500000|100%| O|  |TAMS 0x0000000084400000, 0x0000000084400000| Untracked 
|  69|0x0000000084500000, 0x0000000084600000, 0x0000000084600000|100%| O|  |TAMS 0x0000000084500000, 0x0000000084500000| Untracked 
|  70|0x0000000084600000, 0x0000000084700000, 0x0000000084700000|100%| O|  |TAMS 0x0000000084600000, 0x0000000084600000| Untracked 
|  71|0x0000000084700000, 0x0000000084800000, 0x0000000084800000|100%| O|  |TAMS 0x0000000084700000, 0x0000000084700000| Untracked 
|  72|0x0000000084800000, 0x0000000084900000, 0x0000000084900000|100%| O|  |TAMS 0x0000000084800000, 0x0000000084800000| Untracked 
|  73|0x0000000084900000, 0x0000000084a00000, 0x0000000084a00000|100%| O|  |TAMS 0x0000000084900000, 0x0000000084900000| Untracked 
|  74|0x0000000084a00000, 0x0000000084b00000, 0x0000000084b00000|100%| O|  |TAMS 0x0000000084a00000, 0x0000000084a00000| Untracked 
|  75|0x0000000084b00000, 0x0000000084c00000, 0x0000000084c00000|100%| O|  |TAMS 0x0000000084b00000, 0x0000000084b00000| Untracked 
|  76|0x0000000084c00000, 0x0000000084cae800, 0x0000000084d00000| 68%| O|  |TAMS 0x0000000084c00000, 0x0000000084c00000| Untracked 
|  77|0x0000000084d00000, 0x0000000084d00000, 0x0000000084e00000|  0%| F|  |TAMS 0x0000000084d00000, 0x0000000084d00000| Untracked 
|  78|0x0000000084e00000, 0x0000000084e00000, 0x0000000084f00000|  0%| F|  |TAMS 0x0000000084e00000, 0x0000000084e00000| Untracked 
|  79|0x0000000084f00000, 0x0000000084f00000, 0x0000000085000000|  0%| F|  |TAMS 0x0000000084f00000, 0x0000000084f00000| Untracked 
|  80|0x0000000085000000, 0x0000000085000000, 0x0000000085100000|  0%| F|  |TAMS 0x0000000085000000, 0x0000000085000000| Untracked 
|  81|0x0000000085100000, 0x0000000085100000, 0x0000000085200000|  0%| F|  |TAMS 0x0000000085100000, 0x0000000085100000| Untracked 
|  82|0x0000000085200000, 0x0000000085200000, 0x0000000085300000|  0%| F|  |TAMS 0x0000000085200000, 0x0000000085200000| Untracked 
|  83|0x0000000085300000, 0x0000000085300000, 0x0000000085400000|  0%| F|  |TAMS 0x0000000085300000, 0x0000000085300000| Untracked 
|  84|0x0000000085400000, 0x0000000085400000, 0x0000000085500000|  0%| F|  |TAMS 0x0000000085400000, 0x0000000085400000| Untracked 
|  85|0x0000000085500000, 0x0000000085500000, 0x0000000085600000|  0%| F|  |TAMS 0x0000000085500000, 0x0000000085500000| Untracked 
|  86|0x0000000085600000, 0x0000000085600000, 0x0000000085700000|  0%| F|  |TAMS 0x0000000085600000, 0x0000000085600000| Untracked 
|  87|0x0000000085700000, 0x0000000085700000, 0x0000000085800000|  0%| F|  |TAMS 0x0000000085700000, 0x0000000085700000| Untracked 
|  88|0x0000000085800000, 0x0000000085800000, 0x0000000085900000|  0%| F|  |TAMS 0x0000000085800000, 0x0000000085800000| Untracked 
|  89|0x0000000085900000, 0x0000000085900000, 0x0000000085a00000|  0%| F|  |TAMS 0x0000000085900000, 0x0000000085900000| Untracked 
|  90|0x0000000085a00000, 0x0000000085a00000, 0x0000000085b00000|  0%| F|  |TAMS 0x0000000085a00000, 0x0000000085a00000| Untracked 
|  91|0x0000000085b00000, 0x0000000085b00000, 0x0000000085c00000|  0%| F|  |TAMS 0x0000000085b00000, 0x0000000085b00000| Untracked 
|  92|0x0000000085c00000, 0x0000000085c00000, 0x0000000085d00000|  0%| F|  |TAMS 0x0000000085c00000, 0x0000000085c00000| Untracked 
|  93|0x0000000085d00000, 0x0000000085d00000, 0x0000000085e00000|  0%| F|  |TAMS 0x0000000085d00000, 0x0000000085d00000| Untracked 
|  94|0x0000000085e00000, 0x0000000085e00000, 0x0000000085f00000|  0%| F|  |TAMS 0x0000000085e00000, 0x0000000085e00000| Untracked 
|  95|0x0000000085f00000, 0x0000000085f00000, 0x0000000086000000|  0%| F|  |TAMS 0x0000000085f00000, 0x0000000085f00000| Untracked 
|  96|0x0000000086000000, 0x0000000086000000, 0x0000000086100000|  0%| F|  |TAMS 0x0000000086000000, 0x0000000086000000| Untracked 
|  97|0x0000000086100000, 0x0000000086100000, 0x0000000086200000|  0%| F|  |TAMS 0x0000000086100000, 0x0000000086100000| Untracked 
|  98|0x0000000086200000, 0x0000000086200000, 0x0000000086300000|  0%| F|  |TAMS 0x0000000086200000, 0x0000000086200000| Untracked 
|  99|0x0000000086300000, 0x0000000086300000, 0x0000000086400000|  0%| F|  |TAMS 0x0000000086300000, 0x0000000086300000| Untracked 
| 100|0x0000000086400000, 0x0000000086400000, 0x0000000086500000|  0%| F|  |TAMS 0x0000000086400000, 0x0000000086400000| Untracked 
| 101|0x0000000086500000, 0x0000000086500000, 0x0000000086600000|  0%| F|  |TAMS 0x0000000086500000, 0x0000000086500000| Untracked 
| 102|0x0000000086600000, 0x0000000086600000, 0x0000000086700000|  0%| F|  |TAMS 0x0000000086600000, 0x0000000086600000| Untracked 
| 103|0x0000000086700000, 0x0000000086700000, 0x0000000086800000|  0%| F|  |TAMS 0x0000000086700000, 0x0000000086700000| Untracked 
| 104|0x0000000086800000, 0x0000000086800000, 0x0000000086900000|  0%| F|  |TAMS 0x0000000086800000, 0x0000000086800000| Untracked 
| 105|0x0000000086900000, 0x0000000086900000, 0x0000000086a00000|  0%| F|  |TAMS 0x0000000086900000, 0x0000000086900000| Untracked 
| 106|0x0000000086a00000, 0x0000000086a8e040, 0x0000000086b00000| 55%| S|CS|TAMS 0x0000000086a00000, 0x0000000086a00000| Complete 
| 107|0x0000000086b00000, 0x0000000086c00000, 0x0000000086c00000|100%| S|CS|TAMS 0x0000000086b00000, 0x0000000086b00000| Complete 
| 108|0x0000000086c00000, 0x0000000086d00000, 0x0000000086d00000|100%| S|CS|TAMS 0x0000000086c00000, 0x0000000086c00000| Complete 
| 109|0x0000000086d00000, 0x0000000086e00000, 0x0000000086e00000|100%| S|CS|TAMS 0x0000000086d00000, 0x0000000086d00000| Complete 
| 110|0x0000000086e00000, 0x0000000086f00000, 0x0000000086f00000|100%| S|CS|TAMS 0x0000000086e00000, 0x0000000086e00000| Complete 
| 111|0x0000000086f00000, 0x0000000087000000, 0x0000000087000000|100%| S|CS|TAMS 0x0000000086f00000, 0x0000000086f00000| Complete 
| 112|0x0000000087000000, 0x0000000087100000, 0x0000000087100000|100%| S|CS|TAMS 0x0000000087000000, 0x0000000087000000| Complete 
| 113|0x0000000087100000, 0x0000000087200000, 0x0000000087200000|100%| S|CS|TAMS 0x0000000087100000, 0x0000000087100000| Complete 
| 114|0x0000000087200000, 0x0000000087300000, 0x0000000087300000|100%| S|CS|TAMS 0x0000000087200000, 0x0000000087200000| Complete 
| 115|0x0000000087300000, 0x0000000087400000, 0x0000000087400000|100%| S|CS|TAMS 0x0000000087300000, 0x0000000087300000| Complete 
| 116|0x0000000087400000, 0x0000000087500000, 0x0000000087500000|100%| S|CS|TAMS 0x0000000087400000, 0x0000000087400000| Complete 
| 117|0x0000000087500000, 0x0000000087600000, 0x0000000087600000|100%| S|CS|TAMS 0x0000000087500000, 0x0000000087500000| Complete 
| 118|0x0000000087600000, 0x0000000087700000, 0x0000000087700000|100%| S|CS|TAMS 0x0000000087600000, 0x0000000087600000| Complete 
| 119|0x0000000087700000, 0x0000000087800000, 0x0000000087800000|100%| S|CS|TAMS 0x0000000087700000, 0x0000000087700000| Complete 
| 120|0x0000000087800000, 0x0000000087800000, 0x0000000087900000|  0%| F|  |TAMS 0x0000000087800000, 0x0000000087800000| Untracked 
| 121|0x0000000087900000, 0x0000000087900000, 0x0000000087a00000|  0%| F|  |TAMS 0x0000000087900000, 0x0000000087900000| Untracked 
| 122|0x0000000087a00000, 0x0000000087a00000, 0x0000000087b00000|  0%| F|  |TAMS 0x0000000087a00000, 0x0000000087a00000| Untracked 
| 123|0x0000000087b00000, 0x0000000087b00000, 0x0000000087c00000|  0%| F|  |TAMS 0x0000000087b00000, 0x0000000087b00000| Untracked 
| 124|0x0000000087c00000, 0x0000000087c00000, 0x0000000087d00000|  0%| F|  |TAMS 0x0000000087c00000, 0x0000000087c00000| Untracked 
| 125|0x0000000087d00000, 0x0000000087d00000, 0x0000000087e00000|  0%| F|  |TAMS 0x0000000087d00000, 0x0000000087d00000| Untracked 
| 126|0x0000000087e00000, 0x0000000087e00000, 0x0000000087f00000|  0%| F|  |TAMS 0x0000000087e00000, 0x0000000087e00000| Untracked 
| 127|0x0000000087f00000, 0x0000000087f00000, 0x0000000088000000|  0%| F|  |TAMS 0x0000000087f00000, 0x0000000087f00000| Untracked 
| 128|0x0000000088000000, 0x0000000088000000, 0x0000000088100000|  0%| F|  |TAMS 0x0000000088000000, 0x0000000088000000| Untracked 
| 129|0x0000000088100000, 0x0000000088100000, 0x0000000088200000|  0%| F|  |TAMS 0x0000000088100000, 0x0000000088100000| Untracked 
| 130|0x0000000088200000, 0x0000000088200000, 0x0000000088300000|  0%| F|  |TAMS 0x0000000088200000, 0x0000000088200000| Untracked 
| 131|0x0000000088300000, 0x0000000088300000, 0x0000000088400000|  0%| F|  |TAMS 0x0000000088300000, 0x0000000088300000| Untracked 
| 132|0x0000000088400000, 0x0000000088400000, 0x0000000088500000|  0%| F|  |TAMS 0x0000000088400000, 0x0000000088400000| Untracked 
| 133|0x0000000088500000, 0x0000000088500000, 0x0000000088600000|  0%| F|  |TAMS 0x0000000088500000, 0x0000000088500000| Untracked 
| 134|0x0000000088600000, 0x0000000088600000, 0x0000000088700000|  0%| F|  |TAMS 0x0000000088600000, 0x0000000088600000| Untracked 
| 135|0x0000000088700000, 0x0000000088700000, 0x0000000088800000|  0%| F|  |TAMS 0x0000000088700000, 0x0000000088700000| Untracked 
| 136|0x0000000088800000, 0x0000000088800000, 0x0000000088900000|  0%| F|  |TAMS 0x0000000088800000, 0x0000000088800000| Untracked 
| 137|0x0000000088900000, 0x0000000088900000, 0x0000000088a00000|  0%| F|  |TAMS 0x0000000088900000, 0x0000000088900000| Untracked 
| 138|0x0000000088a00000, 0x0000000088a00000, 0x0000000088b00000|  0%| F|  |TAMS 0x0000000088a00000, 0x0000000088a00000| Untracked 
| 139|0x0000000088b00000, 0x0000000088b00000, 0x0000000088c00000|  0%| F|  |TAMS 0x0000000088b00000, 0x0000000088b00000| Untracked 
| 140|0x0000000088c00000, 0x0000000088c00000, 0x0000000088d00000|  0%| F|  |TAMS 0x0000000088c00000, 0x0000000088c00000| Untracked 
| 141|0x0000000088d00000, 0x0000000088d00000, 0x0000000088e00000|  0%| F|  |TAMS 0x0000000088d00000, 0x0000000088d00000| Untracked 
| 142|0x0000000088e00000, 0x0000000088e00000, 0x0000000088f00000|  0%| F|  |TAMS 0x0000000088e00000, 0x0000000088e00000| Untracked 
| 143|0x0000000088f00000, 0x0000000088f00000, 0x0000000089000000|  0%| F|  |TAMS 0x0000000088f00000, 0x0000000088f00000| Untracked 
| 144|0x0000000089000000, 0x0000000089000000, 0x0000000089100000|  0%| F|  |TAMS 0x0000000089000000, 0x0000000089000000| Untracked 
| 145|0x0000000089100000, 0x0000000089100000, 0x0000000089200000|  0%| F|  |TAMS 0x0000000089100000, 0x0000000089100000| Untracked 
| 146|0x0000000089200000, 0x0000000089200000, 0x0000000089300000|  0%| F|  |TAMS 0x0000000089200000, 0x0000000089200000| Untracked 
| 147|0x0000000089300000, 0x0000000089300000, 0x0000000089400000|  0%| F|  |TAMS 0x0000000089300000, 0x0000000089300000| Untracked 
| 148|0x0000000089400000, 0x0000000089400000, 0x0000000089500000|  0%| F|  |TAMS 0x0000000089400000, 0x0000000089400000| Untracked 
| 149|0x0000000089500000, 0x0000000089500000, 0x0000000089600000|  0%| F|  |TAMS 0x0000000089500000, 0x0000000089500000| Untracked 
| 150|0x0000000089600000, 0x0000000089600000, 0x0000000089700000|  0%| F|  |TAMS 0x0000000089600000, 0x0000000089600000| Untracked 
| 151|0x0000000089700000, 0x0000000089700000, 0x0000000089800000|  0%| F|  |TAMS 0x0000000089700000, 0x0000000089700000| Untracked 
| 152|0x0000000089800000, 0x0000000089800000, 0x0000000089900000|  0%| F|  |TAMS 0x0000000089800000, 0x0000000089800000| Untracked 
| 153|0x0000000089900000, 0x0000000089900000, 0x0000000089a00000|  0%| F|  |TAMS 0x0000000089900000, 0x0000000089900000| Untracked 
| 154|0x0000000089a00000, 0x0000000089a00000, 0x0000000089b00000|  0%| F|  |TAMS 0x0000000089a00000, 0x0000000089a00000| Untracked 
| 155|0x0000000089b00000, 0x0000000089b00000, 0x0000000089c00000|  0%| F|  |TAMS 0x0000000089b00000, 0x0000000089b00000| Untracked 
| 156|0x0000000089c00000, 0x0000000089c00000, 0x0000000089d00000|  0%| F|  |TAMS 0x0000000089c00000, 0x0000000089c00000| Untracked 
| 157|0x0000000089d00000, 0x0000000089d00000, 0x0000000089e00000|  0%| F|  |TAMS 0x0000000089d00000, 0x0000000089d00000| Untracked 
| 158|0x0000000089e00000, 0x0000000089e00000, 0x0000000089f00000|  0%| F|  |TAMS 0x0000000089e00000, 0x0000000089e00000| Untracked 
| 159|0x0000000089f00000, 0x0000000089f00000, 0x000000008a000000|  0%| F|  |TAMS 0x0000000089f00000, 0x0000000089f00000| Untracked 
| 160|0x000000008a000000, 0x000000008a000000, 0x000000008a100000|  0%| F|  |TAMS 0x000000008a000000, 0x000000008a000000| Untracked 
| 161|0x000000008a100000, 0x000000008a100000, 0x000000008a200000|  0%| F|  |TAMS 0x000000008a100000, 0x000000008a100000| Untracked 
| 162|0x000000008a200000, 0x000000008a200000, 0x000000008a300000|  0%| F|  |TAMS 0x000000008a200000, 0x000000008a200000| Untracked 
| 163|0x000000008a300000, 0x000000008a300000, 0x000000008a400000|  0%| F|  |TAMS 0x000000008a300000, 0x000000008a300000| Untracked 
| 164|0x000000008a400000, 0x000000008a400000, 0x000000008a500000|  0%| F|  |TAMS 0x000000008a400000, 0x000000008a400000| Untracked 
| 165|0x000000008a500000, 0x000000008a500000, 0x000000008a600000|  0%| F|  |TAMS 0x000000008a500000, 0x000000008a500000| Untracked 
| 166|0x000000008a600000, 0x000000008a600000, 0x000000008a700000|  0%| F|  |TAMS 0x000000008a600000, 0x000000008a600000| Untracked 
| 167|0x000000008a700000, 0x000000008a700000, 0x000000008a800000|  0%| F|  |TAMS 0x000000008a700000, 0x000000008a700000| Untracked 
| 168|0x000000008a800000, 0x000000008a800000, 0x000000008a900000|  0%| F|  |TAMS 0x000000008a800000, 0x000000008a800000| Untracked 
| 169|0x000000008a900000, 0x000000008a900000, 0x000000008aa00000|  0%| F|  |TAMS 0x000000008a900000, 0x000000008a900000| Untracked 
| 170|0x000000008aa00000, 0x000000008aa00000, 0x000000008ab00000|  0%| F|  |TAMS 0x000000008aa00000, 0x000000008aa00000| Untracked 
| 171|0x000000008ab00000, 0x000000008ab00000, 0x000000008ac00000|  0%| F|  |TAMS 0x000000008ab00000, 0x000000008ab00000| Untracked 
| 172|0x000000008ac00000, 0x000000008ac00000, 0x000000008ad00000|  0%| F|  |TAMS 0x000000008ac00000, 0x000000008ac00000| Untracked 
| 173|0x000000008ad00000, 0x000000008ad00000, 0x000000008ae00000|  0%| F|  |TAMS 0x000000008ad00000, 0x000000008ad00000| Untracked 
| 174|0x000000008ae00000, 0x000000008ae00000, 0x000000008af00000|  0%| F|  |TAMS 0x000000008ae00000, 0x000000008ae00000| Untracked 
| 175|0x000000008af00000, 0x000000008af00000, 0x000000008b000000|  0%| F|  |TAMS 0x000000008af00000, 0x000000008af00000| Untracked 
| 176|0x000000008b000000, 0x000000008b000000, 0x000000008b100000|  0%| F|  |TAMS 0x000000008b000000, 0x000000008b000000| Untracked 
| 177|0x000000008b100000, 0x000000008b100000, 0x000000008b200000|  0%| F|  |TAMS 0x000000008b100000, 0x000000008b100000| Untracked 
| 178|0x000000008b200000, 0x000000008b200000, 0x000000008b300000|  0%| F|  |TAMS 0x000000008b200000, 0x000000008b200000| Untracked 
| 179|0x000000008b300000, 0x000000008b300000, 0x000000008b400000|  0%| F|  |TAMS 0x000000008b300000, 0x000000008b300000| Untracked 
| 180|0x000000008b400000, 0x000000008b400000, 0x000000008b500000|  0%| F|  |TAMS 0x000000008b400000, 0x000000008b400000| Untracked 
| 181|0x000000008b500000, 0x000000008b500000, 0x000000008b600000|  0%| F|  |TAMS 0x000000008b500000, 0x000000008b500000| Untracked 
| 182|0x000000008b600000, 0x000000008b600000, 0x000000008b700000|  0%| F|  |TAMS 0x000000008b600000, 0x000000008b600000| Untracked 
| 183|0x000000008b700000, 0x000000008b700000, 0x000000008b800000|  0%| F|  |TAMS 0x000000008b700000, 0x000000008b700000| Untracked 
| 184|0x000000008b800000, 0x000000008b800000, 0x000000008b900000|  0%| F|  |TAMS 0x000000008b800000, 0x000000008b800000| Untracked 
| 185|0x000000008b900000, 0x000000008b900000, 0x000000008ba00000|  0%| F|  |TAMS 0x000000008b900000, 0x000000008b900000| Untracked 
| 186|0x000000008ba00000, 0x000000008ba00000, 0x000000008bb00000|  0%| F|  |TAMS 0x000000008ba00000, 0x000000008ba00000| Untracked 
| 187|0x000000008bb00000, 0x000000008bb00000, 0x000000008bc00000|  0%| F|  |TAMS 0x000000008bb00000, 0x000000008bb00000| Untracked 
| 188|0x000000008bc00000, 0x000000008bc00000, 0x000000008bd00000|  0%| F|  |TAMS 0x000000008bc00000, 0x000000008bc00000| Untracked 
| 189|0x000000008bd00000, 0x000000008bd00000, 0x000000008be00000|  0%| F|  |TAMS 0x000000008bd00000, 0x000000008bd00000| Untracked 
| 190|0x000000008be00000, 0x000000008be00000, 0x000000008bf00000|  0%| F|  |TAMS 0x000000008be00000, 0x000000008be00000| Untracked 
| 191|0x000000008bf00000, 0x000000008bf00000, 0x000000008c000000|  0%| F|  |TAMS 0x000000008bf00000, 0x000000008bf00000| Untracked 
| 192|0x000000008c000000, 0x000000008c000000, 0x000000008c100000|  0%| F|  |TAMS 0x000000008c000000, 0x000000008c000000| Untracked 
| 193|0x000000008c100000, 0x000000008c100000, 0x000000008c200000|  0%| F|  |TAMS 0x000000008c100000, 0x000000008c100000| Untracked 
| 194|0x000000008c200000, 0x000000008c200000, 0x000000008c300000|  0%| F|  |TAMS 0x000000008c200000, 0x000000008c200000| Untracked 
| 195|0x000000008c300000, 0x000000008c300000, 0x000000008c400000|  0%| F|  |TAMS 0x000000008c300000, 0x000000008c300000| Untracked 
| 196|0x000000008c400000, 0x000000008c400000, 0x000000008c500000|  0%| F|  |TAMS 0x000000008c400000, 0x000000008c400000| Untracked 
| 197|0x000000008c500000, 0x000000008c500000, 0x000000008c600000|  0%| F|  |TAMS 0x000000008c500000, 0x000000008c500000| Untracked 
| 198|0x000000008c600000, 0x000000008c600000, 0x000000008c700000|  0%| F|  |TAMS 0x000000008c600000, 0x000000008c600000| Untracked 
| 199|0x000000008c700000, 0x000000008c700000, 0x000000008c800000|  0%| F|  |TAMS 0x000000008c700000, 0x000000008c700000| Untracked 
| 200|0x000000008c800000, 0x000000008c800000, 0x000000008c900000|  0%| F|  |TAMS 0x000000008c800000, 0x000000008c800000| Untracked 
| 201|0x000000008c900000, 0x000000008c900000, 0x000000008ca00000|  0%| F|  |TAMS 0x000000008c900000, 0x000000008c900000| Untracked 
| 202|0x000000008ca00000, 0x000000008ca00000, 0x000000008cb00000|  0%| F|  |TAMS 0x000000008ca00000, 0x000000008ca00000| Untracked 
| 203|0x000000008cb00000, 0x000000008cb00000, 0x000000008cc00000|  0%| F|  |TAMS 0x000000008cb00000, 0x000000008cb00000| Untracked 
| 204|0x000000008cc00000, 0x000000008cc00000, 0x000000008cd00000|  0%| F|  |TAMS 0x000000008cc00000, 0x000000008cc00000| Untracked 
| 205|0x000000008cd00000, 0x000000008cd00000, 0x000000008ce00000|  0%| F|  |TAMS 0x000000008cd00000, 0x000000008cd00000| Untracked 
| 206|0x000000008ce00000, 0x000000008ce00000, 0x000000008cf00000|  0%| F|  |TAMS 0x000000008ce00000, 0x000000008ce00000| Untracked 
| 207|0x000000008cf00000, 0x000000008cf00000, 0x000000008d000000|  0%| F|  |TAMS 0x000000008cf00000, 0x000000008cf00000| Untracked 
| 208|0x000000008d000000, 0x000000008d000000, 0x000000008d100000|  0%| F|  |TAMS 0x000000008d000000, 0x000000008d000000| Untracked 
| 209|0x000000008d100000, 0x000000008d100000, 0x000000008d200000|  0%| F|  |TAMS 0x000000008d100000, 0x000000008d100000| Untracked 
| 210|0x000000008d200000, 0x000000008d200000, 0x000000008d300000|  0%| F|  |TAMS 0x000000008d200000, 0x000000008d200000| Untracked 
| 211|0x000000008d300000, 0x000000008d300000, 0x000000008d400000|  0%| F|  |TAMS 0x000000008d300000, 0x000000008d300000| Untracked 
| 212|0x000000008d400000, 0x000000008d400000, 0x000000008d500000|  0%| F|  |TAMS 0x000000008d400000, 0x000000008d400000| Untracked 
| 213|0x000000008d500000, 0x000000008d500000, 0x000000008d600000|  0%| F|  |TAMS 0x000000008d500000, 0x000000008d500000| Untracked 
| 214|0x000000008d600000, 0x000000008d600000, 0x000000008d700000|  0%| F|  |TAMS 0x000000008d600000, 0x000000008d600000| Untracked 
| 215|0x000000008d700000, 0x000000008d700000, 0x000000008d800000|  0%| F|  |TAMS 0x000000008d700000, 0x000000008d700000| Untracked 
| 216|0x000000008d800000, 0x000000008d800000, 0x000000008d900000|  0%| F|  |TAMS 0x000000008d800000, 0x000000008d800000| Untracked 
| 217|0x000000008d900000, 0x000000008d900000, 0x000000008da00000|  0%| F|  |TAMS 0x000000008d900000, 0x000000008d900000| Untracked 
| 218|0x000000008da00000, 0x000000008da00000, 0x000000008db00000|  0%| F|  |TAMS 0x000000008da00000, 0x000000008da00000| Untracked 
| 219|0x000000008db00000, 0x000000008db00000, 0x000000008dc00000|  0%| F|  |TAMS 0x000000008db00000, 0x000000008db00000| Untracked 
| 220|0x000000008dc00000, 0x000000008dc00000, 0x000000008dd00000|  0%| F|  |TAMS 0x000000008dc00000, 0x000000008dc00000| Untracked 
| 221|0x000000008dd00000, 0x000000008dd00000, 0x000000008de00000|  0%| F|  |TAMS 0x000000008dd00000, 0x000000008dd00000| Untracked 
| 222|0x000000008de00000, 0x000000008de00000, 0x000000008df00000|  0%| F|  |TAMS 0x000000008de00000, 0x000000008de00000| Untracked 
| 223|0x000000008df00000, 0x000000008df00000, 0x000000008e000000|  0%| F|  |TAMS 0x000000008df00000, 0x000000008df00000| Untracked 
| 224|0x000000008e000000, 0x000000008e000000, 0x000000008e100000|  0%| F|  |TAMS 0x000000008e000000, 0x000000008e000000| Untracked 
| 225|0x000000008e100000, 0x000000008e100000, 0x000000008e200000|  0%| F|  |TAMS 0x000000008e100000, 0x000000008e100000| Untracked 
| 226|0x000000008e200000, 0x000000008e200000, 0x000000008e300000|  0%| F|  |TAMS 0x000000008e200000, 0x000000008e200000| Untracked 
| 227|0x000000008e300000, 0x000000008e300000, 0x000000008e400000|  0%| F|  |TAMS 0x000000008e300000, 0x000000008e300000| Untracked 
| 228|0x000000008e400000, 0x000000008e400000, 0x000000008e500000|  0%| F|  |TAMS 0x000000008e400000, 0x000000008e400000| Untracked 
| 229|0x000000008e500000, 0x000000008e500000, 0x000000008e600000|  0%| F|  |TAMS 0x000000008e500000, 0x000000008e500000| Untracked 
| 230|0x000000008e600000, 0x000000008e600000, 0x000000008e700000|  0%| F|  |TAMS 0x000000008e600000, 0x000000008e600000| Untracked 
| 231|0x000000008e700000, 0x000000008e700000, 0x000000008e800000|  0%| F|  |TAMS 0x000000008e700000, 0x000000008e700000| Untracked 
| 232|0x000000008e800000, 0x000000008e800000, 0x000000008e900000|  0%| F|  |TAMS 0x000000008e800000, 0x000000008e800000| Untracked 
| 233|0x000000008e900000, 0x000000008e900000, 0x000000008ea00000|  0%| F|  |TAMS 0x000000008e900000, 0x000000008e900000| Untracked 
| 234|0x000000008ea00000, 0x000000008ea00000, 0x000000008eb00000|  0%| F|  |TAMS 0x000000008ea00000, 0x000000008ea00000| Untracked 
| 235|0x000000008eb00000, 0x000000008eb00000, 0x000000008ec00000|  0%| F|  |TAMS 0x000000008eb00000, 0x000000008eb00000| Untracked 
| 236|0x000000008ec00000, 0x000000008ec00000, 0x000000008ed00000|  0%| F|  |TAMS 0x000000008ec00000, 0x000000008ec00000| Untracked 
| 237|0x000000008ed00000, 0x000000008ed00000, 0x000000008ee00000|  0%| F|  |TAMS 0x000000008ed00000, 0x000000008ed00000| Untracked 
| 238|0x000000008ee00000, 0x000000008ee00000, 0x000000008ef00000|  0%| F|  |TAMS 0x000000008ee00000, 0x000000008ee00000| Untracked 
| 239|0x000000008ef00000, 0x000000008ef00000, 0x000000008f000000|  0%| F|  |TAMS 0x000000008ef00000, 0x000000008ef00000| Untracked 
| 240|0x000000008f000000, 0x000000008f000000, 0x000000008f100000|  0%| F|  |TAMS 0x000000008f000000, 0x000000008f000000| Untracked 
| 241|0x000000008f100000, 0x000000008f100000, 0x000000008f200000|  0%| F|  |TAMS 0x000000008f100000, 0x000000008f100000| Untracked 
| 242|0x000000008f200000, 0x000000008f200000, 0x000000008f300000|  0%| F|  |TAMS 0x000000008f200000, 0x000000008f200000| Untracked 
| 243|0x000000008f300000, 0x000000008f300000, 0x000000008f400000|  0%| F|  |TAMS 0x000000008f300000, 0x000000008f300000| Untracked 
| 244|0x000000008f400000, 0x000000008f400000, 0x000000008f500000|  0%| F|  |TAMS 0x000000008f400000, 0x000000008f400000| Untracked 
| 245|0x000000008f500000, 0x000000008f500000, 0x000000008f600000|  0%| F|  |TAMS 0x000000008f500000, 0x000000008f500000| Untracked 
| 246|0x000000008f600000, 0x000000008f600000, 0x000000008f700000|  0%| F|  |TAMS 0x000000008f600000, 0x000000008f600000| Untracked 
| 247|0x000000008f700000, 0x000000008f700000, 0x000000008f800000|  0%| F|  |TAMS 0x000000008f700000, 0x000000008f700000| Untracked 
| 248|0x000000008f800000, 0x000000008f800000, 0x000000008f900000|  0%| F|  |TAMS 0x000000008f800000, 0x000000008f800000| Untracked 
| 249|0x000000008f900000, 0x000000008f900000, 0x000000008fa00000|  0%| F|  |TAMS 0x000000008f900000, 0x000000008f900000| Untracked 
| 250|0x000000008fa00000, 0x000000008fa00000, 0x000000008fb00000|  0%| F|  |TAMS 0x000000008fa00000, 0x000000008fa00000| Untracked 
| 251|0x000000008fb00000, 0x000000008fb00000, 0x000000008fc00000|  0%| F|  |TAMS 0x000000008fb00000, 0x000000008fb00000| Untracked 
| 252|0x000000008fc00000, 0x000000008fc00000, 0x000000008fd00000|  0%| F|  |TAMS 0x000000008fc00000, 0x000000008fc00000| Untracked 
| 253|0x000000008fd00000, 0x000000008fd00000, 0x000000008fe00000|  0%| F|  |TAMS 0x000000008fd00000, 0x000000008fd00000| Untracked 

Card table byte_map: [0x0000023ffdb70000,0x0000023ffdf70000] _byte_map_base: 0x0000023ffd770000

Marking Bits (Prev, Next): (CMBitMap*) 0x0000023fe8e7eb80, (CMBitMap*) 0x0000023fe8e7eb40
 Prev Bits: [0x0000023f82000000, 0x0000023f84000000)
 Next Bits: [0x0000023f80000000, 0x0000023f82000000)

Polling page: 0x0000023fe8b10000

Metaspace:

Usage:
  Non-class:     63.79 MB used.
      Class:      9.86 MB used.
       Both:     73.65 MB used.

Virtual space:
  Non-class space:      128.00 MB reserved,      64.12 MB ( 50%) committed,  2 nodes.
      Class space:        1.00 GB reserved,      10.12 MB ( <1%) committed,  1 nodes.
             Both:        1.12 GB reserved,      74.25 MB (  6%) committed. 

Chunk freelists:
   Non-Class:  15.09 MB
       Class:  5.83 MB
        Both:  20.92 MB

MaxMetaspaceSize: unlimited
CompressedClassSpaceSize: 1.00 GB
Initial GC threshold: 21.00 MB
Current GC threshold: 99.19 MB
CDS: off
MetaspaceReclaimPolicy: balanced
 - commit_granule_bytes: 65536.
 - commit_granule_words: 8192.
 - virtual_space_node_default_size: 8388608.
 - enlarge_chunks_in_place: 1.
 - new_chunks_are_fully_committed: 0.
 - uncommit_free_chunks: 1.
 - use_allocation_guard: 0.
 - handle_deallocations: 1.


Internal statistics:

num_allocs_failed_limit: 11.
num_arena_births: 662.
num_arena_deaths: 4.
num_vsnodes_births: 3.
num_vsnodes_deaths: 0.
num_space_committed: 1188.
num_space_uncommitted: 0.
num_chunks_returned_to_freelist: 19.
num_chunks_taken_from_freelist: 3281.
num_chunk_merges: 8.
num_chunk_splits: 2213.
num_chunks_enlarged: 1589.
num_inconsistent_stats: 0.

CodeHeap 'non-profiled nmethods': size=120000Kb used=4857Kb max_used=5654Kb free=115142Kb
 bounds [0x0000023ff55b0000, 0x0000023ff5b40000, 0x0000023ffcae0000]
CodeHeap 'profiled nmethods': size=120000Kb used=15787Kb max_used=17514Kb free=104212Kb
 bounds [0x0000023fedae0000, 0x0000023feec00000, 0x0000023ff5010000]
CodeHeap 'non-nmethods': size=5760Kb used=2349Kb max_used=2461Kb free=3410Kb
 bounds [0x0000023ff5010000, 0x0000023ff5280000, 0x0000023ff55b0000]
 total_blobs=9669 nmethods=8795 adapters=785
 compilation: enabled
              stopped_count=0, restarted_count=0
 full_count=0

Compilation events (20 events):
Event: 7.023 Thread 0x0000023fff23df90 nmethod 10526 0x0000023feea1fb90 code [0x0000023feea1fd40, 0x0000023feea20068]
Event: 7.023 Thread 0x0000023fff23df90 10560 %     3       org.apache.commons.compress.utils.ByteUtils::toLittleEndian @ 6 (41 bytes)
Event: 7.023 Thread 0x0000023fff23df90 nmethod 10560% 0x0000023fee189210 code [0x0000023fee1893c0, 0x0000023fee189638]
Event: 7.023 Thread 0x0000023fff23df90 10497       2       org.apache.commons.compress.archivers.zip.ZipShort::putShort (9 bytes)
Event: 7.024 Thread 0x0000023fff23df90 nmethod 10497 0x0000023fedfd6310 code [0x0000023fedfd64a0, 0x0000023fedfd65a8]
Event: 7.024 Thread 0x0000023fff23df90 10536       2       org.apache.commons.compress.archivers.zip.ZipArchiveOutputStream::writeCounted (9 bytes)
Event: 7.024 Thread 0x0000023fff23df90 nmethod 10536 0x0000023fedc62d10 code [0x0000023fedc62ea0, 0x0000023fedc62fe8]
Event: 7.024 Thread 0x0000023fff23df90 10537       2       org.apache.commons.compress.archivers.zip.StreamCompressor::writeCounted (9 bytes)
Event: 7.024 Thread 0x0000023fff23df90 nmethod 10537 0x0000023fee0c5010 code [0x0000023fee0c51a0, 0x0000023fee0c52c8]
Event: 7.024 Thread 0x0000023fff23df90 10524       2       org.objectweb.asm.AnnotationVisitor::<init> (7 bytes)
Event: 7.024 Thread 0x0000023fff23df90 nmethod 10524 0x0000023fee0d7110 code [0x0000023fee0d72a0, 0x0000023fee0d73c8]
Event: 7.024 Thread 0x0000023fff23df90 10539       2       org.objectweb.asm.AnnotationVisitor::<init> (79 bytes)
Event: 7.024 Thread 0x0000023fff23cfc0 nmethod 9549 0x0000023ff585a810 code [0x0000023ff585ab20, 0x0000023ff585dd48]
Event: 7.024 Thread 0x0000023fff23cfc0 10542       4       org.objectweb.asm.ClassReader::readUtf (161 bytes)
Event: 7.024 Thread 0x0000023fff23df90 nmethod 10539 0x0000023fee013010 code [0x0000023fee013200, 0x0000023fee0135b8]
Event: 7.024 Thread 0x0000023fff23df90 10554       2       org.gradle.internal.classpath.transforms.InstrumentingBackwardsCompatibilityVisitor$BackwardCompatibilityMethodVisitor::visitTypeInsn (12 bytes)
Event: 7.025 Thread 0x0000023fff762970 nmethod 10461 0x0000023ff568fb90 code [0x0000023ff568fda0, 0x0000023ff5691610]
Event: 7.025 Thread 0x0000023fff762970 10557       4       java.lang.StringUTF16::compress (50 bytes)
Event: 7.025 Thread 0x0000023fff23df90 nmethod 10554 0x0000023fedf1f390 code [0x0000023fedf1f540, 0x0000023fedf1f6b8]
Event: 7.025 Thread 0x0000023fff23df90 10538       2       org.objectweb.asm.AnnotationWriter::<init> (60 bytes)

GC Heap History (20 events):
Event: 5.792 GC heap after
{Heap after GC invocations=21 (full 0):
 garbage-first heap   total 121856K, used 52718K [0x0000000080000000, 0x0000000100000000)
  region size 1024K, 8 young (8192K), 8 survivors (8192K)
 Metaspace       used 73751K, committed 74368K, reserved 1114112K
  class space    used 9953K, committed 10240K, reserved 1048576K
}
Event: 5.850 GC heap before
{Heap before GC invocations=21 (full 0):
 garbage-first heap   total 121856K, used 97774K [0x0000000080000000, 0x0000000100000000)
  region size 1024K, 53 young (54272K), 8 survivors (8192K)
 Metaspace       used 73832K, committed 74432K, reserved 1114112K
  class space    used 9953K, committed 10240K, reserved 1048576K
}
Event: 5.856 GC heap after
{Heap after GC invocations=22 (full 0):
 garbage-first heap   total 121856K, used 54031K [0x0000000080000000, 0x0000000100000000)
  region size 1024K, 2 young (2048K), 2 survivors (2048K)
 Metaspace       used 73832K, committed 74432K, reserved 1114112K
  class space    used 9953K, committed 10240K, reserved 1048576K
}
Event: 5.918 GC heap before
{Heap before GC invocations=22 (full 0):
 garbage-first heap   total 121856K, used 100111K [0x0000000080000000, 0x0000000100000000)
  region size 1024K, 47 young (48128K), 2 survivors (2048K)
 Metaspace       used 73889K, committed 74496K, reserved 1114112K
  class space    used 9955K, committed 10240K, reserved 1048576K
}
Event: 5.920 GC heap after
{Heap after GC invocations=23 (full 0):
 garbage-first heap   total 158720K, used 56034K [0x0000000080000000, 0x0000000100000000)
  region size 1024K, 3 young (3072K), 3 survivors (3072K)
 Metaspace       used 73889K, committed 74496K, reserved 1114112K
  class space    used 9955K, committed 10240K, reserved 1048576K
}
Event: 6.028 GC heap before
{Heap before GC invocations=23 (full 0):
 garbage-first heap   total 158720K, used 127714K [0x0000000080000000, 0x0000000100000000)
  region size 1024K, 74 young (75776K), 3 survivors (3072K)
 Metaspace       used 74020K, committed 74624K, reserved 1114112K
  class space    used 9956K, committed 10240K, reserved 1048576K
}
Event: 6.031 GC heap after
{Heap after GC invocations=24 (full 0):
 garbage-first heap   total 158720K, used 58127K [0x0000000080000000, 0x0000000100000000)
  region size 1024K, 5 young (5120K), 5 survivors (5120K)
 Metaspace       used 74020K, committed 74624K, reserved 1114112K
  class space    used 9956K, committed 10240K, reserved 1048576K
}
Event: 6.102 GC heap before
{Heap before GC invocations=24 (full 0):
 garbage-first heap   total 158720K, used 130831K [0x0000000080000000, 0x0000000100000000)
  region size 1024K, 76 young (77824K), 5 survivors (5120K)
 Metaspace       used 74117K, committed 74752K, reserved 1114112K
  class space    used 9956K, committed 10240K, reserved 1048576K
}
Event: 6.106 GC heap after
{Heap after GC invocations=25 (full 0):
 garbage-first heap   total 158720K, used 60580K [0x0000000080000000, 0x0000000100000000)
  region size 1024K, 8 young (8192K), 8 survivors (8192K)
 Metaspace       used 74117K, committed 74752K, reserved 1114112K
  class space    used 9956K, committed 10240K, reserved 1048576K
}
Event: 6.173 GC heap before
{Heap before GC invocations=25 (full 0):
 garbage-first heap   total 158720K, used 130212K [0x0000000080000000, 0x0000000100000000)
  region size 1024K, 77 young (78848K), 8 survivors (8192K)
 Metaspace       used 74186K, committed 74752K, reserved 1114112K
  class space    used 9956K, committed 10240K, reserved 1048576K
}
Event: 6.178 GC heap after
{Heap after GC invocations=26 (full 0):
 garbage-first heap   total 158720K, used 62509K [0x0000000080000000, 0x0000000100000000)
  region size 1024K, 7 young (7168K), 7 survivors (7168K)
 Metaspace       used 74186K, committed 74752K, reserved 1114112K
  class space    used 9956K, committed 10240K, reserved 1048576K
}
Event: 6.233 GC heap before
{Heap before GC invocations=26 (full 0):
 garbage-first heap   total 158720K, used 132141K [0x0000000080000000, 0x0000000100000000)
  region size 1024K, 75 young (76800K), 7 survivors (7168K)
 Metaspace       used 74202K, committed 74816K, reserved 1114112K
  class space    used 9956K, committed 10240K, reserved 1048576K
}
Event: 6.238 GC heap after
{Heap after GC invocations=27 (full 0):
 garbage-first heap   total 229376K, used 63886K [0x0000000080000000, 0x0000000100000000)
  region size 1024K, 7 young (7168K), 7 survivors (7168K)
 Metaspace       used 74202K, committed 74816K, reserved 1114112K
  class space    used 9956K, committed 10240K, reserved 1048576K
}
Event: 6.365 GC heap before
{Heap before GC invocations=27 (full 0):
 garbage-first heap   total 229376K, used 189838K [0x0000000080000000, 0x0000000100000000)
  region size 1024K, 131 young (134144K), 7 survivors (7168K)
 Metaspace       used 74269K, committed 74816K, reserved 1114112K
  class space    used 9956K, committed 10240K, reserved 1048576K
}
Event: 6.374 GC heap after
{Heap after GC invocations=28 (full 0):
 garbage-first heap   total 229376K, used 69688K [0x0000000080000000, 0x0000000100000000)
  region size 1024K, 14 young (14336K), 14 survivors (14336K)
 Metaspace       used 74269K, committed 74816K, reserved 1114112K
  class space    used 9956K, committed 10240K, reserved 1048576K
}
Event: 6.512 GC heap before
{Heap before GC invocations=28 (full 0):
 garbage-first heap   total 229376K, used 185400K [0x0000000080000000, 0x0000000100000000)
  region size 1024K, 128 young (131072K), 14 survivors (14336K)
 Metaspace       used 74342K, committed 74944K, reserved 1179648K
  class space    used 9956K, committed 10240K, reserved 1048576K
}
Event: 6.521 GC heap after
{Heap after GC invocations=29 (full 0):
 garbage-first heap   total 229376K, used 68904K [0x0000000080000000, 0x0000000100000000)
  region size 1024K, 9 young (9216K), 9 survivors (9216K)
 Metaspace       used 74342K, committed 74944K, reserved 1179648K
  class space    used 9956K, committed 10240K, reserved 1048576K
}
Event: 6.796 GC heap before
{Heap before GC invocations=29 (full 0):
 garbage-first heap   total 229376K, used 186664K [0x0000000080000000, 0x0000000100000000)
  region size 1024K, 125 young (128000K), 9 survivors (9216K)
 Metaspace       used 74641K, committed 75200K, reserved 1179648K
  class space    used 9990K, committed 10240K, reserved 1048576K
}
Event: 6.808 GC heap after
{Heap after GC invocations=30 (full 0):
 garbage-first heap   total 229376K, used 77448K [0x0000000080000000, 0x0000000100000000)
  region size 1024K, 16 young (16384K), 16 survivors (16384K)
 Metaspace       used 74641K, committed 75200K, reserved 1179648K
  class space    used 9990K, committed 10240K, reserved 1048576K
}
Event: 7.025 GC heap before
{Heap before GC invocations=30 (full 0):
 garbage-first heap   total 229376K, used 183944K [0x0000000080000000, 0x0000000100000000)
  region size 1024K, 120 young (122880K), 16 survivors (16384K)
 Metaspace       used 75420K, committed 76032K, reserved 1179648K
  class space    used 10094K, committed 10368K, reserved 1048576K
}

Dll operation events (3 events):
Event: 0.004 Loaded shared library C:\Program Files\Android\Android Studio2\jbr\bin\java.dll
Event: 0.083 Loaded shared library C:\Program Files\Android\Android Studio2\jbr\bin\zip.dll
Event: 0.317 Loaded shared library C:\Program Files\Android\Android Studio2\jbr\bin\verify.dll

Deoptimization events (20 events):
Event: 7.021 Thread 0x0000023f8f4ce1a0 DEOPT PACKING pc=0x0000023fedf5defe sp=0x0000004afc6fa810
Event: 7.021 Thread 0x0000023f8f4ce1a0 DEOPT UNPACKING pc=0x0000023ff5067143 sp=0x0000004afc6f9c80 mode 0
Event: 7.021 Thread 0x0000023f8f4cdc90 DEOPT PACKING pc=0x0000023fedf5defe sp=0x0000004afc8fa110
Event: 7.021 Thread 0x0000023f8f4cdc90 DEOPT UNPACKING pc=0x0000023ff5067143 sp=0x0000004afc8f9580 mode 0
Event: 7.022 Thread 0x0000023f8f4ce1a0 DEOPT PACKING pc=0x0000023fedf5defe sp=0x0000004afc6fa1a0
Event: 7.022 Thread 0x0000023f8f4ce1a0 DEOPT UNPACKING pc=0x0000023ff5067143 sp=0x0000004afc6f9610 mode 0
Event: 7.022 Thread 0x0000023f8b1240a0 DEOPT PACKING pc=0x0000023fedf5defe sp=0x0000004af95f4130
Event: 7.022 Thread 0x0000023f8b1240a0 DEOPT UNPACKING pc=0x0000023ff5067143 sp=0x0000004af95f35a0 mode 0
Event: 7.023 Thread 0x0000023f8d50a950 DEOPT PACKING pc=0x0000023fedf5defe sp=0x0000004afccfa1b0
Event: 7.023 Thread 0x0000023f8d50a950 DEOPT UNPACKING pc=0x0000023ff5067143 sp=0x0000004afccf9620 mode 0
Event: 7.023 Thread 0x0000023f8b1240a0 DEOPT PACKING pc=0x0000023fedf5defe sp=0x0000004af95f4230
Event: 7.023 Thread 0x0000023f8b1240a0 DEOPT UNPACKING pc=0x0000023ff5067143 sp=0x0000004af95f36a0 mode 0
Event: 7.023 Thread 0x0000023f8f4cdc90 DEOPT PACKING pc=0x0000023fedf5defe sp=0x0000004afc8fa110
Event: 7.023 Thread 0x0000023f8f4cdc90 DEOPT UNPACKING pc=0x0000023ff5067143 sp=0x0000004afc8f9580 mode 0
Event: 7.024 Thread 0x0000023f8f4cdc90 DEOPT PACKING pc=0x0000023fedf5defe sp=0x0000004afc8fa680
Event: 7.024 Thread 0x0000023f8f4cdc90 DEOPT UNPACKING pc=0x0000023ff5067143 sp=0x0000004afc8f9af0 mode 0
Event: 7.024 Thread 0x0000023f8d50a950 DEOPT PACKING pc=0x0000023fedf5defe sp=0x0000004afccfa1b0
Event: 7.024 Thread 0x0000023f8d50a950 DEOPT UNPACKING pc=0x0000023ff5067143 sp=0x0000004afccf9620 mode 0
Event: 7.025 Thread 0x0000023f8d50ae60 DEOPT PACKING pc=0x0000023fedf5defe sp=0x0000004afcafa160
Event: 7.025 Thread 0x0000023f8d50ae60 DEOPT UNPACKING pc=0x0000023ff5067143 sp=0x0000004afcaf95d0 mode 0

Classes unloaded (8 events):
Event: 4.363 Thread 0x0000023fff2116c0 Unloading class 0x0000000100718968 '_BuildScript_$_run_closure1$_closure2'
Event: 4.363 Thread 0x0000023fff2116c0 Unloading class 0x0000000100718558 '_BuildScript_$_run_closure1'
Event: 4.363 Thread 0x0000023fff2116c0 Unloading class 0x0000000100718000 '_BuildScript_'
Event: 4.363 Thread 0x0000023fff2116c0 Unloading class 0x00000001006b4c30 '_BuildScript_$_run_closure1$_closure2$_closure3$_closure4'
Event: 4.363 Thread 0x0000023fff2116c0 Unloading class 0x00000001006b4820 '_BuildScript_$_run_closure1$_closure2$_closure3'
Event: 4.363 Thread 0x0000023fff2116c0 Unloading class 0x00000001006b4410 '_BuildScript_$_run_closure1$_closure2'
Event: 4.363 Thread 0x0000023fff2116c0 Unloading class 0x00000001006b4000 '_BuildScript_$_run_closure1'
Event: 4.363 Thread 0x0000023fff2116c0 Unloading class 0x00000001006ac000 '_BuildScript_'

Classes redefined (0 events):
No events

Internal exceptions (20 events):
Event: 5.381 Thread 0x0000023f8b1240a0 Exception <a 'java/lang/NoSuchMethodError'{0x00000000848aa558}: 'java.lang.Object java.lang.invoke.DirectMethodHandle$Holder.newInvokeSpecial(java.lang.Object, long)'> (0x00000000848aa558) 
thrown [s\src\hotspot\share\interpreter\linkResolver.cpp, line 771]
Event: 5.384 Thread 0x0000023f8b1240a0 Exception <a 'java/lang/NoSuchMethodError'{0x00000000847080f8}: 'java.lang.Object java.lang.invoke.DirectMethodHandle$Holder.newInvokeSpecial(java.lang.Object, java.lang.Object, java.lang.Object, java.lang.Object, java.lang.Object, long)'> (0x00000000847080f8) 
thrown [s\src\hotspot\share\interpreter\linkResolver.cpp, line 771]
Event: 5.384 Thread 0x0000023f8b1240a0 Exception <a 'java/lang/NoSuchMethodError'{0x000000008470cfc0}: 'java.lang.Object java.lang.invoke.DirectMethodHandle$Holder.invokeSpecial(java.lang.Object, java.lang.Object, java.lang.Object, java.lang.Object, java.lang.Object, java.lang.Object, long)'> (0x000000008470cfc0) 
thrown [s\src\hotspot\share\interpreter\linkResolver.cpp, line 771]
Event: 5.387 Thread 0x0000023f8b1240a0 Exception <a 'java/lang/NoSuchMethodError'{0x0000000084759a40}: 'java.lang.Object java.lang.invoke.DirectMethodHandle$Holder.newInvokeSpecial(java.lang.Object, java.lang.Object, java.lang.Object, long)'> (0x0000000084759a40) 
thrown [s\src\hotspot\share\interpreter\linkResolver.cpp, line 771]
Event: 5.388 Thread 0x0000023f8b1240a0 Exception <a 'java/lang/NoSuchMethodError'{0x000000008475ea38}: 'java.lang.Object java.lang.invoke.DirectMethodHandle$Holder.invokeSpecial(java.lang.Object, java.lang.Object, java.lang.Object, java.lang.Object, long)'> (0x000000008475ea38) 
thrown [s\src\hotspot\share\interpreter\linkResolver.cpp, line 771]
Event: 5.388 Thread 0x0000023f8b1240a0 Exception <a 'java/lang/NoSuchMethodError'{0x0000000084763118}: 'java.lang.Object java.lang.invoke.Invokers$Holder.linkToTargetMethod(java.lang.Object, java.lang.Object, long, java.lang.Object)'> (0x0000000084763118) 
thrown [s\src\hotspot\share\interpreter\linkResolver.cpp, line 771]
Event: 5.416 Thread 0x0000023f8b1240a0 Exception <a 'java/lang/NoSuchMethodError'{0x000000008455fff8}: 'java.lang.Object java.lang.invoke.DirectMethodHandle$Holder.invokeSpecial(java.lang.Object, java.lang.Object, long, java.lang.Object, java.lang.Object)'> (0x000000008455fff8) 
thrown [s\src\hotspot\share\interpreter\linkResolver.cpp, line 771]
Event: 6.025 Thread 0x0000023f8ce534d0 Implicit null exception at 0x0000023ff5a8aacc to 0x0000023ff5a8abe8
Event: 6.686 Thread 0x0000023f8b1240a0 Exception <a 'java/lang/NoSuchMethodError'{0x000000008901f9d8}: 'java.lang.Object java.lang.invoke.DirectMethodHandle$Holder.invokeSpecialIFC(java.lang.Object, java.lang.Object, java.lang.Object)'> (0x000000008901f9d8) 
thrown [s\src\hotspot\share\interpreter\linkResolver.cpp, line 771]
Event: 6.917 Thread 0x0000023f8f4cc850 Exception <a 'sun/nio/fs/WindowsException'{0x000000008adb3c68}> (0x000000008adb3c68) 
thrown [s\src\hotspot\share\prims\jni.cpp, line 531]
Event: 6.917 Thread 0x0000023f8f4cdc90 Exception <a 'sun/nio/fs/WindowsException'{0x000000008ac67110}> (0x000000008ac67110) 
thrown [s\src\hotspot\share\prims\jni.cpp, line 531]
Event: 6.917 Thread 0x0000023f8d50bd90 Exception <a 'sun/nio/fs/WindowsException'{0x000000008ac2efa0}> (0x000000008ac2efa0) 
thrown [s\src\hotspot\share\prims\jni.cpp, line 531]
Event: 6.917 Thread 0x0000023f8f4ce1a0 Exception <a 'sun/nio/fs/WindowsException'{0x000000008ab44648}> (0x000000008ab44648) 
thrown [s\src\hotspot\share\prims\jni.cpp, line 531]
Event: 6.917 Thread 0x0000023f8d50a950 Exception <a 'sun/nio/fs/WindowsException'{0x000000008ad58f30}> (0x000000008ad58f30) 
thrown [s\src\hotspot\share\prims\jni.cpp, line 531]
Event: 6.920 Thread 0x0000023f8d50dbf0 Exception <a 'sun/nio/fs/WindowsException'{0x000000008ab257d0}> (0x000000008ab257d0) 
thrown [s\src\hotspot\share\prims\jni.cpp, line 531]
Event: 6.920 Thread 0x0000023f8d50b880 Exception <a 'sun/nio/fs/WindowsException'{0x000000008ab887e8}> (0x000000008ab887e8) 
thrown [s\src\hotspot\share\prims\jni.cpp, line 531]
Event: 6.921 Thread 0x0000023f8f4cd780 Exception <a 'sun/nio/fs/WindowsException'{0x000000008ac3f160}> (0x000000008ac3f160) 
thrown [s\src\hotspot\share\prims\jni.cpp, line 531]
Event: 6.924 Thread 0x0000023f8b1240a0 Exception <a 'sun/nio/fs/WindowsException'{0x000000008aab4da8}> (0x000000008aab4da8) 
thrown [s\src\hotspot\share\prims\jni.cpp, line 531]
Event: 6.929 Thread 0x0000023f8d50ae60 Exception <a 'sun/nio/fs/WindowsException'{0x000000008a7cc820}> (0x000000008a7cc820) 
thrown [s\src\hotspot\share\prims\jni.cpp, line 531]
Event: 6.961 Thread 0x0000023f8f4cd270 Exception <a 'sun/nio/fs/WindowsException'{0x000000008982c0c0}> (0x000000008982c0c0) 
thrown [s\src\hotspot\share\prims\jni.cpp, line 531]

VM Operations (20 events):
Event: 6.908 Executing VM operation: HandshakeAllThreads done
Event: 6.922 Executing VM operation: ICBufferFull
Event: 6.923 Executing VM operation: ICBufferFull done
Event: 6.929 Executing VM operation: HandshakeAllThreads
Event: 6.930 Executing VM operation: HandshakeAllThreads done
Event: 6.934 Executing VM operation: HandshakeAllThreads
Event: 6.935 Executing VM operation: HandshakeAllThreads done
Event: 6.942 Executing VM operation: HandshakeAllThreads
Event: 6.943 Executing VM operation: HandshakeAllThreads done
Event: 6.956 Executing VM operation: HandshakeAllThreads
Event: 6.956 Executing VM operation: HandshakeAllThreads done
Event: 6.962 Executing VM operation: HandshakeAllThreads
Event: 6.962 Executing VM operation: HandshakeAllThreads done
Event: 6.964 Executing VM operation: ICBufferFull
Event: 6.964 Executing VM operation: ICBufferFull done
Event: 6.964 Executing VM operation: HandshakeAllThreads
Event: 6.964 Executing VM operation: HandshakeAllThreads done
Event: 7.002 Executing VM operation: HandshakeAllThreads
Event: 7.002 Executing VM operation: HandshakeAllThreads done
Event: 7.025 Executing VM operation: G1CollectForAllocation

Events (20 events):
Event: 6.973 Thread 0x0000023fff277010 flushing nmethod 0x0000023fee9e3e10
Event: 6.973 Thread 0x0000023fff277010 flushing nmethod 0x0000023feea1c890
Event: 6.973 Thread 0x0000023fff277010 flushing nmethod 0x0000023feea1fb90
Event: 6.973 Thread 0x0000023fff277010 flushing nmethod 0x0000023feea2e810
Event: 6.974 Thread 0x0000023fff277010 flushing nmethod 0x0000023feea38f90
Event: 6.974 Thread 0x0000023fff277010 flushing nmethod 0x0000023feea3fb90
Event: 6.974 Thread 0x0000023fff277010 flushing nmethod 0x0000023feea54010
Event: 6.974 Thread 0x0000023fff277010 flushing nmethod 0x0000023feea67290
Event: 6.974 Thread 0x0000023fff277010 flushing nmethod 0x0000023feea7a010
Event: 6.974 Thread 0x0000023fff277010 flushing nmethod 0x0000023feeaa2e90
Event: 6.974 Thread 0x0000023fff277010 flushing nmethod 0x0000023feeaf7690
Event: 6.974 Thread 0x0000023fff277010 flushing nmethod 0x0000023feeb05310
Event: 6.974 Thread 0x0000023fff277010 flushing nmethod 0x0000023feeb0b990
Event: 6.975 Thread 0x0000023fff277010 flushing nmethod 0x0000023feeb51210
Event: 6.975 Thread 0x0000023fff277010 flushing nmethod 0x0000023feeb51910
Event: 6.975 Thread 0x0000023fff277010 flushing nmethod 0x0000023feeb74710
Event: 6.975 Thread 0x0000023fff277010 flushing nmethod 0x0000023feebc3d10
Event: 6.975 Thread 0x0000023fff277010 flushing nmethod 0x0000023feebcb490
Event: 6.975 Thread 0x0000023fff277010 flushing nmethod 0x0000023feebcbd10
Event: 6.975 Thread 0x0000023fff277010 flushing nmethod 0x0000023feebd3690


Dynamic libraries:
0x00007ff7617a0000 - 0x00007ff7617aa000 	C:\Program Files\Android\Android Studio2\jbr\bin\java.exe
0x00007ffff0c90000 - 0x00007ffff0e88000 	C:\Windows\SYSTEM32\ntdll.dll
0x00007fffef000000 - 0x00007fffef0c1000 	C:\Windows\System32\KERNEL32.DLL
0x00007fffee910000 - 0x00007fffeec06000 	C:\Windows\System32\KERNELBASE.dll
0x00007fffee460000 - 0x00007fffee560000 	C:\Windows\System32\ucrtbase.dll
0x00007fff83a90000 - 0x00007fff83aa7000 	C:\Program Files\Android\Android Studio2\jbr\bin\jli.dll
0x00007fffeb9d0000 - 0x00007fffeb9eb000 	C:\Program Files\Android\Android Studio2\jbr\bin\VCRUNTIME140.dll
0x00007ffff0660000 - 0x00007ffff07ff000 	C:\Windows\System32\USER32.dll
0x00007fffee8e0000 - 0x00007fffee902000 	C:\Windows\System32\win32u.dll
0x00007fffe3be0000 - 0x00007fffe3e7a000 	C:\Windows\WinSxS\amd64_microsoft.windows.common-controls_6595b64144ccf1df_6.0.19041.4355_none_60b8b9eb71f62e16\COMCTL32.dll
0x00007fffef2b0000 - 0x00007fffef2db000 	C:\Windows\System32\GDI32.dll
0x00007fffeee40000 - 0x00007fffeeede000 	C:\Windows\System32\msvcrt.dll
0x00007fffee340000 - 0x00007fffee457000 	C:\Windows\System32\gdi32full.dll
0x00007fffee650000 - 0x00007fffee6ed000 	C:\Windows\System32\msvcp_win.dll
0x00007ffff0020000 - 0x00007ffff004f000 	C:\Windows\System32\IMM32.DLL
0x00007fffeb690000 - 0x00007fffeb69c000 	C:\Program Files\Android\Android Studio2\jbr\bin\vcruntime140_1.dll
0x00007fffe0520000 - 0x00007fffe05ad000 	C:\Program Files\Android\Android Studio2\jbr\bin\msvcp140.dll
0x00007fff85d00000 - 0x00007fff86983000 	C:\Program Files\Android\Android Studio2\jbr\bin\server\jvm.dll
0x00007fffeecc0000 - 0x00007fffeed70000 	C:\Windows\System32\ADVAPI32.dll
0x00007fffeeee0000 - 0x00007fffeef80000 	C:\Windows\System32\sechost.dll
0x00007ffff04d0000 - 0x00007ffff05f3000 	C:\Windows\System32\RPCRT4.dll
0x00007fffee620000 - 0x00007fffee647000 	C:\Windows\System32\bcrypt.dll
0x00007fffedec0000 - 0x00007fffedf0b000 	C:\Windows\SYSTEM32\POWRPROF.dll
0x00007fffe9880000 - 0x00007fffe9889000 	C:\Windows\SYSTEM32\WSOCK32.dll
0x00007fffdd320000 - 0x00007fffdd347000 	C:\Windows\SYSTEM32\WINMM.dll
0x00007fffeffb0000 - 0x00007ffff001b000 	C:\Windows\System32\WS2_32.dll
0x00007fffe8c30000 - 0x00007fffe8c3a000 	C:\Windows\SYSTEM32\VERSION.dll
0x00007fffedea0000 - 0x00007fffedeb2000 	C:\Windows\SYSTEM32\UMPDC.dll
0x00007fffec1e0000 - 0x00007fffec1f2000 	C:\Windows\SYSTEM32\kernel.appcore.dll
0x00007fffe9870000 - 0x00007fffe987a000 	C:\Program Files\Android\Android Studio2\jbr\bin\jimage.dll
0x00007fffdb710000 - 0x00007fffdb8f4000 	C:\Windows\SYSTEM32\DBGHELP.DLL
0x00007fffcdf10000 - 0x00007fffcdf44000 	C:\Windows\SYSTEM32\dbgcore.DLL
0x00007fffee850000 - 0x00007fffee8d2000 	C:\Windows\System32\bcryptPrimitives.dll
0x00007fff856c0000 - 0x00007fff856ce000 	C:\Program Files\Android\Android Studio2\jbr\bin\instrument.dll
0x00007fff85cd0000 - 0x00007fff85cf5000 	C:\Program Files\Android\Android Studio2\jbr\bin\java.dll
0x00007fffe96a0000 - 0x00007fffe96b8000 	C:\Program Files\Android\Android Studio2\jbr\bin\zip.dll
0x00007fffef840000 - 0x00007fffeffac000 	C:\Windows\System32\SHELL32.dll
0x00007fffec3e0000 - 0x00007fffecb7e000 	C:\Windows\SYSTEM32\windows.storage.dll
0x00007ffff0170000 - 0x00007ffff04c3000 	C:\Windows\System32\combase.dll
0x00007fffedcf0000 - 0x00007fffedd1e000 	C:\Windows\SYSTEM32\Wldp.dll
0x00007fffeed70000 - 0x00007fffeee3d000 	C:\Windows\System32\OLEAUT32.dll
0x00007fffef200000 - 0x00007fffef2ad000 	C:\Windows\System32\SHCORE.dll
0x00007fffef750000 - 0x00007fffef7a5000 	C:\Windows\System32\shlwapi.dll
0x00007fffee270000 - 0x00007fffee294000 	C:\Windows\SYSTEM32\profapi.dll
0x00007fff85cb0000 - 0x00007fff85cc9000 	C:\Program Files\Android\Android Studio2\jbr\bin\net.dll
0x00007fffe8960000 - 0x00007fffe8a6a000 	C:\Windows\SYSTEM32\WINHTTP.dll
0x00007fffed9f0000 - 0x00007fffeda5a000 	C:\Windows\system32\mswsock.dll
0x00007fff85c90000 - 0x00007fff85ca6000 	C:\Program Files\Android\Android Studio2\jbr\bin\nio.dll
0x00007fff856d0000 - 0x00007fff856e0000 	C:\Program Files\Android\Android Studio2\jbr\bin\verify.dll
0x00007fffdeb60000 - 0x00007fffdeb87000 	C:\Users\Innovaneers Tech\.gradle\native\c067742578af261105cb4f569cf0c3c89f3d7b1fecec35dd04571415982c5e48\windows-amd64\native-platform.dll
0x00007fffb5a50000 - 0x00007fffb5b94000 	C:\Users\Innovaneers Tech\.gradle\native\100fb08df4bc3b14c8652ba06237920a3bd2aa13389f12d3474272988ae205f9\windows-amd64\native-platform-file-events.dll
0x00007fff84310000 - 0x00007fff84319000 	C:\Program Files\Android\Android Studio2\jbr\bin\management.dll
0x00007fff84020000 - 0x00007fff8402b000 	C:\Program Files\Android\Android Studio2\jbr\bin\management_ext.dll
0x00007fffeefe0000 - 0x00007fffeefe8000 	C:\Windows\System32\PSAPI.DLL
0x00007fffedc50000 - 0x00007fffedc68000 	C:\Windows\SYSTEM32\CRYPTSP.dll
0x00007fffed310000 - 0x00007fffed344000 	C:\Windows\system32\rsaenh.dll
0x00007fffee1e0000 - 0x00007fffee20e000 	C:\Windows\SYSTEM32\USERENV.dll
0x00007fffedc40000 - 0x00007fffedc4c000 	C:\Windows\SYSTEM32\CRYPTBASE.dll
0x00007fffed6d0000 - 0x00007fffed70b000 	C:\Windows\SYSTEM32\IPHLPAPI.DLL
0x00007fffeeff0000 - 0x00007fffeeff8000 	C:\Windows\System32\NSI.dll
0x00007fffe8cc0000 - 0x00007fffe8cd7000 	C:\Windows\SYSTEM32\dhcpcsvc6.DLL
0x00007fffe8ee0000 - 0x00007fffe8efd000 	C:\Windows\SYSTEM32\dhcpcsvc.DLL
0x00007fffed710000 - 0x00007fffed7da000 	C:\Windows\SYSTEM32\DNSAPI.dll
0x00007fff84370000 - 0x00007fff84379000 	C:\Program Files\Android\Android Studio2\jbr\bin\extnet.dll
0x00007fffc0030000 - 0x00007fffc0037000 	C:\Windows\system32\wshunix.dll

dbghelp: loaded successfully - version: 4.0.5 - missing functions: none
symbol engine: initialized successfully - sym options: 0x614 - pdb path: .;C:\Program Files\Android\Android Studio2\jbr\bin;C:\Windows\SYSTEM32;C:\Windows\WinSxS\amd64_microsoft.windows.common-controls_6595b64144ccf1df_6.0.19041.4355_none_60b8b9eb71f62e16;C:\Program Files\Android\Android Studio2\jbr\bin\server;C:\Users\Innovaneers Tech\.gradle\native\c067742578af261105cb4f569cf0c3c89f3d7b1fecec35dd04571415982c5e48\windows-amd64;C:\Users\Innovaneers Tech\.gradle\native\100fb08df4bc3b14c8652ba06237920a3bd2aa13389f12d3474272988ae205f9\windows-amd64

VM Arguments:
jvm_args: --add-opens=java.base/java.util=ALL-UNNAMED --add-opens=java.base/java.lang=ALL-UNNAMED --add-opens=java.base/java.lang.invoke=ALL-UNNAMED --add-opens=java.prefs/java.util.prefs=ALL-UNNAMED --add-exports=jdk.compiler/com.sun.tools.javac.api=ALL-UNNAMED --add-exports=jdk.compiler/com.sun.tools.javac.util=ALL-UNNAMED --add-opens=java.base/java.nio.charset=ALL-UNNAMED --add-opens=java.base/java.net=ALL-UNNAMED --add-opens=java.base/java.util.concurrent.atomic=ALL-UNNAMED -Xmx2048m -Dfile.encoding=UTF-8 -Duser.country=IN -Duser.language=en -Duser.variant -javaagent:C:\Users\Innovaneers Tech\.gradle\wrapper\dists\gradle-8.9-bin\90cnw93cvbtalezasaz0blq0a\gradle-8.9\lib\agents\gradle-instrumentation-agent-8.9.jar 
java_command: org.gradle.launcher.daemon.bootstrap.GradleDaemon 8.9
java_class_path (initial): C:\Users\Innovaneers Tech\.gradle\wrapper\dists\gradle-8.9-bin\90cnw93cvbtalezasaz0blq0a\gradle-8.9\lib\gradle-daemon-main-8.9.jar
Launcher Type: SUN_STANDARD

[Global flags]
     intx CICompilerCount                          = 4                                         {product} {ergonomic}
     uint ConcGCThreads                            = 3                                         {product} {ergonomic}
     uint G1ConcRefinementThreads                  = 10                                        {product} {ergonomic}
   size_t G1HeapRegionSize                         = 1048576                                   {product} {ergonomic}
    uintx GCDrainStackTargetSize                   = 64                                        {product} {ergonomic}
   size_t InitialHeapSize                          = 266338304                                 {product} {ergonomic}
   size_t MarkStackSize                            = 4194304                                   {product} {ergonomic}
   size_t MaxHeapSize                              = 2147483648                                {product} {command line}
   size_t MaxNewSize                               = 1287651328                                {product} {ergonomic}
   size_t MinHeapDeltaBytes                        = 1048576                                   {product} {ergonomic}
   size_t MinHeapSize                              = 8388608                                   {product} {ergonomic}
    uintx NonNMethodCodeHeapSize                   = 5839372                                {pd product} {ergonomic}
    uintx NonProfiledCodeHeapSize                  = 122909434                              {pd product} {ergonomic}
    uintx ProfiledCodeHeapSize                     = 122909434                              {pd product} {ergonomic}
    uintx ReservedCodeCacheSize                    = 251658240                              {pd product} {ergonomic}
     bool SegmentedCodeCache                       = true                                      {product} {ergonomic}
   size_t SoftMaxHeapSize                          = 2147483648                             {manageable} {ergonomic}
     bool UseCompressedClassPointers               = true                           {product lp64_product} {ergonomic}
     bool UseCompressedOops                        = true                           {product lp64_product} {ergonomic}
     bool UseG1GC                                  = true                                      {product} {ergonomic}
     bool UseLargePagesIndividualAllocation        = false                                  {pd product} {ergonomic}

Logging:
Log output configuration:
 #0: stdout all=warning uptime,level,tags
 #1: stderr all=off uptime,level,tags

Environment Variables:
PATH=C:\Program Files\Common Files\Oracle\Java\javapath;C:\Program Files (x86)\Common Files\Intel\Shared Libraries\redist\intel64\compiler;C:\Windows\system32;C:\Windows;C:\Windows\System32\Wbem;C:\Windows\System32\WindowsPowerShell\v1.0\;C:\Windows\System32\OpenSSH\;C:\Program Files\Microsoft SQL Server\150\Tools\Binn\;C:\Program Files (x86)\NVIDIA Corporation\PhysX\Common;C:\Program Files\NVIDIA Corporation\NVIDIA NvDLISR;C:\Program Files\Microsoft SQL Server\130\Tools\Binn\;C:\Program Files\Microsoft SQL Server\Client SDK\ODBC\170\Tools\Binn\;C:\Program Files\dotnet\;C:\Program Files\nodejs\;C:\Users\Innovaneers Tech\AppData\Local\Microsoft\WindowsApps;C:\Users\Innovaneers Tech\AppData\Roaming\npm
USERNAME=Innovaneers Tech
OS=Windows_NT
PROCESSOR_IDENTIFIER=Intel64 Family 6 Model 165 Stepping 3, GenuineIntel
TMP=C:\Users\INNOVA~1\AppData\Local\Temp
TEMP=C:\Users\INNOVA~1\AppData\Local\Temp



Periodic native trim disabled

JNI global refs:
JNI global refs: 29, weak refs: 54

JNI global refs memory usage: 843, weak refs: 1473

Process memory usage:
Resident Set Size: 466388K (2% of 16641784K total physical memory with 739952K free physical memory)

OOME stack traces (most recent first):
Classloader memory used:
Loader org.gradle.internal.classloader.VisitableURLClassLoader                         : 4593K
Loader bootstrap                                                                       : 2542K
Loader org.gradle.initialization.MixInLegacyTypesClassLoader                           : 1150K
Loader jdk.internal.loader.ClassLoaders$AppClassLoader                                 : 1010K
Loader jdk.internal.loader.ClassLoaders$PlatformClassLoader                            : 90248B
Loader jdk.internal.reflect.DelegatingClassLoader                                      : 23349B
Loader org.gradle.groovy.scripts.internal.DefaultScriptCompilationHandler$ScriptClassLoader: 9331B
Loader org.gradle.internal.classloader.VisitableURLClassLoader                         : 8062B
Loader org.codehaus.groovy.runtime.callsite.CallSiteClassLoader                        : 1164B
Loader groovy.lang.GroovyClassLoader$InnerLoader                                       : 1055B

Classes loaded by more than one classloader:
Class org.gradle.internal.installation.GradleInstallation                             : loaded 2 times (x 73B)
Class org.gradle.internal.classpath.ClassPath                                         : loaded 2 times (x 68B)
Class org.gradle.api.internal.classpath.DefaultModuleRegistry                         : loaded 2 times (x 81B)
Class org.gradle.api.Action                                                           : loaded 2 times (x 68B)
Class org.gradle.api.internal.DefaultClassPathProvider                                : loaded 2 times (x 74B)
Class org.gradle.internal.installation.GradleInstallation$1                           : loaded 2 times (x 73B)
Class org.gradle.internal.classloader.FilteringClassLoader                            : loaded 2 times (x 103B)
Class org.gradle.internal.classpath.DefaultClassPath$ImmutableUniqueList$Builder      : loaded 2 times (x 73B)
Class org.gradle.internal.classloader.ClassLoaderVisitor                              : loaded 2 times (x 74B)
Class org.gradle.internal.service.DefaultServiceLocator                               : loaded 2 times (x 81B)
Class org.gradle.internal.service.UnknownServiceException                             : loaded 2 times (x 81B)
Class org.gradle.internal.classloader.DefaultClassLoaderFactory                       : loaded 2 times (x 80B)
Class org.gradle.internal.classloader.VisitableURLClassLoader$Spec                    : loaded 2 times (x 72B)
Class org.gradle.api.GradleException                                                  : loaded 2 times (x 80B)
Class org.gradle.api.internal.classpath.ModuleRegistry                                : loaded 2 times (x 68B)
Class org.gradle.api.internal.ClassPathProvider                                       : loaded 2 times (x 68B)
Class org.gradle.internal.classloader.ClasspathUtil$1                                 : loaded 2 times (x 74B)
Class org.gradle.internal.classloader.ClassLoaderFactory                              : loaded 2 times (x 68B)
Class org.gradle.api.internal.classpath.ManifestUtil                                  : loaded 2 times (x 69B)
Class org.gradle.api.specs.Spec                                                       : loaded 2 times (x 68B)
Class org.gradle.internal.IoActions                                                   : loaded 2 times (x 69B)
Class org.gradle.api.internal.classpath.EffectiveClassPath                            : loaded 2 times (x 88B)
Class org.gradle.internal.installation.CurrentGradleInstallation                      : loaded 2 times (x 71B)
Class org.gradle.internal.agents.InstrumentingClassLoader                             : loaded 2 times (x 68B)
Class org.gradle.internal.installation.CurrentGradleInstallationLocator               : loaded 2 times (x 69B)
Class org.gradle.api.internal.classpath.Module                                        : loaded 2 times (x 68B)
Class org.gradle.internal.service.CachingServiceLocator                               : loaded 2 times (x 80B)
Class org.gradle.internal.classpath.DefaultClassPath                                  : loaded 2 times (x 88B)
Class org.gradle.internal.classloader.SystemClassLoaderSpec                           : loaded 2 times (x 69B)
Class org.gradle.api.UncheckedIOException                                             : loaded 2 times (x 80B)
Class org.gradle.internal.classloader.ClasspathUtil                                   : loaded 2 times (x 69B)
Class org.gradle.api.internal.DefaultClassPathRegistry                                : loaded 2 times (x 74B)
Class org.gradle.api.internal.classpath.DefaultModuleRegistry$DefaultModule           : loaded 2 times (x 84B)
Class settings_ehi40igcbexa77pd7hgckc8yl                                              : loaded 2 times (x 177B)
Class org.gradle.api.internal.classpath.UnknownModuleException                        : loaded 2 times (x 80B)
Class org.gradle.internal.service.ServiceLookupException                              : loaded 2 times (x 80B)
Class [Lorg.gradle.api.internal.ClassPathProvider;                                    : loaded 2 times (x 67B)
Class org.gradle.util.internal.GUtil                                                  : loaded 2 times (x 69B)
Class org.gradle.internal.classloader.ClassLoaderSpec                                 : loaded 2 times (x 69B)
Class org.gradle.internal.classloader.VisitableURLClassLoader                         : loaded 2 times (x 115B)
Class settings_ehi40igcbexa77pd7hgckc8yl$_run_closure1                                : loaded 2 times (x 137B)
Class org.gradle.internal.Cast                                                        : loaded 2 times (x 69B)
Class org.gradle.api.internal.ClassPathRegistry                                       : loaded 2 times (x 68B)
Class settings_ehi40igcbexa77pd7hgckc8yl$_run_closure1$_closure2                      : loaded 2 times (x 137B)
Class org.gradle.internal.classloader.VisitableURLClassLoader$InstrumentingVisitableURLClassLoader: loaded 2 times (x 121B)
Class org.gradle.internal.classloader.ClassLoaderHierarchy                            : loaded 2 times (x 68B)
Class org.gradle.internal.InternalTransformer                                         : loaded 2 times (x 68B)
Class org.gradle.internal.service.ServiceLocator                                      : loaded 2 times (x 68B)
Class org.gradle.internal.classpath.DefaultClassPath$ImmutableUniqueList              : loaded 2 times (x 159B)
Class org.gradle.internal.classpath.TransformedClassPath                              : loaded 2 times (x 94B)


---------------  S Y S T E M  ---------------

OS:
 Windows 10 , 64 bit Build 19041 (10.0.19041.4597)
OS uptime: 0 days 6:37 hours

CPU: total 12 (initial active 12) (6 cores per cpu, 2 threads per core) family 6 model 165 stepping 3 microcode 0xea, cx8, cmov, fxsr, ht, mmx, 3dnowpref, sse, sse2, sse3, ssse3, sse4.1, sse4.2, popcnt, lzcnt, tsc, tscinvbit, avx, avx2, aes, erms, clmul, bmi1, bmi2, adx, fma, vzeroupper, clflush, clflushopt
Processor Information for all 12 processors :
  Max Mhz: 2904, Current Mhz: 2904, Mhz Limit: 2904

Memory: 4k page, system-wide physical 16251M (722M free)
TotalPageFile size 23251M (AvailPageFile size 78M)
current process WorkingSet (physical memory assigned to process): 455M, peak: 459M
current process commit charge ("private bytes"): 527M, peak: 627M

vm_info: OpenJDK 64-Bit Server VM (17.0.11+0--11852314) for windows-amd64 JRE (17.0.11+0--11852314), built on May 16 2024 21:29:20 by "androidbuild" with MS VC++ 16.10 / 16.11 (VS2019)

END.
