#
# There is insufficient memory for the Java Runtime Environment to continue.
# Native memory allocation (mmap) failed to map 294649856 bytes. Error detail: G1 virtual space
# Possible reasons:
#   The system is out of physical RAM or swap space
#   This process is running with CompressedOops enabled, and the Java Heap may be blocking the growth of the native heap
# Possible solutions:
#   Reduce memory load on the system
#   Increase physical memory or swap space
#   Check if swap backing store is full
#   Decrease Java heap size (-Xmx/-Xms)
#   Decrease number of Java threads
#   Decrease Java thread stack sizes (-Xss)
#   Set larger code cache with -XX:ReservedCodeCacheSize=
#   JVM is running with Unscaled Compressed Oops mode in which the Java heap is
#     placed in the first 4GB address space. The Java Heap base address is the
#     maximum limit for the native heap growth. Please use -XX:HeapBaseMinAddress
#     to set the Java Heap base and to place the Java Heap above 4GB virtual address.
# This output file may be truncated or incomplete.
#
#  Out of Memory Error (os_windows.cpp:3825), pid=7760, tid=21528
#
# JRE version: OpenJDK Runtime Environment (17.0.11) (build 17.0.11+0--11852314)
# Java VM: OpenJDK 64-Bit Server VM (17.0.11+0--11852314, mixed mode, tiered, compressed oops, compressed class ptrs, g1 gc, windows-amd64)
# No core dump will be written. Minidumps are not enabled by default on client versions of Windows
#

---------------  S U M M A R Y ------------

Command Line: --add-opens=java.base/java.util=ALL-UNNAMED --add-opens=java.base/java.lang=ALL-UNNAMED --add-opens=java.base/java.lang.invoke=ALL-UNNAMED --add-opens=java.prefs/java.util.prefs=ALL-UNNAMED --add-exports=jdk.compiler/com.sun.tools.javac.api=ALL-UNNAMED --add-exports=jdk.compiler/com.sun.tools.javac.util=ALL-UNNAMED --add-opens=java.base/java.nio.charset=ALL-UNNAMED --add-opens=java.base/java.net=ALL-UNNAMED --add-opens=java.base/java.util.concurrent.atomic=ALL-UNNAMED -Xmx2048m -Dfile.encoding=UTF-8 -Duser.country=IN -Duser.language=en -Duser.variant -javaagent:C:\Users\Innovaneers Tech\.gradle\wrapper\dists\gradle-8.9-bin\90cnw93cvbtalezasaz0blq0a\gradle-8.9\lib\agents\gradle-instrumentation-agent-8.9.jar org.gradle.launcher.daemon.bootstrap.GradleDaemon 8.9

Host: Intel(R) Core(TM) i5-10400F CPU @ 2.90GHz, 12 cores, 15G,  Windows 10 , 64 bit Build 19041 (10.0.19041.4597)
Time: Wed Jul 24 17:02:25 2024 India Standard Time elapsed time: 11.420525 seconds (0d 0h 0m 11s)

---------------  T H R E A D  ---------------

Current thread (0x0000021b3e2f0400):  VMThread "VM Thread" [stack: 0x000000761b600000,0x000000761b700000] [id=21528]

Stack: [0x000000761b600000,0x000000761b700000]
Native frames: (J=compiled Java code, j=interpreted, Vv=VM code, C=native code)
V  [jvm.dll+0x687bb9]
V  [jvm.dll+0x84142a]
V  [jvm.dll+0x8430ae]
V  [jvm.dll+0x843713]
V  [jvm.dll+0x24a35f]
V  [jvm.dll+0x684989]
V  [jvm.dll+0x67923a]
V  [jvm.dll+0x30af0b]
V  [jvm.dll+0x3123b6]
V  [jvm.dll+0x361dfe]
V  [jvm.dll+0x36202f]
V  [jvm.dll+0x2e0d38]
V  [jvm.dll+0x2df144]
V  [jvm.dll+0x2de74c]
V  [jvm.dll+0x32305b]
V  [jvm.dll+0x847e0b]
V  [jvm.dll+0x848b42]
V  [jvm.dll+0x84905d]
V  [jvm.dll+0x849434]
V  [jvm.dll+0x849500]
V  [jvm.dll+0x7efa4a]
V  [jvm.dll+0x686a35]
C  [ucrtbase.dll+0x21bb2]
C  [KERNEL32.DLL+0x17374]
C  [ntdll.dll+0x4cc91]

VM_Operation (0x0000007620afa9e0): G1CollectForAllocation, mode: safepoint, requested by thread 0x0000021b45ba6670


---------------  P R O C E S S  ---------------

Threads class SMR info:
_java_thread_list=0x0000021b44ce1760, length=67, elements={
0x0000021b23ea1ab0, 0x0000021b3e318260, 0x0000021b3e318ff0, 0x0000021b3e301d40,
0x0000021b3e341010, 0x0000021b3e3438f0, 0x0000021b3e3445c0, 0x0000021b3e345690,
0x0000021b3e346460, 0x0000021b3e348d80, 0x0000021b3e477090, 0x0000021b3e5e9590,
0x0000021b4471fca0, 0x0000021b43101d10, 0x0000021b445f9020, 0x0000021b44424060,
0x0000021b4412ccc0, 0x0000021b445aac20, 0x0000021b445aa200, 0x0000021b445a7e90,
0x0000021b445a88b0, 0x0000021b445ab640, 0x0000021b445a92d0, 0x0000021b445a9cf0,
0x0000021b445aa710, 0x0000021b445ab130, 0x0000021b445a83a0, 0x0000021b445a8dc0,
0x0000021b445a97e0, 0x0000021b460a8170, 0x0000021b460a7240, 0x0000021b460a6d30,
0x0000021b460a90a0, 0x0000021b460a7750, 0x0000021b460a7c60, 0x0000021b460a8b90,
0x0000021b460a6310, 0x0000021b460a58f0, 0x0000021b460a5e00, 0x0000021b460a6820,
0x0000021b460a8680, 0x0000021b470ce570, 0x0000021b470d1300, 0x0000021b470d4ab0,
0x0000021b470d2740, 0x0000021b470cfec0, 0x0000021b470d2c50, 0x0000021b470d45a0,
0x0000021b470d1810, 0x0000021b48763580, 0x0000021b45b0aeb0, 0x0000021b45b09560,
0x0000021b45b09a70, 0x0000021b45b0a9a0, 0x0000021b45b09f80, 0x0000021b45b0a490,
0x0000021b45ba4810, 0x0000021b493cf960, 0x0000021b476f3f80, 0x0000021b476f4490,
0x0000021b45ba6b80, 0x0000021b45ba4300, 0x0000021b45ba6160, 0x0000021b45ba6670,
0x0000021b45ba7090, 0x0000021b45ba75a0, 0x0000021b45ba3df0
}

Java Threads: ( => current thread )
  0x0000021b23ea1ab0 JavaThread "main" [_thread_blocked, id=8040, stack(0x000000761b000000,0x000000761b100000)]
  0x0000021b3e318260 JavaThread "Reference Handler" daemon [_thread_blocked, id=14088, stack(0x000000761b700000,0x000000761b800000)]
  0x0000021b3e318ff0 JavaThread "Finalizer" daemon [_thread_blocked, id=22368, stack(0x000000761b800000,0x000000761b900000)]
  0x0000021b3e301d40 JavaThread "Signal Dispatcher" daemon [_thread_blocked, id=19444, stack(0x000000761b900000,0x000000761ba00000)]
  0x0000021b3e341010 JavaThread "Attach Listener" daemon [_thread_blocked, id=6632, stack(0x000000761ba00000,0x000000761bb00000)]
  0x0000021b3e3438f0 JavaThread "Service Thread" daemon [_thread_blocked, id=3956, stack(0x000000761bb00000,0x000000761bc00000)]
  0x0000021b3e3445c0 JavaThread "Monitor Deflation Thread" daemon [_thread_blocked, id=20980, stack(0x000000761bc00000,0x000000761bd00000)]
  0x0000021b3e345690 JavaThread "C2 CompilerThread0" daemon [_thread_in_native, id=19092, stack(0x000000761bd00000,0x000000761be00000)]
  0x0000021b3e346460 JavaThread "C1 CompilerThread0" daemon [_thread_blocked, id=3832, stack(0x000000761be00000,0x000000761bf00000)]
  0x0000021b3e348d80 JavaThread "Sweeper thread" daemon [_thread_blocked, id=17412, stack(0x000000761bf00000,0x000000761c000000)]
  0x0000021b3e477090 JavaThread "Common-Cleaner" daemon [_thread_blocked, id=21656, stack(0x000000761c000000,0x000000761c100000)]
  0x0000021b3e5e9590 JavaThread "Notification Thread" daemon [_thread_blocked, id=19364, stack(0x000000761c100000,0x000000761c200000)]
  0x0000021b4471fca0 JavaThread "Daemon health stats" [_thread_blocked, id=15648, stack(0x000000761ca00000,0x000000761cb00000)]
  0x0000021b43101d10 JavaThread "Incoming local TCP Connector on port 58403" [_thread_in_native, id=20828, stack(0x000000761cb00000,0x000000761cc00000)]
  0x0000021b445f9020 JavaThread "Daemon periodic checks" [_thread_blocked, id=20908, stack(0x000000761cc00000,0x000000761cd00000)]
  0x0000021b44424060 JavaThread "Daemon" [_thread_blocked, id=15964, stack(0x000000761cd00000,0x000000761ce00000)]
  0x0000021b4412ccc0 JavaThread "Handler for socket connection from /127.0.0.1:58403 to /127.0.0.1:58404" [_thread_in_native, id=22208, stack(0x000000761ce00000,0x000000761cf00000)]
  0x0000021b445aac20 JavaThread "Cancel handler" [_thread_blocked, id=18792, stack(0x000000761cf00000,0x000000761d000000)]
  0x0000021b445aa200 JavaThread "Daemon worker" [_thread_blocked, id=6052, stack(0x000000761d000000,0x000000761d100000)]
  0x0000021b445a7e90 JavaThread "Asynchronous log dispatcher for DefaultDaemonConnection: socket connection from /127.0.0.1:58403 to /127.0.0.1:58404" [_thread_blocked, id=19344, stack(0x000000761d100000,0x000000761d200000)]
  0x0000021b445a88b0 JavaThread "Stdin handler" [_thread_blocked, id=3332, stack(0x000000761d200000,0x000000761d300000)]
  0x0000021b445ab640 JavaThread "Daemon client event forwarder" [_thread_blocked, id=11368, stack(0x000000761d300000,0x000000761d400000)]
  0x0000021b445a92d0 JavaThread "Cache worker for journal cache (C:\Users\Innovaneers Tech\.gradle\caches\journal-1)" [_thread_blocked, id=7048, stack(0x000000761da00000,0x000000761db00000)]
  0x0000021b445a9cf0 JavaThread "File lock request listener" [_thread_in_native, id=21396, stack(0x000000761db00000,0x000000761dc00000)]
  0x0000021b445aa710 JavaThread "Cache worker for file hash cache (C:\Users\Innovaneers Tech\.gradle\caches\8.9\fileHashes)" [_thread_blocked, id=21892, stack(0x000000761dc00000,0x000000761dd00000)]
  0x0000021b445ab130 JavaThread "Cache worker for file hash cache (D:\Gallus\.gradle\8.9\fileHashes)" [_thread_blocked, id=19812, stack(0x000000761dd00000,0x000000761de00000)]
  0x0000021b445a83a0 JavaThread "Cache worker for Build Output Cleanup Cache (D:\Gallus\.gradle\buildOutputCleanup)" [_thread_blocked, id=14112, stack(0x000000761de00000,0x000000761df00000)]
  0x0000021b445a8dc0 JavaThread "File watcher server" daemon [_thread_in_native, id=21328, stack(0x000000761df00000,0x000000761e000000)]
  0x0000021b445a97e0 JavaThread "File watcher consumer" daemon [_thread_blocked, id=8508, stack(0x000000761e000000,0x000000761e100000)]
  0x0000021b460a8170 JavaThread "jar transforms" [_thread_blocked, id=4100, stack(0x000000761c300000,0x000000761c400000)]
  0x0000021b460a7240 JavaThread "jar transforms Thread 2" [_thread_blocked, id=1268, stack(0x000000761c400000,0x000000761c500000)]
  0x0000021b460a6d30 JavaThread "jar transforms Thread 3" [_thread_blocked, id=13064, stack(0x000000761e100000,0x000000761e200000)]
  0x0000021b460a90a0 JavaThread "jar transforms Thread 4" [_thread_blocked, id=19924, stack(0x000000761e200000,0x000000761e300000)]
  0x0000021b460a7750 JavaThread "jar transforms Thread 5" [_thread_blocked, id=22112, stack(0x000000761e300000,0x000000761e400000)]
  0x0000021b460a7c60 JavaThread "jar transforms Thread 6" [_thread_blocked, id=16540, stack(0x000000761e400000,0x000000761e500000)]
  0x0000021b460a8b90 JavaThread "jar transforms Thread 7" [_thread_blocked, id=20692, stack(0x000000761e500000,0x000000761e600000)]
  0x0000021b460a6310 JavaThread "jar transforms Thread 8" [_thread_blocked, id=17392, stack(0x000000761e600000,0x000000761e700000)]
  0x0000021b460a58f0 JavaThread "jar transforms Thread 9" [_thread_blocked, id=16820, stack(0x000000761e700000,0x000000761e800000)]
  0x0000021b460a5e00 JavaThread "jar transforms Thread 10" [_thread_blocked, id=1312, stack(0x000000761e800000,0x000000761e900000)]
  0x0000021b460a6820 JavaThread "jar transforms Thread 11" [_thread_blocked, id=21204, stack(0x000000761e900000,0x000000761ea00000)]
  0x0000021b460a8680 JavaThread "jar transforms Thread 12" [_thread_blocked, id=22324, stack(0x000000761ea00000,0x000000761eb00000)]
  0x0000021b470ce570 JavaThread "Cache worker for checksums cache (D:\Gallus\.gradle\8.9\checksums)" [_thread_blocked, id=6548, stack(0x000000761ed00000,0x000000761ee00000)]
  0x0000021b470d1300 JavaThread "Cache worker for file content cache (C:\Users\Innovaneers Tech\.gradle\caches\8.9\fileContent)" [_thread_blocked, id=19552, stack(0x000000761ee00000,0x000000761ef00000)]
  0x0000021b470d4ab0 JavaThread "Cache worker for cache directory md-rule (C:\Users\Innovaneers Tech\.gradle\caches\8.9\md-rule)" [_thread_blocked, id=2936, stack(0x000000761ef00000,0x000000761f000000)]
  0x0000021b470d2740 JavaThread "Cache worker for cache directory md-supplier (C:\Users\Innovaneers Tech\.gradle\caches\8.9\md-supplier)" [_thread_blocked, id=8372, stack(0x000000761f000000,0x000000761f100000)]
  0x0000021b470cfec0 JavaThread "Unconstrained build operations" [_thread_blocked, id=17660, stack(0x000000761f100000,0x000000761f200000)]
  0x0000021b470d2c50 JavaThread "Unconstrained build operations Thread 2" [_thread_blocked, id=16524, stack(0x000000761f200000,0x000000761f300000)]
  0x0000021b470d45a0 JavaThread "Unconstrained build operations Thread 3" [_thread_blocked, id=20664, stack(0x000000761f300000,0x000000761f400000)]
  0x0000021b470d1810 JavaThread "Unconstrained build operations Thread 4" [_thread_blocked, id=19760, stack(0x000000761f400000,0x000000761f500000)]
  0x0000021b48763580 JavaThread "Unconstrained build operations Thread 5" [_thread_blocked, id=19476, stack(0x000000761ec00000,0x000000761ed00000)]
  0x0000021b45b0aeb0 JavaThread "Unconstrained build operations Thread 6" [_thread_blocked, id=22292, stack(0x000000761fa00000,0x000000761fb00000)]
  0x0000021b45b09560 JavaThread "Unconstrained build operations Thread 7" [_thread_blocked, id=21372, stack(0x000000761fb00000,0x000000761fc00000)]
  0x0000021b45b09a70 JavaThread "Unconstrained build operations Thread 8" [_thread_blocked, id=11312, stack(0x000000761fc00000,0x000000761fd00000)]
  0x0000021b45b0a9a0 JavaThread "Unconstrained build operations Thread 9" [_thread_blocked, id=16520, stack(0x000000761fd00000,0x000000761fe00000)]
  0x0000021b45b09f80 JavaThread "Unconstrained build operations Thread 10" [_thread_blocked, id=8052, stack(0x000000761fe00000,0x000000761ff00000)]
  0x0000021b45b0a490 JavaThread "Unconstrained build operations Thread 11" [_thread_blocked, id=21060, stack(0x000000761ff00000,0x0000007620000000)]
  0x0000021b45ba4810 JavaThread "Unconstrained build operations Thread 12" [_thread_blocked, id=9172, stack(0x0000007620000000,0x0000007620100000)]
  0x0000021b493cf960 JavaThread "C2 CompilerThread1" daemon [_thread_blocked, id=10848, stack(0x000000761eb00000,0x000000761ec00000)]
  0x0000021b476f3f80 JavaThread "Unconstrained build operations Thread 13" [_thread_blocked, id=19484, stack(0x0000007620500000,0x0000007620600000)]
  0x0000021b476f4490 JavaThread "Unconstrained build operations Thread 14" [_thread_blocked, id=20876, stack(0x0000007620600000,0x0000007620700000)]
  0x0000021b45ba6b80 JavaThread "Unconstrained build operations Thread 15" [_thread_blocked, id=1560, stack(0x0000007620700000,0x0000007620800000)]
  0x0000021b45ba4300 JavaThread "Unconstrained build operations Thread 16" [_thread_blocked, id=20564, stack(0x0000007620800000,0x0000007620900000)]
  0x0000021b45ba6160 JavaThread "Unconstrained build operations Thread 17" [_thread_blocked, id=20600, stack(0x0000007620900000,0x0000007620a00000)]
  0x0000021b45ba6670 JavaThread "Unconstrained build operations Thread 18" [_thread_blocked, id=20844, stack(0x0000007620a00000,0x0000007620b00000)]
  0x0000021b45ba7090 JavaThread "Unconstrained build operations Thread 19" [_thread_blocked, id=19144, stack(0x0000007620b00000,0x0000007620c00000)]
  0x0000021b45ba75a0 JavaThread "Unconstrained build operations Thread 20" [_thread_blocked, id=21084, stack(0x0000007620c00000,0x0000007620d00000)]
  0x0000021b45ba3df0 JavaThread "Unconstrained build operations Thread 21" [_thread_blocked, id=21364, stack(0x0000007620d00000,0x0000007620e00000)]

Other Threads:
=>0x0000021b3e2f0400 VMThread "VM Thread" [stack: 0x000000761b600000,0x000000761b700000] [id=21528]
  0x0000021b3e690b00 WatcherThread [stack: 0x000000761c200000,0x000000761c300000] [id=21724]
  0x0000021b23efba70 GCTaskThread "GC Thread#0" [stack: 0x000000761b100000,0x000000761b200000] [id=20644]
  0x0000021b3ec08c70 GCTaskThread "GC Thread#1" [stack: 0x000000761c500000,0x000000761c600000] [id=19672]
  0x0000021b431949b0 GCTaskThread "GC Thread#2" [stack: 0x000000761c600000,0x000000761c700000] [id=22308]
  0x0000021b43163810 GCTaskThread "GC Thread#3" [stack: 0x000000761c700000,0x000000761c800000] [id=15760]
  0x0000021b433410b0 GCTaskThread "GC Thread#4" [stack: 0x000000761c800000,0x000000761c900000] [id=22408]
  0x0000021b43341370 GCTaskThread "GC Thread#5" [stack: 0x000000761c900000,0x000000761ca00000] [id=21876]
  0x0000021b44623c30 GCTaskThread "GC Thread#6" [stack: 0x000000761d400000,0x000000761d500000] [id=9088]
  0x0000021b446043f0 GCTaskThread "GC Thread#7" [stack: 0x000000761d500000,0x000000761d600000] [id=12788]
  0x0000021b4479d8e0 GCTaskThread "GC Thread#8" [stack: 0x000000761d600000,0x000000761d700000] [id=18600]
  0x0000021b44645050 GCTaskThread "GC Thread#9" [stack: 0x000000761d700000,0x000000761d800000] [id=21836]
  0x0000021b23f0c8d0 ConcurrentGCThread "G1 Main Marker" [stack: 0x000000761b200000,0x000000761b300000] [id=19064]
  0x0000021b23f0e9b0 ConcurrentGCThread "G1 Conc#0" [stack: 0x000000761b300000,0x000000761b400000] [id=21572]
  0x0000021b445a4220 ConcurrentGCThread "G1 Conc#1" [stack: 0x000000761d800000,0x000000761d900000] [id=21808]
  0x0000021b4461a7f0 ConcurrentGCThread "G1 Conc#2" [stack: 0x000000761d900000,0x000000761da00000] [id=21600]
  0x0000021b23f5ea50 ConcurrentGCThread "G1 Refine#0" [stack: 0x000000761b400000,0x000000761b500000] [id=20100]
  0x0000021b48c983f0 ConcurrentGCThread "G1 Refine#1" [stack: 0x000000761f500000,0x000000761f600000] [id=13500]
  0x0000021b48c97e10 ConcurrentGCThread "G1 Refine#2" [stack: 0x000000761f600000,0x000000761f700000] [id=18604]
  0x0000021b48c986e0 ConcurrentGCThread "G1 Refine#3" [stack: 0x000000761f700000,0x000000761f800000] [id=21132]
  0x0000021b48c98100 ConcurrentGCThread "G1 Refine#4" [stack: 0x000000761f800000,0x000000761f900000] [id=17384]
  0x0000021b48c989d0 ConcurrentGCThread "G1 Refine#5" [stack: 0x000000761f900000,0x000000761fa00000] [id=18076]
  0x0000021b46d9d8a0 ConcurrentGCThread "G1 Refine#6" [stack: 0x0000007620100000,0x0000007620200000] [id=14076]
  0x0000021b46d9f020 ConcurrentGCThread "G1 Refine#7" [stack: 0x0000007620200000,0x0000007620300000] [id=22400]
  0x0000021b46d9db90 ConcurrentGCThread "G1 Refine#8" [stack: 0x0000007620300000,0x0000007620400000] [id=5440]
  0x0000021b46d9c700 ConcurrentGCThread "G1 Refine#9" [stack: 0x0000007620400000,0x0000007620500000] [id=22228]
  0x0000021b3e016590 ConcurrentGCThread "G1 Service" [stack: 0x000000761b500000,0x000000761b600000] [id=21728]

Threads with active compile tasks:
C2 CompilerThread0    11439 8409       4       org.gradle.internal.serialize.HierarchicalNameSerializer::readFirstOccurrenceOfName (60 bytes)
C2 CompilerThread1    11440 8672       4       org.objectweb.asm.ClassReader::readCode (5117 bytes)

VM state: at safepoint (normal execution)

VM Mutex/Monitor currently owned by a thread:  ([mutex/lock_event])
[0x0000021b23e9de50] Threads_lock - owner thread: 0x0000021b3e2f0400
[0x0000021b23e9c8f0] Heap_lock - owner thread: 0x0000021b45ba6670

Heap address: 0x0000000080000000, size: 2048 MB, Compressed Oops mode: 32-bit

CDS archive(s) not mapped
Compressed class space mapped at: 0x0000000100000000-0x0000000140000000, reserved size: 1073741824
Narrow klass base: 0x0000000000000000, Narrow klass shift: 3, Narrow klass range: 0x140000000

GC Precious Log:
 CPUs: 12 total, 12 available
 Memory: 16251M
 Large Page Support: Disabled
 NUMA Support: Disabled
 Compressed Oops: Enabled (32-bit)
 Heap Region Size: 1M
 Heap Min Capacity: 8M
 Heap Initial Capacity: 254M
 Heap Max Capacity: 2G
 Pre-touch: Disabled
 Parallel Workers: 10
 Concurrent Workers: 3
 Concurrent Refinement Workers: 10
 Periodic GC: Disabled

Heap:
 garbage-first heap   total 287744K, used 175434K [0x0000000080000000, 0x0000000100000000)
  region size 1024K, 6 young (6144K), 6 survivors (6144K)
 Metaspace       used 60451K, committed 60992K, reserved 1114112K
  class space    used 8195K, committed 8448K, reserved 1048576K

Heap Regions: E=young(eden), S=young(survivor), O=old, HS=humongous(starts), HC=humongous(continues), CS=collection set, F=free, OA=open archive, CA=closed archive, TAMS=top-at-mark-start (previous, next)
|   0|0x0000000080000000, 0x0000000080100000, 0x0000000080100000|100%|HS|  |TAMS 0x0000000080100000, 0x0000000080100000| Complete 
|   1|0x0000000080100000, 0x0000000080200000, 0x0000000080200000|100%|HC|  |TAMS 0x0000000080200000, 0x0000000080200000| Complete 
|   2|0x0000000080200000, 0x0000000080300000, 0x0000000080300000|100%|HC|  |TAMS 0x0000000080300000, 0x0000000080300000| Complete 
|   3|0x0000000080300000, 0x0000000080400000, 0x0000000080400000|100%|HC|  |TAMS 0x0000000080400000, 0x0000000080400000| Complete 
|   4|0x0000000080400000, 0x0000000080500000, 0x0000000080500000|100%| O|  |TAMS 0x0000000080500000, 0x0000000080500000| Untracked 
|   5|0x0000000080500000, 0x0000000080600000, 0x0000000080600000|100%| O|  |TAMS 0x0000000080600000, 0x0000000080600000| Untracked 
|   6|0x0000000080600000, 0x0000000080700000, 0x0000000080700000|100%| O|  |TAMS 0x0000000080700000, 0x0000000080700000| Untracked 
|   7|0x0000000080700000, 0x0000000080800000, 0x0000000080800000|100%| O|  |TAMS 0x0000000080800000, 0x0000000080800000| Untracked 
|   8|0x0000000080800000, 0x0000000080900000, 0x0000000080900000|100%| O|  |TAMS 0x0000000080900000, 0x0000000080900000| Untracked 
|   9|0x0000000080900000, 0x00000000809eae00, 0x0000000080a00000| 91%| O|  |TAMS 0x00000000809eae00, 0x00000000809eae00| Untracked 
|  10|0x0000000080a00000, 0x0000000080b00000, 0x0000000080b00000|100%|HS|  |TAMS 0x0000000080b00000, 0x0000000080b00000| Complete 
|  11|0x0000000080b00000, 0x0000000080c00000, 0x0000000080c00000|100%| O|  |TAMS 0x0000000080c00000, 0x0000000080c00000| Untracked 
|  12|0x0000000080c00000, 0x0000000080d00000, 0x0000000080d00000|100%| O|  |TAMS 0x0000000080d00000, 0x0000000080d00000| Untracked 
|  13|0x0000000080d00000, 0x0000000080e00000, 0x0000000080e00000|100%| O|  |TAMS 0x0000000080e00000, 0x0000000080e00000| Untracked 
|  14|0x0000000080e00000, 0x0000000080f00000, 0x0000000080f00000|100%| O|  |TAMS 0x0000000080f00000, 0x0000000080f00000| Untracked 
|  15|0x0000000080f00000, 0x0000000081000000, 0x0000000081000000|100%| O|  |TAMS 0x0000000081000000, 0x0000000081000000| Untracked 
|  16|0x0000000081000000, 0x0000000081100000, 0x0000000081100000|100%| O|  |TAMS 0x0000000081100000, 0x0000000081100000| Untracked 
|  17|0x0000000081100000, 0x0000000081200000, 0x0000000081200000|100%| O|  |TAMS 0x0000000081200000, 0x0000000081200000| Untracked 
|  18|0x0000000081200000, 0x0000000081300000, 0x0000000081300000|100%| O|  |TAMS 0x0000000081300000, 0x0000000081300000| Untracked 
|  19|0x0000000081300000, 0x0000000081400000, 0x0000000081400000|100%| O|  |TAMS 0x0000000081400000, 0x0000000081400000| Untracked 
|  20|0x0000000081400000, 0x0000000081500000, 0x0000000081500000|100%| O|  |TAMS 0x0000000081500000, 0x0000000081500000| Untracked 
|  21|0x0000000081500000, 0x0000000081600000, 0x0000000081600000|100%|HS|  |TAMS 0x0000000081600000, 0x0000000081600000| Complete 
|  22|0x0000000081600000, 0x0000000081700000, 0x0000000081700000|100%|HC|  |TAMS 0x0000000081700000, 0x0000000081700000| Complete 
|  23|0x0000000081700000, 0x0000000081800000, 0x0000000081800000|100%|HC|  |TAMS 0x0000000081800000, 0x0000000081800000| Complete 
|  24|0x0000000081800000, 0x0000000081900000, 0x0000000081900000|100%|HC|  |TAMS 0x0000000081900000, 0x0000000081900000| Complete 
|  25|0x0000000081900000, 0x0000000081a00000, 0x0000000081a00000|100%|HC|  |TAMS 0x0000000081a00000, 0x0000000081a00000| Complete 
|  26|0x0000000081a00000, 0x0000000081b00000, 0x0000000081b00000|100%|HS|  |TAMS 0x0000000081b00000, 0x0000000081b00000| Complete 
|  27|0x0000000081b00000, 0x0000000081c00000, 0x0000000081c00000|100%|HC|  |TAMS 0x0000000081c00000, 0x0000000081c00000| Complete 
|  28|0x0000000081c00000, 0x0000000081d00000, 0x0000000081d00000|100%|HC|  |TAMS 0x0000000081d00000, 0x0000000081d00000| Complete 
|  29|0x0000000081d00000, 0x0000000081e00000, 0x0000000081e00000|100%|HS|  |TAMS 0x0000000081e00000, 0x0000000081e00000| Complete 
|  30|0x0000000081e00000, 0x0000000081f00000, 0x0000000081f00000|100%|HC|  |TAMS 0x0000000081f00000, 0x0000000081f00000| Complete 
|  31|0x0000000081f00000, 0x0000000082000000, 0x0000000082000000|100%|HC|  |TAMS 0x0000000082000000, 0x0000000082000000| Complete 
|  32|0x0000000082000000, 0x0000000082100000, 0x0000000082100000|100%|HS|  |TAMS 0x0000000082100000, 0x0000000082100000| Complete 
|  33|0x0000000082100000, 0x0000000082200000, 0x0000000082200000|100%| O|  |TAMS 0x0000000082200000, 0x0000000082200000| Untracked 
|  34|0x0000000082200000, 0x0000000082300000, 0x0000000082300000|100%| O|  |TAMS 0x0000000082300000, 0x0000000082300000| Untracked 
|  35|0x0000000082300000, 0x0000000082400000, 0x0000000082400000|100%| O|  |TAMS 0x0000000082400000, 0x0000000082400000| Untracked 
|  36|0x0000000082400000, 0x0000000082500000, 0x0000000082500000|100%| O|  |TAMS 0x0000000082500000, 0x0000000082500000| Untracked 
|  37|0x0000000082500000, 0x0000000082600000, 0x0000000082600000|100%| O|  |TAMS 0x0000000082600000, 0x0000000082600000| Untracked 
|  38|0x0000000082600000, 0x0000000082700000, 0x0000000082700000|100%| O|  |TAMS 0x0000000082700000, 0x0000000082700000| Untracked 
|  39|0x0000000082700000, 0x0000000082800000, 0x0000000082800000|100%| O|  |TAMS 0x0000000082800000, 0x0000000082800000| Untracked 
|  40|0x0000000082800000, 0x0000000082900000, 0x0000000082900000|100%| O|  |TAMS 0x0000000082900000, 0x0000000082900000| Untracked 
|  41|0x0000000082900000, 0x0000000082a00000, 0x0000000082a00000|100%| O|  |TAMS 0x0000000082a00000, 0x0000000082a00000| Untracked 
|  42|0x0000000082a00000, 0x0000000082b00000, 0x0000000082b00000|100%| O|  |TAMS 0x0000000082b00000, 0x0000000082b00000| Untracked 
|  43|0x0000000082b00000, 0x0000000082c00000, 0x0000000082c00000|100%| O|  |TAMS 0x0000000082c00000, 0x0000000082c00000| Untracked 
|  44|0x0000000082c00000, 0x0000000082d00000, 0x0000000082d00000|100%| O|  |TAMS 0x0000000082d00000, 0x0000000082d00000| Untracked 
|  45|0x0000000082d00000, 0x0000000082e00000, 0x0000000082e00000|100%| O|  |TAMS 0x0000000082e00000, 0x0000000082e00000| Untracked 
|  46|0x0000000082e00000, 0x0000000082f00000, 0x0000000082f00000|100%| O|  |TAMS 0x0000000082f00000, 0x0000000082f00000| Untracked 
|  47|0x0000000082f00000, 0x0000000083000000, 0x0000000083000000|100%| O|  |TAMS 0x0000000083000000, 0x0000000083000000| Untracked 
|  48|0x0000000083000000, 0x0000000083100000, 0x0000000083100000|100%| O|  |TAMS 0x0000000083100000, 0x0000000083100000| Untracked 
|  49|0x0000000083100000, 0x0000000083200000, 0x0000000083200000|100%| O|  |TAMS 0x0000000083200000, 0x0000000083200000| Untracked 
|  50|0x0000000083200000, 0x0000000083300000, 0x0000000083300000|100%| O|  |TAMS 0x0000000083300000, 0x0000000083300000| Untracked 
|  51|0x0000000083300000, 0x0000000083400000, 0x0000000083400000|100%|HS|  |TAMS 0x0000000083300000, 0x0000000083400000| Complete 
|  52|0x0000000083400000, 0x0000000083500000, 0x0000000083500000|100%|HC|  |TAMS 0x0000000083400000, 0x0000000083500000| Complete 
|  53|0x0000000083500000, 0x0000000083600000, 0x0000000083600000|100%|HC|  |TAMS 0x0000000083500000, 0x0000000083600000| Complete 
|  54|0x0000000083600000, 0x0000000083700000, 0x0000000083700000|100%| O|  |TAMS 0x0000000083600000, 0x0000000083700000| Untracked 
|  55|0x0000000083700000, 0x0000000083800000, 0x0000000083800000|100%| O|  |TAMS 0x0000000083800000, 0x0000000083800000| Untracked 
|  56|0x0000000083800000, 0x0000000083900000, 0x0000000083900000|100%| O|  |TAMS 0x00000000838ba000, 0x0000000083900000| Untracked 
|  57|0x0000000083900000, 0x0000000083a00000, 0x0000000083a00000|100%| O|  |TAMS 0x0000000083900000, 0x0000000083a00000| Untracked 
|  58|0x0000000083a00000, 0x0000000083b00000, 0x0000000083b00000|100%| O|  |TAMS 0x0000000083a00000, 0x0000000083b00000| Untracked 
|  59|0x0000000083b00000, 0x0000000083c00000, 0x0000000083c00000|100%| O|  |TAMS 0x0000000083b00000, 0x0000000083c00000| Untracked 
|  60|0x0000000083c00000, 0x0000000083d00000, 0x0000000083d00000|100%| O|  |TAMS 0x0000000083c00000, 0x0000000083d00000| Untracked 
|  61|0x0000000083d00000, 0x0000000083e00000, 0x0000000083e00000|100%| O|  |TAMS 0x0000000083d00000, 0x0000000083e00000| Untracked 
|  62|0x0000000083e00000, 0x0000000083f00000, 0x0000000083f00000|100%| O|  |TAMS 0x0000000083e00000, 0x0000000083f00000| Untracked 
|  63|0x0000000083f00000, 0x0000000084000000, 0x0000000084000000|100%| O|  |TAMS 0x0000000083f00000, 0x0000000084000000| Untracked 
|  64|0x0000000084000000, 0x0000000084100000, 0x0000000084100000|100%| O|  |TAMS 0x0000000084000000, 0x0000000084100000| Untracked 
|  65|0x0000000084100000, 0x0000000084200000, 0x0000000084200000|100%| O|  |TAMS 0x0000000084100000, 0x0000000084200000| Untracked 
|  66|0x0000000084200000, 0x0000000084300000, 0x0000000084300000|100%| O|  |TAMS 0x0000000084200000, 0x0000000084300000| Untracked 
|  67|0x0000000084300000, 0x0000000084400000, 0x0000000084400000|100%| O|  |TAMS 0x0000000084300000, 0x0000000084400000| Untracked 
|  68|0x0000000084400000, 0x0000000084500000, 0x0000000084500000|100%| O|  |TAMS 0x0000000084400000, 0x0000000084500000| Untracked 
|  69|0x0000000084500000, 0x0000000084600000, 0x0000000084600000|100%| O|  |TAMS 0x0000000084500000, 0x0000000084600000| Untracked 
|  70|0x0000000084600000, 0x0000000084700000, 0x0000000084700000|100%| O|  |TAMS 0x0000000084600000, 0x0000000084700000| Untracked 
|  71|0x0000000084700000, 0x0000000084800000, 0x0000000084800000|100%| O|  |TAMS 0x0000000084700000, 0x0000000084800000| Untracked 
|  72|0x0000000084800000, 0x0000000084900000, 0x0000000084900000|100%| O|  |TAMS 0x0000000084800000, 0x0000000084900000| Untracked 
|  73|0x0000000084900000, 0x0000000084a00000, 0x0000000084a00000|100%| O|  |TAMS 0x0000000084900000, 0x0000000084a00000| Untracked 
|  74|0x0000000084a00000, 0x0000000084b00000, 0x0000000084b00000|100%|HS|  |TAMS 0x0000000084a00000, 0x0000000084b00000| Complete 
|  75|0x0000000084b00000, 0x0000000084c00000, 0x0000000084c00000|100%|HS|  |TAMS 0x0000000084b00000, 0x0000000084c00000| Complete 
|  76|0x0000000084c00000, 0x0000000084d00000, 0x0000000084d00000|100%|HS|  |TAMS 0x0000000084c00000, 0x0000000084d00000| Complete 
|  77|0x0000000084d00000, 0x0000000084e00000, 0x0000000084e00000|100%|HS|  |TAMS 0x0000000084d00000, 0x0000000084e00000| Complete 
|  78|0x0000000084e00000, 0x0000000084f00000, 0x0000000084f00000|100%| O|  |TAMS 0x0000000084e00000, 0x0000000084f00000| Untracked 
|  79|0x0000000084f00000, 0x0000000085000000, 0x0000000085000000|100%|HS|  |TAMS 0x0000000084f00000, 0x0000000085000000| Complete 
|  80|0x0000000085000000, 0x0000000085100000, 0x0000000085100000|100%|HS|  |TAMS 0x0000000085000000, 0x0000000085100000| Complete 
|  81|0x0000000085100000, 0x0000000085200000, 0x0000000085200000|100%| O|  |TAMS 0x0000000085100000, 0x0000000085200000| Untracked 
|  82|0x0000000085200000, 0x0000000085300000, 0x0000000085300000|100%| O|  |TAMS 0x0000000085200000, 0x0000000085300000| Untracked 
|  83|0x0000000085300000, 0x0000000085400000, 0x0000000085400000|100%| O|  |TAMS 0x0000000085300000, 0x0000000085400000| Untracked 
|  84|0x0000000085400000, 0x0000000085500000, 0x0000000085500000|100%| O|  |TAMS 0x0000000085400000, 0x0000000085500000| Untracked 
|  85|0x0000000085500000, 0x0000000085600000, 0x0000000085600000|100%| O|  |TAMS 0x0000000085500000, 0x0000000085600000| Untracked 
|  86|0x0000000085600000, 0x0000000085700000, 0x0000000085700000|100%| O|  |TAMS 0x0000000085600000, 0x0000000085700000| Untracked 
|  87|0x0000000085700000, 0x0000000085800000, 0x0000000085800000|100%| O|  |TAMS 0x0000000085700000, 0x0000000085800000| Untracked 
|  88|0x0000000085800000, 0x0000000085900000, 0x0000000085900000|100%| O|  |TAMS 0x0000000085800000, 0x0000000085900000| Untracked 
|  89|0x0000000085900000, 0x0000000085a00000, 0x0000000085a00000|100%| O|  |TAMS 0x0000000085900000, 0x0000000085a00000| Untracked 
|  90|0x0000000085a00000, 0x0000000085b00000, 0x0000000085b00000|100%| O|  |TAMS 0x0000000085a00000, 0x0000000085b00000| Untracked 
|  91|0x0000000085b00000, 0x0000000085c00000, 0x0000000085c00000|100%| O|  |TAMS 0x0000000085b00000, 0x0000000085c00000| Untracked 
|  92|0x0000000085c00000, 0x0000000085d00000, 0x0000000085d00000|100%| O|  |TAMS 0x0000000085c00000, 0x0000000085d00000| Untracked 
|  93|0x0000000085d00000, 0x0000000085e00000, 0x0000000085e00000|100%| O|  |TAMS 0x0000000085d00000, 0x0000000085e00000| Untracked 
|  94|0x0000000085e00000, 0x0000000085f00000, 0x0000000085f00000|100%| O|  |TAMS 0x0000000085e00000, 0x0000000085f00000| Untracked 
|  95|0x0000000085f00000, 0x0000000086000000, 0x0000000086000000|100%| O|  |TAMS 0x0000000085f00000, 0x0000000086000000| Untracked 
|  96|0x0000000086000000, 0x0000000086100000, 0x0000000086100000|100%| O|  |TAMS 0x0000000086000000, 0x0000000086100000| Untracked 
|  97|0x0000000086100000, 0x0000000086200000, 0x0000000086200000|100%| O|  |TAMS 0x0000000086100000, 0x0000000086200000| Untracked 
|  98|0x0000000086200000, 0x0000000086300000, 0x0000000086300000|100%| O|  |TAMS 0x0000000086200000, 0x0000000086300000| Untracked 
|  99|0x0000000086300000, 0x0000000086400000, 0x0000000086400000|100%| O|  |TAMS 0x0000000086300000, 0x0000000086400000| Untracked 
| 100|0x0000000086400000, 0x0000000086500000, 0x0000000086500000|100%| O|  |TAMS 0x0000000086400000, 0x0000000086500000| Untracked 
| 101|0x0000000086500000, 0x0000000086600000, 0x0000000086600000|100%| O|  |TAMS 0x0000000086500000, 0x0000000086600000| Untracked 
| 102|0x0000000086600000, 0x0000000086700000, 0x0000000086700000|100%| O|  |TAMS 0x0000000086600000, 0x0000000086700000| Untracked 
| 103|0x0000000086700000, 0x0000000086800000, 0x0000000086800000|100%| O|  |TAMS 0x0000000086700000, 0x0000000086800000| Untracked 
| 104|0x0000000086800000, 0x0000000086900000, 0x0000000086900000|100%| O|  |TAMS 0x0000000086800000, 0x0000000086800000| Untracked 
| 105|0x0000000086900000, 0x0000000086a00000, 0x0000000086a00000|100%| O|  |TAMS 0x0000000086900000, 0x0000000086900000| Untracked 
| 106|0x0000000086a00000, 0x0000000086b00000, 0x0000000086b00000|100%| O|  |TAMS 0x0000000086a00000, 0x0000000086a00000| Untracked 
| 107|0x0000000086b00000, 0x0000000086c00000, 0x0000000086c00000|100%| O|  |TAMS 0x0000000086b00000, 0x0000000086b00000| Untracked 
| 108|0x0000000086c00000, 0x0000000086d00000, 0x0000000086d00000|100%| O|  |TAMS 0x0000000086c00000, 0x0000000086d00000| Untracked 
| 109|0x0000000086d00000, 0x0000000086e00000, 0x0000000086e00000|100%| O|  |TAMS 0x0000000086d00000, 0x0000000086e00000| Untracked 
| 110|0x0000000086e00000, 0x0000000086f00000, 0x0000000086f00000|100%| O|  |TAMS 0x0000000086e00000, 0x0000000086e00000| Untracked 
| 111|0x0000000086f00000, 0x0000000087000000, 0x0000000087000000|100%| O|  |TAMS 0x0000000086f00000, 0x0000000086f00000| Untracked 
| 112|0x0000000087000000, 0x0000000087100000, 0x0000000087100000|100%| O|  |TAMS 0x0000000087000000, 0x0000000087100000| Untracked 
| 113|0x0000000087100000, 0x0000000087200000, 0x0000000087200000|100%| O|  |TAMS 0x0000000087100000, 0x0000000087200000| Untracked 
| 114|0x0000000087200000, 0x0000000087300000, 0x0000000087300000|100%| O|  |TAMS 0x0000000087200000, 0x0000000087300000| Untracked 
| 115|0x0000000087300000, 0x0000000087400000, 0x0000000087400000|100%| O|  |TAMS 0x0000000087300000, 0x0000000087400000| Untracked 
| 116|0x0000000087400000, 0x0000000087500000, 0x0000000087500000|100%| O|  |TAMS 0x0000000087400000, 0x0000000087500000| Untracked 
| 117|0x0000000087500000, 0x0000000087600000, 0x0000000087600000|100%| O|  |TAMS 0x0000000087500000, 0x0000000087600000| Untracked 
| 118|0x0000000087600000, 0x0000000087700000, 0x0000000087700000|100%| O|  |TAMS 0x0000000087600000, 0x0000000087700000| Untracked 
| 119|0x0000000087700000, 0x0000000087800000, 0x0000000087800000|100%| O|  |TAMS 0x0000000087700000, 0x0000000087800000| Untracked 
| 120|0x0000000087800000, 0x0000000087900000, 0x0000000087900000|100%| O|  |TAMS 0x0000000087800000, 0x0000000087900000| Untracked 
| 121|0x0000000087900000, 0x0000000087a00000, 0x0000000087a00000|100%| O|  |TAMS 0x0000000087900000, 0x0000000087a00000| Untracked 
| 122|0x0000000087a00000, 0x0000000087b00000, 0x0000000087b00000|100%| O|  |TAMS 0x0000000087a00000, 0x0000000087b00000| Untracked 
| 123|0x0000000087b00000, 0x0000000087c00000, 0x0000000087c00000|100%| O|  |TAMS 0x0000000087b00000, 0x0000000087c00000| Untracked 
| 124|0x0000000087c00000, 0x0000000087d00000, 0x0000000087d00000|100%| O|  |TAMS 0x0000000087c00000, 0x0000000087c00000| Untracked 
| 125|0x0000000087d00000, 0x0000000087e00000, 0x0000000087e00000|100%| O|  |TAMS 0x0000000087d00000, 0x0000000087d00000| Untracked 
| 126|0x0000000087e00000, 0x0000000087f00000, 0x0000000087f00000|100%| O|  |TAMS 0x0000000087e00000, 0x0000000087e00000| Untracked 
| 127|0x0000000087f00000, 0x0000000088000000, 0x0000000088000000|100%| O|  |TAMS 0x0000000087f00000, 0x0000000087f00000| Untracked 
| 128|0x0000000088000000, 0x0000000088100000, 0x0000000088100000|100%| O|  |TAMS 0x0000000088000000, 0x0000000088000000| Untracked 
| 129|0x0000000088100000, 0x0000000088200000, 0x0000000088200000|100%| O|  |TAMS 0x0000000088100000, 0x0000000088100000| Untracked 
| 130|0x0000000088200000, 0x0000000088300000, 0x0000000088300000|100%| O|  |TAMS 0x0000000088200000, 0x0000000088200000| Untracked 
| 131|0x0000000088300000, 0x0000000088400000, 0x0000000088400000|100%| O|  |TAMS 0x0000000088300000, 0x0000000088300000| Untracked 
| 132|0x0000000088400000, 0x0000000088500000, 0x0000000088500000|100%| O|  |TAMS 0x0000000088400000, 0x0000000088400000| Untracked 
| 133|0x0000000088500000, 0x0000000088600000, 0x0000000088600000|100%| O|  |TAMS 0x0000000088500000, 0x0000000088500000| Untracked 
| 134|0x0000000088600000, 0x0000000088700000, 0x0000000088700000|100%| O|  |TAMS 0x0000000088600000, 0x0000000088600000| Untracked 
| 135|0x0000000088700000, 0x0000000088800000, 0x0000000088800000|100%| O|  |TAMS 0x0000000088700000, 0x0000000088700000| Untracked 
| 136|0x0000000088800000, 0x0000000088900000, 0x0000000088900000|100%| O|  |TAMS 0x0000000088800000, 0x0000000088800000| Untracked 
| 137|0x0000000088900000, 0x0000000088a00000, 0x0000000088a00000|100%| O|  |TAMS 0x0000000088900000, 0x0000000088a00000| Untracked 
| 138|0x0000000088a00000, 0x0000000088b00000, 0x0000000088b00000|100%| O|  |TAMS 0x0000000088a00000, 0x0000000088b00000| Untracked 
| 139|0x0000000088b00000, 0x0000000088c00000, 0x0000000088c00000|100%| O|  |TAMS 0x0000000088b00000, 0x0000000088c00000| Untracked 
| 140|0x0000000088c00000, 0x0000000088d00000, 0x0000000088d00000|100%| O|  |TAMS 0x0000000088c00000, 0x0000000088d00000| Untracked 
| 141|0x0000000088d00000, 0x0000000088e00000, 0x0000000088e00000|100%| O|  |TAMS 0x0000000088d00000, 0x0000000088e00000| Untracked 
| 142|0x0000000088e00000, 0x0000000088f00000, 0x0000000088f00000|100%| O|  |TAMS 0x0000000088e00000, 0x0000000088f00000| Untracked 
| 143|0x0000000088f00000, 0x0000000089000000, 0x0000000089000000|100%| O|  |TAMS 0x0000000088f00000, 0x0000000089000000| Untracked 
| 144|0x0000000089000000, 0x0000000089100000, 0x0000000089100000|100%| O|  |TAMS 0x0000000089000000, 0x0000000089100000| Untracked 
| 145|0x0000000089100000, 0x0000000089200000, 0x0000000089200000|100%| O|  |TAMS 0x0000000089100000, 0x0000000089200000| Untracked 
| 146|0x0000000089200000, 0x0000000089300000, 0x0000000089300000|100%| O|  |TAMS 0x0000000089200000, 0x0000000089300000| Untracked 
| 147|0x0000000089300000, 0x0000000089400000, 0x0000000089400000|100%| O|  |TAMS 0x0000000089300000, 0x0000000089400000| Untracked 
| 148|0x0000000089400000, 0x0000000089500000, 0x0000000089500000|100%| O|  |TAMS 0x0000000089400000, 0x0000000089500000| Untracked 
| 149|0x0000000089500000, 0x0000000089600000, 0x0000000089600000|100%|HS|  |TAMS 0x0000000089500000, 0x0000000089500000| Complete 
| 150|0x0000000089600000, 0x0000000089700000, 0x0000000089700000|100%|HS|  |TAMS 0x0000000089600000, 0x0000000089600000| Complete 
| 151|0x0000000089700000, 0x0000000089800000, 0x0000000089800000|100%| O|  |TAMS 0x0000000089700000, 0x0000000089700000| Untracked 
| 152|0x0000000089800000, 0x0000000089900000, 0x0000000089900000|100%| O|  |TAMS 0x0000000089800000, 0x0000000089800000| Untracked 
| 153|0x0000000089900000, 0x0000000089a00000, 0x0000000089a00000|100%| O|  |TAMS 0x0000000089900000, 0x0000000089900000| Untracked 
| 154|0x0000000089a00000, 0x0000000089b00000, 0x0000000089b00000|100%| O|  |TAMS 0x0000000089a00000, 0x0000000089a00000| Untracked 
| 155|0x0000000089b00000, 0x0000000089c00000, 0x0000000089c00000|100%| O|  |TAMS 0x0000000089b00000, 0x0000000089b00000| Untracked 
| 156|0x0000000089c00000, 0x0000000089d00000, 0x0000000089d00000|100%| O|  |TAMS 0x0000000089c00000, 0x0000000089c00000| Untracked 
| 157|0x0000000089d00000, 0x0000000089d67c00, 0x0000000089e00000| 40%| O|  |TAMS 0x0000000089d00000, 0x0000000089d00000| Untracked 
| 158|0x0000000089e00000, 0x0000000089e00000, 0x0000000089f00000|  0%| F|  |TAMS 0x0000000089e00000, 0x0000000089e00000| Untracked 
| 159|0x0000000089f00000, 0x0000000089f00000, 0x000000008a000000|  0%| F|  |TAMS 0x0000000089f00000, 0x0000000089f00000| Untracked 
| 160|0x000000008a000000, 0x000000008a000000, 0x000000008a100000|  0%| F|  |TAMS 0x000000008a000000, 0x000000008a000000| Untracked 
| 161|0x000000008a100000, 0x000000008a100000, 0x000000008a200000|  0%| F|  |TAMS 0x000000008a100000, 0x000000008a100000| Untracked 
| 162|0x000000008a200000, 0x000000008a200000, 0x000000008a300000|  0%| F|  |TAMS 0x000000008a200000, 0x000000008a200000| Untracked 
| 163|0x000000008a300000, 0x000000008a300000, 0x000000008a400000|  0%| F|  |TAMS 0x000000008a300000, 0x000000008a300000| Untracked 
| 164|0x000000008a400000, 0x000000008a400000, 0x000000008a500000|  0%| F|  |TAMS 0x000000008a400000, 0x000000008a400000| Untracked 
| 165|0x000000008a500000, 0x000000008a500000, 0x000000008a600000|  0%| F|  |TAMS 0x000000008a500000, 0x000000008a500000| Untracked 
| 166|0x000000008a600000, 0x000000008a600000, 0x000000008a700000|  0%| F|  |TAMS 0x000000008a600000, 0x000000008a600000| Untracked 
| 167|0x000000008a700000, 0x000000008a700000, 0x000000008a800000|  0%| F|  |TAMS 0x000000008a700000, 0x000000008a700000| Untracked 
| 168|0x000000008a800000, 0x000000008a800000, 0x000000008a900000|  0%| F|  |TAMS 0x000000008a800000, 0x000000008a800000| Untracked 
| 169|0x000000008a900000, 0x000000008a900000, 0x000000008aa00000|  0%| F|  |TAMS 0x000000008a900000, 0x000000008a900000| Untracked 
| 170|0x000000008aa00000, 0x000000008aa00000, 0x000000008ab00000|  0%| F|  |TAMS 0x000000008aa00000, 0x000000008aa00000| Untracked 
| 171|0x000000008ab00000, 0x000000008ab00000, 0x000000008ac00000|  0%| F|  |TAMS 0x000000008ab00000, 0x000000008ab00000| Untracked 
| 172|0x000000008ac00000, 0x000000008ac00000, 0x000000008ad00000|  0%| F|  |TAMS 0x000000008ac00000, 0x000000008ac00000| Untracked 
| 173|0x000000008ad00000, 0x000000008ad00000, 0x000000008ae00000|  0%| F|  |TAMS 0x000000008ad00000, 0x000000008ad00000| Untracked 
| 174|0x000000008ae00000, 0x000000008ae00000, 0x000000008af00000|  0%| F|  |TAMS 0x000000008ae00000, 0x000000008ae00000| Untracked 
| 175|0x000000008af00000, 0x000000008af00000, 0x000000008b000000|  0%| F|  |TAMS 0x000000008af00000, 0x000000008af00000| Untracked 
| 176|0x000000008b000000, 0x000000008b000000, 0x000000008b100000|  0%| F|  |TAMS 0x000000008b000000, 0x000000008b000000| Untracked 
| 177|0x000000008b100000, 0x000000008b100000, 0x000000008b200000|  0%| F|  |TAMS 0x000000008b100000, 0x000000008b100000| Untracked 
| 178|0x000000008b200000, 0x000000008b200000, 0x000000008b300000|  0%| F|  |TAMS 0x000000008b200000, 0x000000008b200000| Untracked 
| 179|0x000000008b300000, 0x000000008b300000, 0x000000008b400000|  0%| F|  |TAMS 0x000000008b300000, 0x000000008b300000| Untracked 
| 180|0x000000008b400000, 0x000000008b400000, 0x000000008b500000|  0%| F|  |TAMS 0x000000008b400000, 0x000000008b400000| Untracked 
| 181|0x000000008b500000, 0x000000008b500000, 0x000000008b600000|  0%| F|  |TAMS 0x000000008b500000, 0x000000008b500000| Untracked 
| 182|0x000000008b600000, 0x000000008b600000, 0x000000008b700000|  0%| F|  |TAMS 0x000000008b600000, 0x000000008b600000| Untracked 
| 183|0x000000008b700000, 0x000000008b700000, 0x000000008b800000|  0%| F|  |TAMS 0x000000008b700000, 0x000000008b700000| Untracked 
| 184|0x000000008b800000, 0x000000008b800000, 0x000000008b900000|  0%| F|  |TAMS 0x000000008b800000, 0x000000008b800000| Untracked 
| 185|0x000000008b900000, 0x000000008b900000, 0x000000008ba00000|  0%| F|  |TAMS 0x000000008b900000, 0x000000008b900000| Untracked 
| 186|0x000000008ba00000, 0x000000008ba00000, 0x000000008bb00000|  0%| F|  |TAMS 0x000000008ba00000, 0x000000008ba00000| Untracked 
| 187|0x000000008bb00000, 0x000000008bb00000, 0x000000008bc00000|  0%| F|  |TAMS 0x000000008bb00000, 0x000000008bb00000| Untracked 
| 188|0x000000008bc00000, 0x000000008bc00000, 0x000000008bd00000|  0%| F|  |TAMS 0x000000008bc00000, 0x000000008bc00000| Untracked 
| 189|0x000000008bd00000, 0x000000008bd00000, 0x000000008be00000|  0%| F|  |TAMS 0x000000008bd00000, 0x000000008bd00000| Untracked 
| 190|0x000000008be00000, 0x000000008be00000, 0x000000008bf00000|  0%| F|  |TAMS 0x000000008be00000, 0x000000008be00000| Untracked 
| 191|0x000000008bf00000, 0x000000008bf00000, 0x000000008c000000|  0%| F|  |TAMS 0x000000008bf00000, 0x000000008bf00000| Untracked 
| 192|0x000000008c000000, 0x000000008c000000, 0x000000008c100000|  0%| F|  |TAMS 0x000000008c000000, 0x000000008c000000| Untracked 
| 193|0x000000008c100000, 0x000000008c100000, 0x000000008c200000|  0%| F|  |TAMS 0x000000008c100000, 0x000000008c100000| Untracked 
| 194|0x000000008c200000, 0x000000008c200000, 0x000000008c300000|  0%| F|  |TAMS 0x000000008c200000, 0x000000008c200000| Untracked 
| 195|0x000000008c300000, 0x000000008c300000, 0x000000008c400000|  0%| F|  |TAMS 0x000000008c300000, 0x000000008c300000| Untracked 
| 196|0x000000008c400000, 0x000000008c400000, 0x000000008c500000|  0%| F|  |TAMS 0x000000008c400000, 0x000000008c400000| Untracked 
| 197|0x000000008c500000, 0x000000008c500000, 0x000000008c600000|  0%| F|  |TAMS 0x000000008c500000, 0x000000008c500000| Untracked 
| 198|0x000000008c600000, 0x000000008c600000, 0x000000008c700000|  0%| F|  |TAMS 0x000000008c600000, 0x000000008c600000| Untracked 
| 199|0x000000008c700000, 0x000000008c700000, 0x000000008c800000|  0%| F|  |TAMS 0x000000008c700000, 0x000000008c700000| Untracked 
| 200|0x000000008c800000, 0x000000008c800000, 0x000000008c900000|  0%| F|  |TAMS 0x000000008c800000, 0x000000008c800000| Untracked 
| 201|0x000000008c900000, 0x000000008c900000, 0x000000008ca00000|  0%| F|  |TAMS 0x000000008c900000, 0x000000008c900000| Untracked 
| 202|0x000000008ca00000, 0x000000008cb00000, 0x000000008cb00000|100%| S|CS|TAMS 0x000000008ca00000, 0x000000008ca00000| Complete 
| 203|0x000000008cb00000, 0x000000008cc00000, 0x000000008cc00000|100%| S|CS|TAMS 0x000000008cb00000, 0x000000008cb00000| Complete 
| 204|0x000000008cc00000, 0x000000008cc00000, 0x000000008cd00000|  0%| F|  |TAMS 0x000000008cc00000, 0x000000008cc00000| Untracked 
| 205|0x000000008cd00000, 0x000000008cd00000, 0x000000008ce00000|  0%| F|  |TAMS 0x000000008cd00000, 0x000000008cd00000| Untracked 
| 206|0x000000008ce00000, 0x000000008ce00000, 0x000000008cf00000|  0%| F|  |TAMS 0x000000008ce00000, 0x000000008ce00000| Untracked 
| 207|0x000000008cf00000, 0x000000008cf00000, 0x000000008d000000|  0%| F|  |TAMS 0x000000008cf00000, 0x000000008cf00000| Untracked 
| 208|0x000000008d000000, 0x000000008d000000, 0x000000008d100000|  0%| F|  |TAMS 0x000000008d000000, 0x000000008d000000| Untracked 
| 209|0x000000008d100000, 0x000000008d100000, 0x000000008d200000|  0%| F|  |TAMS 0x000000008d100000, 0x000000008d100000| Untracked 
| 210|0x000000008d200000, 0x000000008d200000, 0x000000008d300000|  0%| F|  |TAMS 0x000000008d200000, 0x000000008d200000| Untracked 
| 211|0x000000008d300000, 0x000000008d300000, 0x000000008d400000|  0%| F|  |TAMS 0x000000008d300000, 0x000000008d300000| Untracked 
| 212|0x000000008d400000, 0x000000008d500000, 0x000000008d500000|100%| S|CS|TAMS 0x000000008d400000, 0x000000008d400000| Complete 
| 213|0x000000008d500000, 0x000000008d600000, 0x000000008d600000|100%| S|CS|TAMS 0x000000008d500000, 0x000000008d500000| Complete 
| 214|0x000000008d600000, 0x000000008d700000, 0x000000008d700000|100%| S|CS|TAMS 0x000000008d600000, 0x000000008d600000| Complete 
| 215|0x000000008d700000, 0x000000008d800000, 0x000000008d800000|100%| S|CS|TAMS 0x000000008d700000, 0x000000008d700000| Complete 
| 216|0x000000008d800000, 0x000000008d800000, 0x000000008d900000|  0%| F|  |TAMS 0x000000008d800000, 0x000000008d800000| Untracked 
| 217|0x000000008d900000, 0x000000008d900000, 0x000000008da00000|  0%| F|  |TAMS 0x000000008d900000, 0x000000008d900000| Untracked 
| 218|0x000000008da00000, 0x000000008da00000, 0x000000008db00000|  0%| F|  |TAMS 0x000000008da00000, 0x000000008da00000| Untracked 
| 219|0x000000008db00000, 0x000000008db00000, 0x000000008dc00000|  0%| F|  |TAMS 0x000000008db00000, 0x000000008db00000| Untracked 
| 220|0x000000008dc00000, 0x000000008dc00000, 0x000000008dd00000|  0%| F|  |TAMS 0x000000008dc00000, 0x000000008dc00000| Untracked 
| 221|0x000000008dd00000, 0x000000008dd00000, 0x000000008de00000|  0%| F|  |TAMS 0x000000008dd00000, 0x000000008dd00000| Untracked 
| 222|0x000000008de00000, 0x000000008de00000, 0x000000008df00000|  0%| F|  |TAMS 0x000000008de00000, 0x000000008de00000| Untracked 
| 223|0x000000008df00000, 0x000000008df00000, 0x000000008e000000|  0%| F|  |TAMS 0x000000008df00000, 0x000000008df00000| Untracked 
| 224|0x000000008e000000, 0x000000008e000000, 0x000000008e100000|  0%| F|  |TAMS 0x000000008e000000, 0x000000008e000000| Untracked 
| 225|0x000000008e100000, 0x000000008e100000, 0x000000008e200000|  0%| F|  |TAMS 0x000000008e100000, 0x000000008e100000| Untracked 
| 226|0x000000008e200000, 0x000000008e200000, 0x000000008e300000|  0%| F|  |TAMS 0x000000008e200000, 0x000000008e200000| Untracked 
| 227|0x000000008e300000, 0x000000008e300000, 0x000000008e400000|  0%| F|  |TAMS 0x000000008e300000, 0x000000008e300000| Untracked 
| 228|0x000000008e400000, 0x000000008e400000, 0x000000008e500000|  0%| F|  |TAMS 0x000000008e400000, 0x000000008e400000| Untracked 
| 229|0x000000008e500000, 0x000000008e500000, 0x000000008e600000|  0%| F|  |TAMS 0x000000008e500000, 0x000000008e500000| Untracked 
| 230|0x000000008e600000, 0x000000008e600000, 0x000000008e700000|  0%| F|  |TAMS 0x000000008e600000, 0x000000008e600000| Untracked 
| 231|0x000000008e700000, 0x000000008e700000, 0x000000008e800000|  0%| F|  |TAMS 0x000000008e700000, 0x000000008e700000| Untracked 
| 232|0x000000008e800000, 0x000000008e800000, 0x000000008e900000|  0%| F|  |TAMS 0x000000008e800000, 0x000000008e800000| Untracked 
| 233|0x000000008e900000, 0x000000008e900000, 0x000000008ea00000|  0%| F|  |TAMS 0x000000008e900000, 0x000000008e900000| Untracked 
| 234|0x000000008ea00000, 0x000000008ea00000, 0x000000008eb00000|  0%| F|  |TAMS 0x000000008ea00000, 0x000000008ea00000| Untracked 
| 235|0x000000008eb00000, 0x000000008eb00000, 0x000000008ec00000|  0%| F|  |TAMS 0x000000008eb00000, 0x000000008eb00000| Untracked 
| 236|0x000000008ec00000, 0x000000008ec00000, 0x000000008ed00000|  0%| F|  |TAMS 0x000000008ec00000, 0x000000008ec00000| Untracked 
| 237|0x000000008ed00000, 0x000000008ed00000, 0x000000008ee00000|  0%| F|  |TAMS 0x000000008ed00000, 0x000000008ed00000| Untracked 
| 238|0x000000008ee00000, 0x000000008ee00000, 0x000000008ef00000|  0%| F|  |TAMS 0x000000008ee00000, 0x000000008ee00000| Untracked 
| 239|0x000000008ef00000, 0x000000008ef00000, 0x000000008f000000|  0%| F|  |TAMS 0x000000008ef00000, 0x000000008ef00000| Untracked 
| 240|0x000000008f000000, 0x000000008f000000, 0x000000008f100000|  0%| F|  |TAMS 0x000000008f000000, 0x000000008f000000| Untracked 
| 241|0x000000008f100000, 0x000000008f100000, 0x000000008f200000|  0%| F|  |TAMS 0x000000008f100000, 0x000000008f100000| Untracked 
| 242|0x000000008f200000, 0x000000008f200000, 0x000000008f300000|  0%| F|  |TAMS 0x000000008f200000, 0x000000008f200000| Untracked 
| 243|0x000000008f300000, 0x000000008f300000, 0x000000008f400000|  0%| F|  |TAMS 0x000000008f300000, 0x000000008f300000| Untracked 
| 244|0x000000008f400000, 0x000000008f400000, 0x000000008f500000|  0%| F|  |TAMS 0x000000008f400000, 0x000000008f400000| Untracked 
| 245|0x000000008f500000, 0x000000008f500000, 0x000000008f600000|  0%| F|  |TAMS 0x000000008f500000, 0x000000008f500000| Untracked 
| 246|0x000000008f600000, 0x000000008f600000, 0x000000008f700000|  0%| F|  |TAMS 0x000000008f600000, 0x000000008f600000| Untracked 
| 247|0x000000008f700000, 0x000000008f700000, 0x000000008f800000|  0%| F|  |TAMS 0x000000008f700000, 0x000000008f700000| Untracked 
| 248|0x000000008f800000, 0x000000008f800000, 0x000000008f900000|  0%| F|  |TAMS 0x000000008f800000, 0x000000008f800000| Untracked 
| 249|0x000000008f900000, 0x000000008f900000, 0x000000008fa00000|  0%| F|  |TAMS 0x000000008f900000, 0x000000008f900000| Untracked 
| 250|0x000000008fa00000, 0x000000008fa00000, 0x000000008fb00000|  0%| F|  |TAMS 0x000000008fa00000, 0x000000008fa00000| Untracked 
| 251|0x000000008fb00000, 0x000000008fb00000, 0x000000008fc00000|  0%| F|  |TAMS 0x000000008fb00000, 0x000000008fb00000| Untracked 
| 252|0x000000008fc00000, 0x000000008fc00000, 0x000000008fd00000|  0%| F|  |TAMS 0x000000008fc00000, 0x000000008fc00000| Untracked 
| 253|0x000000008fd00000, 0x000000008fd00000, 0x000000008fe00000|  0%| F|  |TAMS 0x000000008fd00000, 0x000000008fd00000| Untracked 
| 254|0x000000008fe00000, 0x000000008fe00000, 0x000000008ff00000|  0%| F|  |TAMS 0x000000008fe00000, 0x000000008fe00000| Untracked 
| 255|0x000000008ff00000, 0x000000008ff00000, 0x0000000090000000|  0%| F|  |TAMS 0x000000008ff00000, 0x000000008ff00000| Untracked 
| 256|0x0000000090000000, 0x0000000090000000, 0x0000000090100000|  0%| F|  |TAMS 0x0000000090000000, 0x0000000090000000| Untracked 
| 257|0x0000000090100000, 0x0000000090100000, 0x0000000090200000|  0%| F|  |TAMS 0x0000000090100000, 0x0000000090100000| Untracked 
| 258|0x0000000090200000, 0x0000000090200000, 0x0000000090300000|  0%| F|  |TAMS 0x0000000090200000, 0x0000000090200000| Untracked 
| 259|0x0000000090300000, 0x0000000090300000, 0x0000000090400000|  0%| F|  |TAMS 0x0000000090300000, 0x0000000090300000| Untracked 
| 260|0x0000000090400000, 0x0000000090400000, 0x0000000090500000|  0%| F|  |TAMS 0x0000000090400000, 0x0000000090400000| Untracked 
| 261|0x0000000090500000, 0x0000000090500000, 0x0000000090600000|  0%| F|  |TAMS 0x0000000090500000, 0x0000000090500000| Untracked 
| 262|0x0000000090600000, 0x0000000090600000, 0x0000000090700000|  0%| F|  |TAMS 0x0000000090600000, 0x0000000090600000| Untracked 
| 263|0x0000000090700000, 0x0000000090700000, 0x0000000090800000|  0%| F|  |TAMS 0x0000000090700000, 0x0000000090700000| Untracked 
| 264|0x0000000090800000, 0x0000000090800000, 0x0000000090900000|  0%| F|  |TAMS 0x0000000090800000, 0x0000000090800000| Untracked 
| 265|0x0000000090900000, 0x0000000090900000, 0x0000000090a00000|  0%| F|  |TAMS 0x0000000090900000, 0x0000000090900000| Untracked 
| 266|0x0000000090a00000, 0x0000000090a00000, 0x0000000090b00000|  0%| F|  |TAMS 0x0000000090a00000, 0x0000000090a00000| Untracked 
| 267|0x0000000090b00000, 0x0000000090b00000, 0x0000000090c00000|  0%| F|  |TAMS 0x0000000090b00000, 0x0000000090b00000| Untracked 
| 268|0x0000000090c00000, 0x0000000090c00000, 0x0000000090d00000|  0%| F|  |TAMS 0x0000000090c00000, 0x0000000090c00000| Untracked 
| 269|0x0000000090d00000, 0x0000000090d00000, 0x0000000090e00000|  0%| F|  |TAMS 0x0000000090d00000, 0x0000000090d00000| Untracked 
| 270|0x0000000090e00000, 0x0000000090e00000, 0x0000000090f00000|  0%| F|  |TAMS 0x0000000090e00000, 0x0000000090e00000| Untracked 
| 271|0x0000000090f00000, 0x0000000090f00000, 0x0000000091000000|  0%| F|  |TAMS 0x0000000090f00000, 0x0000000090f00000| Untracked 
| 272|0x0000000091000000, 0x0000000091000000, 0x0000000091100000|  0%| F|  |TAMS 0x0000000091000000, 0x0000000091000000| Untracked 
|2040|0x00000000ff800000, 0x00000000ff900000, 0x00000000ff900000|100%| O|  |TAMS 0x00000000ff800000, 0x00000000ff900000| Untracked 
|2041|0x00000000ff900000, 0x00000000ffa00000, 0x00000000ffa00000|100%| O|  |TAMS 0x00000000ff900000, 0x00000000ffa00000| Untracked 
|2042|0x00000000ffa00000, 0x00000000ffb00000, 0x00000000ffb00000|100%| O|  |TAMS 0x00000000ffa00000, 0x00000000ffb00000| Untracked 
|2043|0x00000000ffb00000, 0x00000000ffc00000, 0x00000000ffc00000|100%| O|  |TAMS 0x00000000ffb00000, 0x00000000ffc00000| Untracked 
|2044|0x00000000ffc00000, 0x00000000ffd00000, 0x00000000ffd00000|100%| O|  |TAMS 0x00000000ffc00000, 0x00000000ffd00000| Untracked 
|2045|0x00000000ffd00000, 0x00000000ffe00000, 0x00000000ffe00000|100%| O|  |TAMS 0x00000000ffd00000, 0x00000000ffe00000| Untracked 
|2046|0x00000000ffe00000, 0x00000000fff00000, 0x00000000fff00000|100%| O|  |TAMS 0x00000000ffe00000, 0x00000000fff00000| Untracked 
|2047|0x00000000fff00000, 0x0000000100000000, 0x0000000100000000|100%| O|  |TAMS 0x00000000fff00000, 0x0000000100000000| Untracked 

Card table byte_map: [0x0000021b36cd0000,0x0000021b370d0000] _byte_map_base: 0x0000021b368d0000

Marking Bits (Prev, Next): (CMBitMap*) 0x0000021b23efbfe0, (CMBitMap*) 0x0000021b23efbfa0
 Prev Bits: [0x0000021b394d0000, 0x0000021b3b4d0000)
 Next Bits: [0x0000021b374d0000, 0x0000021b394d0000)

Polling page: 0x0000021b21e20000

Metaspace:

Usage:
  Non-class:     51.03 MB used.
      Class:      8.00 MB used.
       Both:     59.03 MB used.

Virtual space:
  Non-class space:       64.00 MB reserved,      51.31 MB ( 80%) committed,  1 nodes.
      Class space:        1.00 GB reserved,       8.25 MB ( <1%) committed,  1 nodes.
             Both:        1.06 GB reserved,      59.56 MB (  5%) committed. 

Chunk freelists:
   Non-Class:  12.13 MB
       Class:  7.81 MB
        Both:  19.94 MB

MaxMetaspaceSize: unlimited
CompressedClassSpaceSize: 1.00 GB
Initial GC threshold: 21.00 MB
Current GC threshold: 95.12 MB
CDS: off
MetaspaceReclaimPolicy: balanced
 - commit_granule_bytes: 65536.
 - commit_granule_words: 8192.
 - virtual_space_node_default_size: 8388608.
 - enlarge_chunks_in_place: 1.
 - new_chunks_are_fully_committed: 0.
 - uncommit_free_chunks: 1.
 - use_allocation_guard: 0.
 - handle_deallocations: 1.


Internal statistics:

num_allocs_failed_limit: 6.
num_arena_births: 650.
num_arena_deaths: 4.
num_vsnodes_births: 2.
num_vsnodes_deaths: 0.
num_space_committed: 953.
num_space_uncommitted: 0.
num_chunks_returned_to_freelist: 14.
num_chunks_taken_from_freelist: 2714.
num_chunk_merges: 3.
num_chunk_splits: 1760.
num_chunks_enlarged: 1202.
num_inconsistent_stats: 0.

CodeHeap 'non-profiled nmethods': size=120000Kb used=5258Kb max_used=5950Kb free=114742Kb
 bounds [0x0000021b2ee50000, 0x0000021b2f420000, 0x0000021b36380000]
CodeHeap 'profiled nmethods': size=120000Kb used=11796Kb max_used=13012Kb free=108203Kb
 bounds [0x0000021b27380000, 0x0000021b28040000, 0x0000021b2e8b0000]
CodeHeap 'non-nmethods': size=5760Kb used=2327Kb max_used=2438Kb free=3432Kb
 bounds [0x0000021b2e8b0000, 0x0000021b2eb20000, 0x0000021b2ee50000]
 total_blobs=7443 nmethods=6601 adapters=754
 compilation: enabled
              stopped_count=0, restarted_count=0
 full_count=0

Compilation events (20 events):
Event: 11.402 Thread 0x0000021b3e346460 8693       2       sun.nio.fs.WindowsPath::needsSlashWhenResolving (37 bytes)
Event: 11.403 Thread 0x0000021b3e346460 nmethod 8693 0x0000021b27d5af10 code [0x0000021b27d5b0c0, 0x0000021b27d5b2c8]
Event: 11.403 Thread 0x0000021b3e346460 8694       2       org.gradle.cache.internal.DefaultGlobalCacheLocations::isInsideGlobalCache (9 bytes)
Event: 11.403 Thread 0x0000021b3e346460 nmethod 8694 0x0000021b27d7c510 code [0x0000021b27d7c6a0, 0x0000021b27d7c7c8]
Event: 11.403 Thread 0x0000021b3e346460 8695       2       org.gradle.internal.file.FileHierarchySet$PrefixFileSet::contains (10 bytes)
Event: 11.403 Thread 0x0000021b3e346460 nmethod 8695 0x0000021b27d7c190 code [0x0000021b27d7c320, 0x0000021b27d7c448]
Event: 11.403 Thread 0x0000021b3e346460 8696       2       org.gradle.cache.internal.filelock.DefaultLockStateSerializer$SequenceNumberLockState::isDirty (27 bytes)
Event: 11.403 Thread 0x0000021b3e346460 nmethod 8696 0x0000021b27db2610 code [0x0000021b27db27a0, 0x0000021b27db28d8]
Event: 11.407 Thread 0x0000021b3e346460 8697   !   2       sun.nio.fs.WindowsDirectoryStream::close (59 bytes)
Event: 11.407 Thread 0x0000021b3e346460 nmethod 8697 0x0000021b27d86210 code [0x0000021b27d863e0, 0x0000021b27d866e8]
Event: 11.408 Thread 0x0000021b3e346460 8698       2       org.gradle.cache.internal.DefaultFileLockManager$DefaultFileLock::assertOpenAndIntegral (41 bytes)
Event: 11.408 Thread 0x0000021b3e346460 nmethod 8698 0x0000021b27d2c690 code [0x0000021b27d2c8c0, 0x0000021b27d2cfb8]
Event: 11.409 Thread 0x0000021b3e346460 8699       2       java.util.LinkedHashMap$LinkedEntrySet::size (8 bytes)
Event: 11.409 Thread 0x0000021b3e346460 nmethod 8699 0x0000021b27db2290 code [0x0000021b27db2420, 0x0000021b27db2538]
Event: 11.409 Thread 0x0000021b3e346460 8700       2       com.google.common.collect.ImmutableMapEntrySet$RegularEntrySet::iterator (8 bytes)
Event: 11.409 Thread 0x0000021b3e346460 nmethod 8700 0x0000021b27dd0690 code [0x0000021b27dd0820, 0x0000021b27dd0948]
Event: 11.409 Thread 0x0000021b3e346460 8701       2       java.nio.file.Paths::get (6 bytes)
Event: 11.410 Thread 0x0000021b3e346460 nmethod 8701 0x0000021b27e29810 code [0x0000021b27e299c0, 0x0000021b27e29b48]
Event: 11.410 Thread 0x0000021b3e346460 8702       2       sun.nio.fs.WindowsFileSystemProvider::newDirectoryStream (31 bytes)
Event: 11.410 Thread 0x0000021b3e346460 nmethod 8702 0x0000021b2798bd10 code [0x0000021b2798bf00, 0x0000021b2798c3a8]

GC Heap History (20 events):
Event: 8.460 GC heap after
{Heap after GC invocations=37 (full 0):
 garbage-first heap   total 232448K, used 81966K [0x0000000080000000, 0x0000000100000000)
  region size 1024K, 10 young (10240K), 10 survivors (10240K)
 Metaspace       used 59566K, committed 60032K, reserved 1114112K
  class space    used 8119K, committed 8320K, reserved 1048576K
}
Event: 8.615 GC heap before
{Heap before GC invocations=37 (full 0):
 garbage-first heap   total 232448K, used 197678K [0x0000000080000000, 0x0000000100000000)
  region size 1024K, 123 young (125952K), 10 survivors (10240K)
 Metaspace       used 59567K, committed 60032K, reserved 1114112K
  class space    used 8119K, committed 8320K, reserved 1048576K
}
Event: 8.621 GC heap after
{Heap after GC invocations=38 (full 0):
 garbage-first heap   total 232448K, used 83007K [0x0000000080000000, 0x0000000100000000)
  region size 1024K, 8 young (8192K), 8 survivors (8192K)
 Metaspace       used 59567K, committed 60032K, reserved 1114112K
  class space    used 8119K, committed 8320K, reserved 1048576K
}
Event: 8.780 GC heap before
{Heap before GC invocations=38 (full 0):
 garbage-first heap   total 232448K, used 199743K [0x0000000080000000, 0x0000000100000000)
  region size 1024K, 122 young (124928K), 8 survivors (8192K)
 Metaspace       used 59567K, committed 60032K, reserved 1114112K
  class space    used 8119K, committed 8320K, reserved 1048576K
}
Event: 8.785 GC heap after
{Heap after GC invocations=39 (full 0):
 garbage-first heap   total 279552K, used 83827K [0x0000000080000000, 0x0000000100000000)
  region size 1024K, 9 young (9216K), 9 survivors (9216K)
 Metaspace       used 59567K, committed 60032K, reserved 1114112K
  class space    used 8119K, committed 8320K, reserved 1048576K
}
Event: 9.485 GC heap before
{Heap before GC invocations=39 (full 0):
 garbage-first heap   total 279552K, used 243571K [0x0000000080000000, 0x0000000100000000)
  region size 1024K, 162 young (165888K), 9 survivors (9216K)
 Metaspace       used 59706K, committed 60160K, reserved 1114112K
  class space    used 8138K, committed 8320K, reserved 1048576K
}
Event: 9.487 GC heap after
{Heap after GC invocations=40 (full 0):
 garbage-first heap   total 279552K, used 77399K [0x0000000080000000, 0x0000000100000000)
  region size 1024K, 2 young (2048K), 2 survivors (2048K)
 Metaspace       used 59706K, committed 60160K, reserved 1114112K
  class space    used 8138K, committed 8320K, reserved 1048576K
}
Event: 9.795 GC heap before
{Heap before GC invocations=40 (full 0):
 garbage-first heap   total 279552K, used 245335K [0x0000000080000000, 0x0000000100000000)
  region size 1024K, 163 young (166912K), 2 survivors (2048K)
 Metaspace       used 59861K, committed 60352K, reserved 1114112K
  class space    used 8150K, committed 8384K, reserved 1048576K
}
Event: 9.798 GC heap after
{Heap after GC invocations=41 (full 0):
 garbage-first heap   total 279552K, used 77399K [0x0000000080000000, 0x0000000100000000)
  region size 1024K, 2 young (2048K), 2 survivors (2048K)
 Metaspace       used 59861K, committed 60352K, reserved 1114112K
  class space    used 8150K, committed 8384K, reserved 1048576K
}
Event: 10.176 GC heap before
{Heap before GC invocations=41 (full 0):
 garbage-first heap   total 279552K, used 247383K [0x0000000080000000, 0x0000000100000000)
  region size 1024K, 163 young (166912K), 2 survivors (2048K)
 Metaspace       used 60214K, committed 60672K, reserved 1114112K
  class space    used 8184K, committed 8384K, reserved 1048576K
}
Event: 10.181 GC heap after
{Heap after GC invocations=42 (full 0):
 garbage-first heap   total 279552K, used 87834K [0x0000000080000000, 0x0000000100000000)
  region size 1024K, 8 young (8192K), 8 survivors (8192K)
 Metaspace       used 60214K, committed 60672K, reserved 1114112K
  class space    used 8184K, committed 8384K, reserved 1048576K
}
Event: 10.676 GC heap before
{Heap before GC invocations=42 (full 0):
 garbage-first heap   total 279552K, used 240410K [0x0000000080000000, 0x0000000100000000)
  region size 1024K, 157 young (160768K), 8 survivors (8192K)
 Metaspace       used 60223K, committed 60672K, reserved 1114112K
  class space    used 8184K, committed 8384K, reserved 1048576K
}
Event: 10.683 GC heap after
{Heap after GC invocations=43 (full 0):
 garbage-first heap   total 279552K, used 95092K [0x0000000080000000, 0x0000000100000000)
  region size 1024K, 15 young (15360K), 15 survivors (15360K)
 Metaspace       used 60223K, committed 60672K, reserved 1114112K
  class space    used 8184K, committed 8384K, reserved 1048576K
}
Event: 10.985 GC heap before
{Heap before GC invocations=43 (full 0):
 garbage-first heap   total 279552K, used 236404K [0x0000000080000000, 0x0000000100000000)
  region size 1024K, 151 young (154624K), 15 survivors (15360K)
 Metaspace       used 60224K, committed 60672K, reserved 1114112K
  class space    used 8184K, committed 8384K, reserved 1048576K
}
Event: 11.003 GC heap after
{Heap after GC invocations=44 (full 0):
 garbage-first heap   total 279552K, used 112372K [0x0000000080000000, 0x0000000100000000)
  region size 1024K, 19 young (19456K), 19 survivors (19456K)
 Metaspace       used 60224K, committed 60672K, reserved 1114112K
  class space    used 8184K, committed 8384K, reserved 1048576K
}
Event: 11.228 GC heap before
{Heap before GC invocations=44 (full 0):
 garbage-first heap   total 279552K, used 226036K [0x0000000080000000, 0x0000000100000000)
  region size 1024K, 127 young (130048K), 19 survivors (19456K)
 Metaspace       used 60411K, committed 60992K, reserved 1114112K
  class space    used 8194K, committed 8448K, reserved 1048576K
}
Event: 11.271 GC heap after
{Heap after GC invocations=45 (full 0):
 garbage-first heap   total 287744K, used 157611K [0x0000000080000000, 0x0000000100000000)
  region size 1024K, 16 young (16384K), 16 survivors (16384K)
 Metaspace       used 60411K, committed 60992K, reserved 1114112K
  class space    used 8194K, committed 8448K, reserved 1048576K
}
Event: 11.325 GC heap before
{Heap before GC invocations=45 (full 0):
 garbage-first heap   total 287744K, used 219051K [0x0000000080000000, 0x0000000100000000)
  region size 1024K, 77 young (78848K), 16 survivors (16384K)
 Metaspace       used 60429K, committed 60992K, reserved 1114112K
  class space    used 8195K, committed 8448K, reserved 1048576K
}
Event: 11.343 GC heap after
{Heap after GC invocations=46 (full 0):
 garbage-first heap   total 287744K, used 168323K [0x0000000080000000, 0x0000000100000000)
  region size 1024K, 8 young (8192K), 8 survivors (8192K)
 Metaspace       used 60429K, committed 60992K, reserved 1114112K
  class space    used 8195K, committed 8448K, reserved 1048576K
}
Event: 11.411 GC heap before
{Heap before GC invocations=46 (full 0):
 garbage-first heap   total 287744K, used 228739K [0x0000000080000000, 0x0000000100000000)
  region size 1024K, 65 young (66560K), 8 survivors (8192K)
 Metaspace       used 60451K, committed 60992K, reserved 1114112K
  class space    used 8195K, committed 8448K, reserved 1048576K
}

Dll operation events (3 events):
Event: 0.004 Loaded shared library C:\Program Files\Android\Android Studio2\jbr\bin\java.dll
Event: 0.086 Loaded shared library C:\Program Files\Android\Android Studio2\jbr\bin\zip.dll
Event: 0.310 Loaded shared library C:\Program Files\Android\Android Studio2\jbr\bin\verify.dll

Deoptimization events (20 events):
Event: 11.303 Thread 0x0000021b445aa200 Uncommon trap: trap_request=0xffffff45 fr.pc=0x0000021b2f2ab3d4 relative=0x00000000000094b4
Event: 11.303 Thread 0x0000021b445aa200 Uncommon trap: reason=unstable_if action=reinterpret pc=0x0000021b2f2ab3d4 method=org.objectweb.asm.ClassReader.readCode(Lorg/objectweb/asm/MethodVisitor;Lorg/objectweb/asm/Context;I)V @ 2401 c2
Event: 11.303 Thread 0x0000021b445aa200 DEOPT PACKING pc=0x0000021b2f2ab3d4 sp=0x000000761d0f4080
Event: 11.303 Thread 0x0000021b445aa200 DEOPT UNPACKING pc=0x0000021b2e9069a3 sp=0x000000761d0f4008 mode 2
Event: 11.316 Thread 0x0000021b45ba4300 DEOPT PACKING pc=0x0000021b27f9b914 sp=0x00000076208fb220
Event: 11.316 Thread 0x0000021b45ba4300 DEOPT UNPACKING pc=0x0000021b2e907143 sp=0x00000076208fa6b8 mode 0
Event: 11.322 Thread 0x0000021b45ba6b80 DEOPT PACKING pc=0x0000021b27e46903 sp=0x00000076207fa640
Event: 11.322 Thread 0x0000021b45ba6b80 DEOPT UNPACKING pc=0x0000021b2e907143 sp=0x00000076207f9ae0 mode 0
Event: 11.374 Thread 0x0000021b45ba6b80 DEOPT PACKING pc=0x0000021b27c50e28 sp=0x00000076207fa590
Event: 11.374 Thread 0x0000021b45ba6b80 DEOPT UNPACKING pc=0x0000021b2e907143 sp=0x00000076207f9ca0 mode 0
Event: 11.378 Thread 0x0000021b45ba6b80 DEOPT PACKING pc=0x0000021b27e46903 sp=0x00000076207fa640
Event: 11.378 Thread 0x0000021b45ba6b80 DEOPT UNPACKING pc=0x0000021b2e907143 sp=0x00000076207f9ae0 mode 0
Event: 11.391 Thread 0x0000021b445aa200 DEOPT PACKING pc=0x0000021b27c51496 sp=0x000000761d0f3df0
Event: 11.391 Thread 0x0000021b445aa200 DEOPT UNPACKING pc=0x0000021b2e907143 sp=0x000000761d0f3500 mode 0
Event: 11.395 Thread 0x0000021b445aa200 DEOPT PACKING pc=0x0000021b27c51496 sp=0x000000761d0f3df0
Event: 11.395 Thread 0x0000021b445aa200 DEOPT UNPACKING pc=0x0000021b2e907143 sp=0x000000761d0f3500 mode 0
Event: 11.402 Thread 0x0000021b45ba6b80 DEOPT PACKING pc=0x0000021b27c50e28 sp=0x00000076207fa590
Event: 11.402 Thread 0x0000021b45ba6b80 DEOPT UNPACKING pc=0x0000021b2e907143 sp=0x00000076207f9ca0 mode 0
Event: 11.409 Thread 0x0000021b45ba6b80 DEOPT PACKING pc=0x0000021b27c50e28 sp=0x00000076207fa590
Event: 11.409 Thread 0x0000021b45ba6b80 DEOPT UNPACKING pc=0x0000021b2e907143 sp=0x00000076207f9ca0 mode 0

Classes unloaded (5 events):
Event: 5.346 Thread 0x0000021b3e2f0400 Unloading class 0x00000001006a8000 '_BuildScript_$_run_closure1'
Event: 5.346 Thread 0x0000021b3e2f0400 Unloading class 0x00000001006a4000 '_BuildScript_'
Event: 5.999 Thread 0x0000021b3e2f0400 Unloading class 0x0000000100744410 '_BuildScript_$_run_closure1$_closure2'
Event: 5.999 Thread 0x0000021b3e2f0400 Unloading class 0x0000000100744000 '_BuildScript_$_run_closure1'
Event: 5.999 Thread 0x0000021b3e2f0400 Unloading class 0x000000010073d800 '_BuildScript_'

Classes redefined (0 events):
No events

Internal exceptions (20 events):
Event: 10.079 Thread 0x0000021b460a58f0 Exception <a 'sun/nio/fs/WindowsException'{0x000000008a7bcd78}> (0x000000008a7bcd78) 
thrown [s\src\hotspot\share\prims\jni.cpp, line 531]
Event: 10.080 Thread 0x0000021b460a58f0 Exception <a 'sun/nio/fs/WindowsException'{0x000000008a7c8538}> (0x000000008a7c8538) 
thrown [s\src\hotspot\share\prims\jni.cpp, line 531]
Event: 10.085 Thread 0x0000021b445aa200 Exception <a 'java/lang/ClassNotFoundException'{0x000000008a7ed0a0}: ijInit10_bbgk2z296e8zmdxcc5w7sn9bdBeanInfo> (0x000000008a7ed0a0) 
thrown [s\src\hotspot\share\classfile\systemDictionary.cpp, line 256]
Event: 10.086 Thread 0x0000021b445aa200 Exception <a 'java/lang/ClassNotFoundException'{0x000000008a7f4350}: ijInit10_bbgk2z296e8zmdxcc5w7sn9bdCustomizer> (0x000000008a7f4350) 
thrown [s\src\hotspot\share\classfile\systemDictionary.cpp, line 256]
Event: 10.091 Thread 0x0000021b445aa200 Exception <a 'java/lang/ClassNotFoundException'{0x000000008a63e6b0}: ijInit10_bbgk2z296e8zmdxcc5w7sn9bd$_run_closure1BeanInfo> (0x000000008a63e6b0) 
thrown [s\src\hotspot\share\classfile\systemDictionary.cpp, line 256]
Event: 10.091 Thread 0x0000021b445aa200 Exception <a 'java/lang/ClassNotFoundException'{0x000000008a645da8}: ijInit10_bbgk2z296e8zmdxcc5w7sn9bd$_run_closure1Customizer> (0x000000008a645da8) 
thrown [s\src\hotspot\share\classfile\systemDictionary.cpp, line 256]
Event: 11.091 Thread 0x0000021b45ba6160 Implicit null exception at 0x0000021b2f0c1dae to 0x0000021b2f0c1f84
Event: 11.137 Thread 0x0000021b45ba6160 Implicit null exception at 0x0000021b2f0bed54 to 0x0000021b2f0bfaac
Event: 11.223 Thread 0x0000021b45ba7090 Exception <a 'sun/nio/fs/WindowsException'{0x000000008b83cac8}> (0x000000008b83cac8) 
thrown [s\src\hotspot\share\prims\jni.cpp, line 531]
Event: 11.224 Thread 0x0000021b45ba6160 Exception <a 'sun/nio/fs/WindowsException'{0x000000008b4f6c08}> (0x000000008b4f6c08) 
thrown [s\src\hotspot\share\prims\jni.cpp, line 531]
Event: 11.225 Thread 0x0000021b45ba4300 Exception <a 'sun/nio/fs/WindowsException'{0x000000008a8156e0}> (0x000000008a8156e0) 
thrown [s\src\hotspot\share\prims\jni.cpp, line 531]
Event: 11.227 Thread 0x0000021b445aa200 Exception <a 'sun/nio/fs/WindowsException'{0x000000008ad227f0}> (0x000000008ad227f0) 
thrown [s\src\hotspot\share\prims\jni.cpp, line 531]
Event: 11.227 Thread 0x0000021b476f3f80 Exception <a 'sun/nio/fs/WindowsException'{0x000000008b298b90}> (0x000000008b298b90) 
thrown [s\src\hotspot\share\prims\jni.cpp, line 531]
Event: 11.281 Thread 0x0000021b45ba75a0 Exception <a 'sun/nio/fs/WindowsException'{0x00000000909114e8}> (0x00000000909114e8) 
thrown [s\src\hotspot\share\prims\jni.cpp, line 531]
Event: 11.285 Thread 0x0000021b45ba6b80 Exception <a 'sun/nio/fs/WindowsException'{0x000000009030fe78}> (0x000000009030fe78) 
thrown [s\src\hotspot\share\prims\jni.cpp, line 531]
Event: 11.302 Thread 0x0000021b45ba6160 Exception <a 'sun/nio/fs/WindowsException'{0x0000000090ba7a40}> (0x0000000090ba7a40) 
thrown [s\src\hotspot\share\prims\jni.cpp, line 531]
Event: 11.312 Thread 0x0000021b45ba7090 Exception <a 'sun/nio/fs/WindowsException'{0x000000008ec2bd80}> (0x000000008ec2bd80) 
thrown [s\src\hotspot\share\prims\jni.cpp, line 531]
Event: 11.316 Thread 0x0000021b476f3f80 Exception <a 'sun/nio/fs/WindowsException'{0x000000008e9a4f28}> (0x000000008e9a4f28) 
thrown [s\src\hotspot\share\prims\jni.cpp, line 531]
Event: 11.324 Thread 0x0000021b45ba4300 Exception <a 'sun/nio/fs/WindowsException'{0x000000008dd51520}> (0x000000008dd51520) 
thrown [s\src\hotspot\share\prims\jni.cpp, line 531]
Event: 11.397 Thread 0x0000021b45ba75a0 Exception <a 'sun/nio/fs/WindowsException'{0x000000008ee77828}> (0x000000008ee77828) 
thrown [s\src\hotspot\share\prims\jni.cpp, line 531]

VM Operations (20 events):
Event: 10.181 Executing VM operation: G1CollectForAllocation done
Event: 10.676 Executing VM operation: G1CollectForAllocation
Event: 10.683 Executing VM operation: G1CollectForAllocation done
Event: 10.985 Executing VM operation: G1CollectForAllocation
Event: 11.003 Executing VM operation: G1CollectForAllocation done
Event: 11.065 Executing VM operation: HandshakeAllThreads
Event: 11.066 Executing VM operation: HandshakeAllThreads done
Event: 11.082 Executing VM operation: HandshakeAllThreads
Event: 11.082 Executing VM operation: HandshakeAllThreads done
Event: 11.091 Executing VM operation: HandshakeAllThreads
Event: 11.092 Executing VM operation: HandshakeAllThreads done
Event: 11.116 Executing VM operation: ICBufferFull
Event: 11.116 Executing VM operation: ICBufferFull done
Event: 11.207 Executing VM operation: HandshakeAllThreads
Event: 11.208 Executing VM operation: HandshakeAllThreads done
Event: 11.228 Executing VM operation: G1CollectForAllocation
Event: 11.272 Executing VM operation: G1CollectForAllocation done
Event: 11.325 Executing VM operation: G1CollectForAllocation
Event: 11.344 Executing VM operation: G1CollectForAllocation done
Event: 11.410 Executing VM operation: G1CollectForAllocation

Events (20 events):
Event: 11.099 Thread 0x0000021b3e348d80 flushing nmethod 0x0000021b27ead310
Event: 11.099 Thread 0x0000021b3e348d80 flushing nmethod 0x0000021b27eb3190
Event: 11.099 Thread 0x0000021b3e348d80 flushing nmethod 0x0000021b27ebe490
Event: 11.099 Thread 0x0000021b3e348d80 flushing nmethod 0x0000021b27ec0190
Event: 11.099 Thread 0x0000021b3e348d80 flushing nmethod 0x0000021b27f0bd90
Event: 11.099 Thread 0x0000021b3e348d80 flushing nmethod 0x0000021b27f1b110
Event: 11.099 Thread 0x0000021b3e348d80 flushing nmethod 0x0000021b27f4e710
Event: 11.099 Thread 0x0000021b3e348d80 flushing nmethod 0x0000021b27fac710
Event: 11.099 Thread 0x0000021b3e348d80 flushing nmethod 0x0000021b27fc4190
Event: 11.099 Thread 0x0000021b3e348d80 flushing nmethod 0x0000021b27fc7590
Event: 11.099 Thread 0x0000021b3e348d80 flushing nmethod 0x0000021b27fc9b90
Event: 11.099 Thread 0x0000021b3e348d80 flushing nmethod 0x0000021b27fcab10
Event: 11.099 Thread 0x0000021b3e348d80 flushing nmethod 0x0000021b27fded90
Event: 11.099 Thread 0x0000021b3e348d80 flushing nmethod 0x0000021b27fea010
Event: 11.099 Thread 0x0000021b3e348d80 flushing nmethod 0x0000021b27febc90
Event: 11.099 Thread 0x0000021b3e348d80 flushing nmethod 0x0000021b27fee190
Event: 11.190 loading class java/util/concurrent/LinkedBlockingDeque$Itr
Event: 11.190 loading class java/util/concurrent/LinkedBlockingDeque$AbstractItr
Event: 11.191 loading class java/util/concurrent/LinkedBlockingDeque$AbstractItr done
Event: 11.191 loading class java/util/concurrent/LinkedBlockingDeque$Itr done


Dynamic libraries:
0x00007ff7617a0000 - 0x00007ff7617aa000 	C:\Program Files\Android\Android Studio2\jbr\bin\java.exe
0x00007ffff0c90000 - 0x00007ffff0e88000 	C:\Windows\SYSTEM32\ntdll.dll
0x00007fffef000000 - 0x00007fffef0c1000 	C:\Windows\System32\KERNEL32.DLL
0x00007fffee910000 - 0x00007fffeec06000 	C:\Windows\System32\KERNELBASE.dll
0x00007fffee460000 - 0x00007fffee560000 	C:\Windows\System32\ucrtbase.dll
0x00007fff83a90000 - 0x00007fff83aa7000 	C:\Program Files\Android\Android Studio2\jbr\bin\jli.dll
0x00007fffeb9d0000 - 0x00007fffeb9eb000 	C:\Program Files\Android\Android Studio2\jbr\bin\VCRUNTIME140.dll
0x00007ffff0660000 - 0x00007ffff07ff000 	C:\Windows\System32\USER32.dll
0x00007fffee8e0000 - 0x00007fffee902000 	C:\Windows\System32\win32u.dll
0x00007fffef2b0000 - 0x00007fffef2db000 	C:\Windows\System32\GDI32.dll
0x00007fffee340000 - 0x00007fffee457000 	C:\Windows\System32\gdi32full.dll
0x00007fffee650000 - 0x00007fffee6ed000 	C:\Windows\System32\msvcp_win.dll
0x00007fffe3be0000 - 0x00007fffe3e7a000 	C:\Windows\WinSxS\amd64_microsoft.windows.common-controls_6595b64144ccf1df_6.0.19041.4355_none_60b8b9eb71f62e16\COMCTL32.dll
0x00007fffeee40000 - 0x00007fffeeede000 	C:\Windows\System32\msvcrt.dll
0x00007ffff0020000 - 0x00007ffff004f000 	C:\Windows\System32\IMM32.DLL
0x00007fffeb690000 - 0x00007fffeb69c000 	C:\Program Files\Android\Android Studio2\jbr\bin\vcruntime140_1.dll
0x00007fffe0520000 - 0x00007fffe05ad000 	C:\Program Files\Android\Android Studio2\jbr\bin\msvcp140.dll
0x00007fff85d00000 - 0x00007fff86983000 	C:\Program Files\Android\Android Studio2\jbr\bin\server\jvm.dll
0x00007fffeecc0000 - 0x00007fffeed70000 	C:\Windows\System32\ADVAPI32.dll
0x00007fffeeee0000 - 0x00007fffeef80000 	C:\Windows\System32\sechost.dll
0x00007ffff04d0000 - 0x00007ffff05f3000 	C:\Windows\System32\RPCRT4.dll
0x00007fffee620000 - 0x00007fffee647000 	C:\Windows\System32\bcrypt.dll
0x00007fffedec0000 - 0x00007fffedf0b000 	C:\Windows\SYSTEM32\POWRPROF.dll
0x00007fffdd320000 - 0x00007fffdd347000 	C:\Windows\SYSTEM32\WINMM.dll
0x00007fffe9880000 - 0x00007fffe9889000 	C:\Windows\SYSTEM32\WSOCK32.dll
0x00007fffe8c30000 - 0x00007fffe8c3a000 	C:\Windows\SYSTEM32\VERSION.dll
0x00007fffeffb0000 - 0x00007ffff001b000 	C:\Windows\System32\WS2_32.dll
0x00007fffedea0000 - 0x00007fffedeb2000 	C:\Windows\SYSTEM32\UMPDC.dll
0x00007fffec1e0000 - 0x00007fffec1f2000 	C:\Windows\SYSTEM32\kernel.appcore.dll
0x00007fffe9870000 - 0x00007fffe987a000 	C:\Program Files\Android\Android Studio2\jbr\bin\jimage.dll
0x00007fffdb710000 - 0x00007fffdb8f4000 	C:\Windows\SYSTEM32\DBGHELP.DLL
0x00007fffcdf10000 - 0x00007fffcdf44000 	C:\Windows\SYSTEM32\dbgcore.DLL
0x00007fffee850000 - 0x00007fffee8d2000 	C:\Windows\System32\bcryptPrimitives.dll
0x00007fff856c0000 - 0x00007fff856ce000 	C:\Program Files\Android\Android Studio2\jbr\bin\instrument.dll
0x00007fff85cd0000 - 0x00007fff85cf5000 	C:\Program Files\Android\Android Studio2\jbr\bin\java.dll
0x00007fffe96a0000 - 0x00007fffe96b8000 	C:\Program Files\Android\Android Studio2\jbr\bin\zip.dll
0x00007fffef840000 - 0x00007fffeffac000 	C:\Windows\System32\SHELL32.dll
0x00007fffec3e0000 - 0x00007fffecb7e000 	C:\Windows\SYSTEM32\windows.storage.dll
0x00007ffff0170000 - 0x00007ffff04c3000 	C:\Windows\System32\combase.dll
0x00007fffedcf0000 - 0x00007fffedd1e000 	C:\Windows\SYSTEM32\Wldp.dll
0x00007fffeed70000 - 0x00007fffeee3d000 	C:\Windows\System32\OLEAUT32.dll
0x00007fffef200000 - 0x00007fffef2ad000 	C:\Windows\System32\SHCORE.dll
0x00007fffef750000 - 0x00007fffef7a5000 	C:\Windows\System32\shlwapi.dll
0x00007fffee270000 - 0x00007fffee294000 	C:\Windows\SYSTEM32\profapi.dll
0x00007fff85cb0000 - 0x00007fff85cc9000 	C:\Program Files\Android\Android Studio2\jbr\bin\net.dll
0x00007fffe8960000 - 0x00007fffe8a6a000 	C:\Windows\SYSTEM32\WINHTTP.dll
0x00007fffed9f0000 - 0x00007fffeda5a000 	C:\Windows\system32\mswsock.dll
0x00007fff85c90000 - 0x00007fff85ca6000 	C:\Program Files\Android\Android Studio2\jbr\bin\nio.dll
0x00007fff856d0000 - 0x00007fff856e0000 	C:\Program Files\Android\Android Studio2\jbr\bin\verify.dll
0x00007fffdeb60000 - 0x00007fffdeb87000 	C:\Users\Innovaneers Tech\.gradle\native\c067742578af261105cb4f569cf0c3c89f3d7b1fecec35dd04571415982c5e48\windows-amd64\native-platform.dll
0x00007fffb5a50000 - 0x00007fffb5b94000 	C:\Users\Innovaneers Tech\.gradle\native\100fb08df4bc3b14c8652ba06237920a3bd2aa13389f12d3474272988ae205f9\windows-amd64\native-platform-file-events.dll
0x00007fff84310000 - 0x00007fff84319000 	C:\Program Files\Android\Android Studio2\jbr\bin\management.dll
0x00007fff84020000 - 0x00007fff8402b000 	C:\Program Files\Android\Android Studio2\jbr\bin\management_ext.dll
0x00007fffeefe0000 - 0x00007fffeefe8000 	C:\Windows\System32\PSAPI.DLL
0x00007fffedc50000 - 0x00007fffedc68000 	C:\Windows\SYSTEM32\CRYPTSP.dll
0x00007fffed310000 - 0x00007fffed344000 	C:\Windows\system32\rsaenh.dll
0x00007fffee1e0000 - 0x00007fffee20e000 	C:\Windows\SYSTEM32\USERENV.dll
0x00007fffedc40000 - 0x00007fffedc4c000 	C:\Windows\SYSTEM32\CRYPTBASE.dll
0x00007fffed6d0000 - 0x00007fffed70b000 	C:\Windows\SYSTEM32\IPHLPAPI.DLL
0x00007fffeeff0000 - 0x00007fffeeff8000 	C:\Windows\System32\NSI.dll
0x00007fffe8cc0000 - 0x00007fffe8cd7000 	C:\Windows\SYSTEM32\dhcpcsvc6.DLL
0x00007fffe8ee0000 - 0x00007fffe8efd000 	C:\Windows\SYSTEM32\dhcpcsvc.DLL
0x00007fffed710000 - 0x00007fffed7da000 	C:\Windows\SYSTEM32\DNSAPI.dll
0x00007fff84370000 - 0x00007fff84379000 	C:\Program Files\Android\Android Studio2\jbr\bin\extnet.dll
0x00007fffc0030000 - 0x00007fffc0037000 	C:\Windows\system32\wshunix.dll
0x00007fffed430000 - 0x00007fffed463000 	C:\Windows\SYSTEM32\ntmarta.dll

dbghelp: loaded successfully - version: 4.0.5 - missing functions: none
symbol engine: initialized successfully - sym options: 0x614 - pdb path: .;C:\Program Files\Android\Android Studio2\jbr\bin;C:\Windows\SYSTEM32;C:\Windows\WinSxS\amd64_microsoft.windows.common-controls_6595b64144ccf1df_6.0.19041.4355_none_60b8b9eb71f62e16;C:\Program Files\Android\Android Studio2\jbr\bin\server;C:\Users\Innovaneers Tech\.gradle\native\c067742578af261105cb4f569cf0c3c89f3d7b1fecec35dd04571415982c5e48\windows-amd64;C:\Users\Innovaneers Tech\.gradle\native\100fb08df4bc3b14c8652ba06237920a3bd2aa13389f12d3474272988ae205f9\windows-amd64

VM Arguments:
jvm_args: --add-opens=java.base/java.util=ALL-UNNAMED --add-opens=java.base/java.lang=ALL-UNNAMED --add-opens=java.base/java.lang.invoke=ALL-UNNAMED --add-opens=java.prefs/java.util.prefs=ALL-UNNAMED --add-exports=jdk.compiler/com.sun.tools.javac.api=ALL-UNNAMED --add-exports=jdk.compiler/com.sun.tools.javac.util=ALL-UNNAMED --add-opens=java.base/java.nio.charset=ALL-UNNAMED --add-opens=java.base/java.net=ALL-UNNAMED --add-opens=java.base/java.util.concurrent.atomic=ALL-UNNAMED -Xmx2048m -Dfile.encoding=UTF-8 -Duser.country=IN -Duser.language=en -Duser.variant -javaagent:C:\Users\Innovaneers Tech\.gradle\wrapper\dists\gradle-8.9-bin\90cnw93cvbtalezasaz0blq0a\gradle-8.9\lib\agents\gradle-instrumentation-agent-8.9.jar 
java_command: org.gradle.launcher.daemon.bootstrap.GradleDaemon 8.9
java_class_path (initial): C:\Users\Innovaneers Tech\.gradle\wrapper\dists\gradle-8.9-bin\90cnw93cvbtalezasaz0blq0a\gradle-8.9\lib\gradle-daemon-main-8.9.jar
Launcher Type: SUN_STANDARD

[Global flags]
     intx CICompilerCount                          = 4                                         {product} {ergonomic}
     uint ConcGCThreads                            = 3                                         {product} {ergonomic}
     uint G1ConcRefinementThreads                  = 10                                        {product} {ergonomic}
   size_t G1HeapRegionSize                         = 1048576                                   {product} {ergonomic}
    uintx GCDrainStackTargetSize                   = 64                                        {product} {ergonomic}
   size_t InitialHeapSize                          = 266338304                                 {product} {ergonomic}
   size_t MarkStackSize                            = 4194304                                   {product} {ergonomic}
   size_t MaxHeapSize                              = 2147483648                                {product} {command line}
   size_t MaxNewSize                               = 1287651328                                {product} {ergonomic}
   size_t MinHeapDeltaBytes                        = 1048576                                   {product} {ergonomic}
   size_t MinHeapSize                              = 8388608                                   {product} {ergonomic}
    uintx NonNMethodCodeHeapSize                   = 5839372                                {pd product} {ergonomic}
    uintx NonProfiledCodeHeapSize                  = 122909434                              {pd product} {ergonomic}
    uintx ProfiledCodeHeapSize                     = 122909434                              {pd product} {ergonomic}
    uintx ReservedCodeCacheSize                    = 251658240                              {pd product} {ergonomic}
     bool SegmentedCodeCache                       = true                                      {product} {ergonomic}
   size_t SoftMaxHeapSize                          = 2147483648                             {manageable} {ergonomic}
     bool UseCompressedClassPointers               = true                           {product lp64_product} {ergonomic}
     bool UseCompressedOops                        = true                           {product lp64_product} {ergonomic}
     bool UseG1GC                                  = true                                      {product} {ergonomic}
     bool UseLargePagesIndividualAllocation        = false                                  {pd product} {ergonomic}

Logging:
Log output configuration:
 #0: stdout all=warning uptime,level,tags
 #1: stderr all=off uptime,level,tags

Environment Variables:
PATH=C:\Program Files\Common Files\Oracle\Java\javapath;C:\Program Files (x86)\Common Files\Intel\Shared Libraries\redist\intel64\compiler;C:\Windows\system32;C:\Windows;C:\Windows\System32\Wbem;C:\Windows\System32\WindowsPowerShell\v1.0\;C:\Windows\System32\OpenSSH\;C:\Program Files\Microsoft SQL Server\150\Tools\Binn\;C:\Program Files (x86)\NVIDIA Corporation\PhysX\Common;C:\Program Files\NVIDIA Corporation\NVIDIA NvDLISR;C:\Program Files\Microsoft SQL Server\130\Tools\Binn\;C:\Program Files\Microsoft SQL Server\Client SDK\ODBC\170\Tools\Binn\;C:\Program Files\dotnet\;C:\Program Files\nodejs\;C:\Users\Innovaneers Tech\AppData\Local\Microsoft\WindowsApps;C:\Users\Innovaneers Tech\AppData\Roaming\npm
USERNAME=Innovaneers Tech
OS=Windows_NT
PROCESSOR_IDENTIFIER=Intel64 Family 6 Model 165 Stepping 3, GenuineIntel
TMP=C:\Users\INNOVA~1\AppData\Local\Temp
TEMP=C:\Users\INNOVA~1\AppData\Local\Temp



Periodic native trim disabled

JNI global refs:
JNI global refs: 28, weak refs: 26

JNI global refs memory usage: 843, weak refs: 841

Process memory usage:
Resident Set Size: 496504K (2% of 16641784K total physical memory with 559204K free physical memory)

OOME stack traces (most recent first):
Classloader memory used:
Loader org.gradle.internal.classloader.VisitableURLClassLoader                         : 4063K
Loader bootstrap                                                                       : 2494K
Loader org.gradle.initialization.MixInLegacyTypesClassLoader                           : 782K
Loader org.gradle.internal.classloader.VisitableURLClassLoader                         : 81152B
Loader jdk.internal.loader.ClassLoaders$PlatformClassLoader                            : 66782B
Loader jdk.internal.reflect.DelegatingClassLoader                                      : 32207B
Loader jdk.internal.loader.ClassLoaders$AppClassLoader                                 : 28700B
Loader org.gradle.groovy.scripts.internal.DefaultScriptCompilationHandler$ScriptClassLoader: 8630B
Loader groovy.lang.GroovyClassLoader$InnerLoader                                       : 2450B
Loader org.codehaus.groovy.runtime.callsite.CallSiteClassLoader                        : 876B

Classes loaded by more than one classloader:
Class org.gradle.api.GradleException                                                  : loaded 3 times (x 80B)
Class org.gradle.util.GradleVersion                                                   : loaded 2 times (x 81B)
Class org.gradle.internal.classpath.ClassPath                                         : loaded 2 times (x 68B)
Class org.gradle.api.internal.classpath.DefaultModuleRegistry                         : loaded 2 times (x 81B)
Class org.gradle.internal.exceptions.NonGradleCauseExceptionsHolder                   : loaded 2 times (x 68B)
Class org.gradle.api.Action                                                           : loaded 2 times (x 68B)
Class org.gradle.api.internal.DefaultClassPathProvider                                : loaded 2 times (x 74B)
Class org.gradle.internal.installation.GradleInstallation$1                           : loaded 2 times (x 73B)
Class org.gradle.internal.exceptions.DefaultMultiCauseException                       : loaded 2 times (x 93B)
Class org.gradle.internal.time.MonotonicClock                                         : loaded 2 times (x 75B)
Class org.gradle.internal.classloader.FilteringClassLoader                            : loaded 2 times (x 103B)
Class org.gradle.internal.classpath.DefaultClassPath$ImmutableUniqueList$Builder      : loaded 2 times (x 73B)
Class org.gradle.internal.classloader.ClassLoaderVisitor                              : loaded 2 times (x 74B)
Class _BuildScript_                                                                   : loaded 2 times (x 171B)
Class org.gradle.internal.time.DefaultCountdownTimer                                  : loaded 2 times (x 86B)
Class _BuildScript_$_run_closure1                                                     : loaded 2 times (x 130B)
Class org.gradle.internal.service.DefaultServiceLocator                               : loaded 2 times (x 81B)
Class org.gradle.internal.service.UnknownServiceException                             : loaded 2 times (x 81B)
Class org.gradle.internal.classloader.DefaultClassLoaderFactory                       : loaded 2 times (x 80B)
Class org.gradle.internal.classloader.VisitableURLClassLoader$Spec                    : loaded 2 times (x 72B)
Class org.gradle.tooling.model.ProjectModel                                           : loaded 2 times (x 68B)
Class org.gradle.internal.installation.GradleInstallation                             : loaded 2 times (x 73B)
Class org.gradle.api.internal.classpath.ModuleRegistry                                : loaded 2 times (x 68B)
Class kotlin.jvm.internal.markers.KMappedMarker                                       : loaded 2 times (x 68B)
Class org.gradle.api.internal.ClassPathProvider                                       : loaded 2 times (x 68B)
Class org.gradle.internal.classloader.ClasspathUtil$1                                 : loaded 2 times (x 74B)
Class org.gradle.internal.classloader.ClassLoaderFactory                              : loaded 2 times (x 68B)
Class org.gradle.api.internal.classpath.ManifestUtil                                  : loaded 2 times (x 69B)
Class org.gradle.api.specs.Spec                                                       : loaded 2 times (x 68B)
Class org.gradle.internal.IoActions                                                   : loaded 2 times (x 69B)
Class org.gradle.api.internal.classpath.EffectiveClassPath                            : loaded 2 times (x 88B)
Class org.gradle.internal.exceptions.ResolutionProvider                               : loaded 2 times (x 68B)
Class org.gradle.internal.installation.CurrentGradleInstallation                      : loaded 2 times (x 71B)
Class org.gradle.internal.agents.InstrumentingClassLoader                             : loaded 2 times (x 68B)
Class org.gradle.internal.installation.CurrentGradleInstallationLocator               : loaded 2 times (x 69B)
Class org.gradle.api.internal.classpath.Module                                        : loaded 2 times (x 68B)
Class org.gradle.internal.service.CachingServiceLocator                               : loaded 2 times (x 80B)
Class org.gradle.internal.time.Timer                                                  : loaded 2 times (x 68B)
Class org.gradle.internal.classpath.DefaultClassPath                                  : loaded 2 times (x 88B)
Class sync_studio_tooling22172_cfa3zhvkr8zjt72figomd48wn$_run_closure1                : loaded 2 times (x 137B)
Class org.gradle.internal.time.Time                                                   : loaded 2 times (x 69B)
Class org.gradle.internal.time.TimeSource$1                                           : loaded 2 times (x 75B)
Class org.gradle.internal.classloader.SystemClassLoaderSpec                           : loaded 2 times (x 69B)
Class kotlin.Function                                                                 : loaded 2 times (x 68B)
Class org.gradle.api.UncheckedIOException                                             : loaded 2 times (x 80B)
Class org.gradle.internal.time.CountdownTimer                                         : loaded 2 times (x 68B)
Class org.gradle.internal.time.Clock                                                  : loaded 2 times (x 68B)
Class org.gradle.internal.classloader.ClasspathUtil                                   : loaded 2 times (x 69B)
Class org.gradle.api.internal.DefaultClassPathRegistry                                : loaded 2 times (x 74B)
Class org.gradle.api.internal.classpath.DefaultModuleRegistry$DefaultModule           : loaded 2 times (x 84B)
Class org.gradle.internal.time.TimeSource                                             : loaded 2 times (x 68B)
Class org.gradle.api.internal.classpath.UnknownModuleException                        : loaded 2 times (x 80B)
Class org.gradle.internal.service.ServiceLookupException                              : loaded 2 times (x 80B)
Class [Lorg.gradle.api.internal.ClassPathProvider;                                    : loaded 2 times (x 67B)
Class org.gradle.internal.operations.MultipleBuildOperationFailures                   : loaded 2 times (x 93B)
Class org.gradle.util.internal.GUtil                                                  : loaded 2 times (x 69B)
Class org.gradle.internal.classloader.ClassLoaderSpec                                 : loaded 2 times (x 69B)
Class org.gradle.internal.classloader.VisitableURLClassLoader                         : loaded 2 times (x 115B)
Class org.gradle.internal.Cast                                                        : loaded 2 times (x 69B)
Class org.gradle.api.internal.ClassPathRegistry                                       : loaded 2 times (x 68B)
Class org.gradle.internal.classloader.VisitableURLClassLoader$InstrumentingVisitableURLClassLoader: loaded 2 times (x 121B)
Class org.gradle.internal.classloader.ClassLoaderHierarchy                            : loaded 2 times (x 68B)
Class org.gradle.internal.exceptions.MultiCauseException                              : loaded 2 times (x 68B)
Class org.gradle.internal.InternalTransformer                                         : loaded 2 times (x 68B)
Class org.gradle.internal.service.ServiceLocator                                      : loaded 2 times (x 68B)
Class sync_studio_tooling22172_cfa3zhvkr8zjt72figomd48wn                              : loaded 2 times (x 177B)
Class org.gradle.internal.classpath.DefaultClassPath$ImmutableUniqueList              : loaded 2 times (x 159B)
Class org.gradle.internal.time.DefaultTimer                                           : loaded 2 times (x 78B)
Class org.gradle.internal.classpath.TransformedClassPath                              : loaded 2 times (x 94B)


---------------  S Y S T E M  ---------------

OS:
 Windows 10 , 64 bit Build 19041 (10.0.19041.4597)
OS uptime: 0 days 6:37 hours

CPU: total 12 (initial active 12) (6 cores per cpu, 2 threads per core) family 6 model 165 stepping 3 microcode 0xea, cx8, cmov, fxsr, ht, mmx, 3dnowpref, sse, sse2, sse3, ssse3, sse4.1, sse4.2, popcnt, lzcnt, tsc, tscinvbit, avx, avx2, aes, erms, clmul, bmi1, bmi2, adx, fma, vzeroupper, clflush, clflushopt
Processor Information for all 12 processors :
  Max Mhz: 2904, Current Mhz: 2904, Mhz Limit: 2904

Memory: 4k page, system-wide physical 16251M (546M free)
TotalPageFile size 23251M (AvailPageFile size 117M)
current process WorkingSet (physical memory assigned to process): 485M, peak: 494M
current process commit charge ("private bytes"): 528M, peak: 810M

vm_info: OpenJDK 64-Bit Server VM (17.0.11+0--11852314) for windows-amd64 JRE (17.0.11+0--11852314), built on May 16 2024 21:29:20 by "androidbuild" with MS VC++ 16.10 / 16.11 (VS2019)

END.
